-- Found ament_cmake: 1.3.10 (/opt/ros/humble/share/ament_cmake/cmake)
-- Found rclcpp: 16.0.10 (/opt/ros/humble/share/rclcpp/cmake)
-- Found rosidl_generator_c: 3.1.5 (/opt/ros/humble/share/rosidl_generator_c/cmake)
-- Found rosidl_adapter: 3.1.5 (/opt/ros/humble/share/rosidl_adapter/cmake)
-- Found rosidl_generator_cpp: 3.1.5 (/opt/ros/humble/share/rosidl_generator_cpp/cmake)
-- Using all available rosidl_typesupport_c: rosidl_typesupport_fastrtps_c;rosidl_typesupport_introspection_c
-- Using all available rosidl_typesupport_cpp: rosidl_typesupport_fastrtps_cpp;rosidl_typesupport_introspection_cpp
-- Found rmw_implementation_cmake: 6.1.2 (/opt/ros/humble/share/rmw_implementation_cmake/cmake)
-- Found rmw_fastrtps_cpp: 6.2.7 (/opt/ros/humble/share/rmw_fastrtps_cpp/cmake)
-- Using RMW implementation 'rmw_fastrtps_cpp' as default
-- Configuring done
-- Generating done
-- Build files have been written to: /home/kwasi/soft_robotics_ws/build/soft_robot_control
[ 50%] [32mBuilding CXX object CMakeFiles/force_sensor_data_reader.dir/soft_robot_control/force_sensor_data_reader.cpp.o[0m
[01m[K/home/kwasi/soft_robotics_ws/src/soft_robot_control/soft_robot_control/force_sensor_data_reader.cpp:10:10:[m[K [01;31m[Kfatal error: [m[Kros/ros.h: No such file or directory
   10 | #include [01;31m[K<ros/ros.h>[m[K
      |          [01;31m[K^~~~~~~~~~~[m[K
compilation terminated.
gmake[2]: *** [CMakeFiles/force_sensor_data_reader.dir/build.make:76: CMakeFiles/force_sensor_data_reader.dir/soft_robot_control/force_sensor_data_reader.cpp.o] Error 1
gmake[1]: *** [CMakeFiles/Makefile2:137: CMakeFiles/force_sensor_data_reader.dir/all] Error 2
gmake: *** [Makefile:146: all] Error 2
