[0.136s] Invoking command in '/home/kwasi/soft_robotics_ws/build/soft_robot_control': CMAKE_PREFIX_PATH=${CMAKE_PREFIX_PATH}:/home/kwasi/mower_sim_ws/install/mower_sim:/home/kwasi/depth_camera_ws/install/depth_camera:/opt/ros/humble /usr/bin/cmake --build /home/kwasi/soft_robotics_ws/build/soft_robot_control -- -j2 -l2
[0.317s] -- Found ament_cmake: 1.3.10 (/opt/ros/humble/share/ament_cmake/cmake)
[2.440s] -- Found rclcpp: 16.0.10 (/opt/ros/humble/share/rclcpp/cmake)
[2.662s] -- Found rosidl_generator_c: 3.1.5 (/opt/ros/humble/share/rosidl_generator_c/cmake)
[2.684s] -- Found rosidl_adapter: 3.1.5 (/opt/ros/humble/share/rosidl_adapter/cmake)
[2.733s] -- Found rosidl_generator_cpp: 3.1.5 (/opt/ros/humble/share/rosidl_generator_cpp/cmake)
[2.818s] -- Using all available rosidl_typesupport_c: rosidl_typesupport_fastrtps_c;rosidl_typesupport_introspection_c
[2.934s] -- Using all available rosidl_typesupport_cpp: rosidl_typesupport_fastrtps_cpp;rosidl_typesupport_introspection_cpp
[3.206s] -- Found rmw_implementation_cmake: 6.1.2 (/opt/ros/humble/share/rmw_implementation_cmake/cmake)
[3.217s] -- Found rmw_fastrtps_cpp: 6.2.7 (/opt/ros/humble/share/rmw_fastrtps_cpp/cmake)
[3.943s] -- Using RMW implementation 'rmw_fastrtps_cpp' as default
[5.661s] -- Configuring done
[5.738s] -- Generating done
[5.752s] -- Build files have been written to: /home/kwasi/soft_robotics_ws/build/soft_robot_control
[5.995s] [ 50%] [32mBuilding CXX object CMakeFiles/force_sensor_data_reader.dir/soft_robot_control/force_sensor_data_reader.cpp.o[0m
[7.236s] [01m[K/home/kwasi/soft_robotics_ws/src/soft_robot_control/soft_robot_control/force_sensor_data_reader.cpp:10:10:[m[K [01;31m[Kfatal error: [m[Kros/ros.h: No such file or directory
[7.237s]    10 | #include [01;31m[K<ros/ros.h>[m[K
[7.238s]       |          [01;31m[K^~~~~~~~~~~[m[K
[7.239s] compilation terminated.
[7.277s] gmake[2]: *** [CMakeFiles/force_sensor_data_reader.dir/build.make:76: CMakeFiles/force_sensor_data_reader.dir/soft_robot_control/force_sensor_data_reader.cpp.o] Error 1
[7.283s] gmake[1]: *** [CMakeFiles/Makefile2:137: CMakeFiles/force_sensor_data_reader.dir/all] Error 2
[7.284s] gmake: *** [Makefile:146: all] Error 2
[7.285s] Invoked command in '/home/kwasi/soft_robotics_ws/build/soft_robot_control' returned '2': CMAKE_PREFIX_PATH=${CMAKE_PREFIX_PATH}:/home/kwasi/mower_sim_ws/install/mower_sim:/home/kwasi/depth_camera_ws/install/depth_camera:/opt/ros/humble /usr/bin/cmake --build /home/kwasi/soft_robotics_ws/build/soft_robot_control -- -j2 -l2
