[2.147s] DEBUG:colcon:Command line arguments: ['/usr/bin/colcon', 'build']
[2.148s] DEBUG:colcon:Parsed command line arguments: Namespace(log_base=None, log_level=None, verb_name='build', build_base='build', install_base='install', merge_install=False, symlink_install=False, test_result_base=None, continue_on_error=False, executor='parallel', parallel_workers=2, event_handlers=None, ignore_user_meta=False, metas=['./colcon.meta'], base_paths=['.'], packages_ignore=None, packages_ignore_regex=None, paths=None, packages_up_to=None, packages_up_to_regex=None, packages_above=None, packages_above_and_dependencies=None, packages_above_depth=None, packages_select_by_dep=None, packages_skip_by_dep=None, packages_skip_up_to=None, packages_select_build_failed=False, packages_skip_build_finished=False, packages_select_test_failures=False, packages_skip_test_passed=False, packages_select=None, packages_skip=None, packages_select_regex=None, packages_skip_regex=None, packages_start=None, packages_end=None, allow_overriding=[], cmake_args=None, cmake_target=None, cmake_target_skip_unavailable=False, cmake_clean_cache=False, cmake_clean_first=False, cmake_force_configure=False, ament_cmake_args=None, catkin_cmake_args=None, catkin_skip_building_tests=False, mixin_files=None, mixin=None, verb_parser=<colcon_mixin.mixin.mixin_argument.MixinArgumentDecorator object at 0x72444be7c7c0>, verb_extension=<colcon_core.verb.build.BuildVerb object at 0x72444be7c310>, main=<bound method BuildVerb.main of <colcon_core.verb.build.BuildVerb object at 0x72444be7c310>>, mixin_verb=('build',))
[4.642s] Level 1:colcon.colcon_core.package_discovery:discover_packages(colcon_meta) check parameters
[4.642s] Level 1:colcon.colcon_core.package_discovery:discover_packages(recursive) check parameters
[4.643s] Level 1:colcon.colcon_core.package_discovery:discover_packages(ignore) check parameters
[4.643s] Level 1:colcon.colcon_core.package_discovery:discover_packages(path) check parameters
[4.643s] Level 1:colcon.colcon_core.package_discovery:discover_packages(colcon_meta) discover
[4.644s] Level 1:colcon.colcon_core.package_discovery:discover_packages(recursive) discover
[4.644s] INFO:colcon.colcon_core.package_discovery:Crawling recursively for packages in '/home/kwasi/soft_robotics_ws'
[4.645s] Level 1:colcon.colcon_core.package_identification:_identify(.) by extensions ['ignore', 'ignore_ament_install']
[4.645s] Level 1:colcon.colcon_core.package_identification:_identify(.) by extension 'ignore'
[4.646s] Level 1:colcon.colcon_core.package_identification:_identify(.) by extension 'ignore_ament_install'
[4.646s] Level 1:colcon.colcon_core.package_identification:_identify(.) by extensions ['colcon_pkg']
[4.647s] Level 1:colcon.colcon_core.package_identification:_identify(.) by extension 'colcon_pkg'
[4.647s] Level 1:colcon.colcon_core.package_identification:_identify(.) by extensions ['colcon_meta']
[4.647s] Level 1:colcon.colcon_core.package_identification:_identify(.) by extension 'colcon_meta'
[4.648s] Level 1:colcon.colcon_core.package_identification:_identify(.) by extensions ['ros']
[4.648s] Level 1:colcon.colcon_core.package_identification:_identify(.) by extension 'ros'
[4.737s] Level 1:colcon.colcon_core.package_identification:_identify(.) by extensions ['cmake', 'python']
[4.737s] Level 1:colcon.colcon_core.package_identification:_identify(.) by extension 'cmake'
[4.738s] Level 1:colcon.colcon_core.package_identification:_identify(.) by extension 'python'
[4.739s] Level 1:colcon.colcon_core.package_identification:_identify(.) by extensions ['python_setup_py']
[4.739s] Level 1:colcon.colcon_core.package_identification:_identify(.) by extension 'python_setup_py'
[4.748s] Level 1:colcon.colcon_core.package_identification:_identify(build) by extensions ['ignore', 'ignore_ament_install']
[4.749s] Level 1:colcon.colcon_core.package_identification:_identify(build) by extension 'ignore'
[4.750s] Level 1:colcon.colcon_core.package_identification:_identify(build) ignored
[4.755s] Level 1:colcon.colcon_core.package_identification:_identify(force_sensor_code) by extensions ['ignore', 'ignore_ament_install']
[4.755s] Level 1:colcon.colcon_core.package_identification:_identify(force_sensor_code) by extension 'ignore'
[4.756s] Level 1:colcon.colcon_core.package_identification:_identify(force_sensor_code) by extension 'ignore_ament_install'
[4.757s] Level 1:colcon.colcon_core.package_identification:_identify(force_sensor_code) by extensions ['colcon_pkg']
[4.757s] Level 1:colcon.colcon_core.package_identification:_identify(force_sensor_code) by extension 'colcon_pkg'
[4.758s] Level 1:colcon.colcon_core.package_identification:_identify(force_sensor_code) by extensions ['colcon_meta']
[4.758s] Level 1:colcon.colcon_core.package_identification:_identify(force_sensor_code) by extension 'colcon_meta'
[4.758s] Level 1:colcon.colcon_core.package_identification:_identify(force_sensor_code) by extensions ['ros']
[4.759s] Level 1:colcon.colcon_core.package_identification:_identify(force_sensor_code) by extension 'ros'
[4.760s] Level 1:colcon.colcon_core.package_identification:_identify(force_sensor_code) by extensions ['cmake', 'python']
[4.760s] Level 1:colcon.colcon_core.package_identification:_identify(force_sensor_code) by extension 'cmake'
[4.795s] Level 1:colcon.colcon_core.package_identification:_identify(force_sensor_code) by extension 'python'
[4.795s] DEBUG:colcon.colcon_core.package_identification:Package 'force_sensor_code' with type 'cmake' and name 'force-sensor-data-reader'
[4.798s] Level 1:colcon.colcon_core.package_identification:_identify(install) by extensions ['ignore', 'ignore_ament_install']
[4.799s] Level 1:colcon.colcon_core.package_identification:_identify(install) by extension 'ignore'
[4.799s] Level 1:colcon.colcon_core.package_identification:_identify(install) ignored
[4.800s] Level 1:colcon.colcon_core.package_identification:_identify(log) by extensions ['ignore', 'ignore_ament_install']
[4.801s] Level 1:colcon.colcon_core.package_identification:_identify(log) by extension 'ignore'
[4.801s] Level 1:colcon.colcon_core.package_identification:_identify(log) ignored
[4.803s] Level 1:colcon.colcon_core.package_identification:_identify(src) by extensions ['ignore', 'ignore_ament_install']
[4.804s] Level 1:colcon.colcon_core.package_identification:_identify(src) by extension 'ignore'
[4.804s] Level 1:colcon.colcon_core.package_identification:_identify(src) by extension 'ignore_ament_install'
[4.805s] Level 1:colcon.colcon_core.package_identification:_identify(src) by extensions ['colcon_pkg']
[4.805s] Level 1:colcon.colcon_core.package_identification:_identify(src) by extension 'colcon_pkg'
[4.805s] Level 1:colcon.colcon_core.package_identification:_identify(src) by extensions ['colcon_meta']
[4.806s] Level 1:colcon.colcon_core.package_identification:_identify(src) by extension 'colcon_meta'
[4.806s] Level 1:colcon.colcon_core.package_identification:_identify(src) by extensions ['ros']
[4.807s] Level 1:colcon.colcon_core.package_identification:_identify(src) by extension 'ros'
[4.807s] Level 1:colcon.colcon_core.package_identification:_identify(src) by extensions ['cmake', 'python']
[4.808s] Level 1:colcon.colcon_core.package_identification:_identify(src) by extension 'cmake'
[4.808s] Level 1:colcon.colcon_core.package_identification:_identify(src) by extension 'python'
[4.808s] Level 1:colcon.colcon_core.package_identification:_identify(src) by extensions ['python_setup_py']
[4.809s] Level 1:colcon.colcon_core.package_identification:_identify(src) by extension 'python_setup_py'
[4.809s] Level 1:colcon.colcon_core.package_identification:_identify(src/soft_robot_control) by extensions ['ignore', 'ignore_ament_install']
[4.810s] Level 1:colcon.colcon_core.package_identification:_identify(src/soft_robot_control) by extension 'ignore'
[4.811s] Level 1:colcon.colcon_core.package_identification:_identify(src/soft_robot_control) by extension 'ignore_ament_install'
[4.811s] Level 1:colcon.colcon_core.package_identification:_identify(src/soft_robot_control) by extensions ['colcon_pkg']
[4.812s] Level 1:colcon.colcon_core.package_identification:_identify(src/soft_robot_control) by extension 'colcon_pkg'
[4.812s] Level 1:colcon.colcon_core.package_identification:_identify(src/soft_robot_control) by extensions ['colcon_meta']
[4.812s] Level 1:colcon.colcon_core.package_identification:_identify(src/soft_robot_control) by extension 'colcon_meta'
[4.813s] Level 1:colcon.colcon_core.package_identification:_identify(src/soft_robot_control) by extensions ['ros']
[4.813s] Level 1:colcon.colcon_core.package_identification:_identify(src/soft_robot_control) by extension 'ros'
[4.832s] DEBUG:colcon.colcon_core.package_identification:Package 'src/soft_robot_control' with type 'ros.ament_cmake' and name 'soft_robot_control'
[4.832s] Level 1:colcon.colcon_core.package_discovery:discover_packages(recursive) using defaults
[4.833s] Level 1:colcon.colcon_core.package_discovery:discover_packages(ignore) discover
[4.833s] Level 1:colcon.colcon_core.package_discovery:discover_packages(ignore) using defaults
[4.833s] Level 1:colcon.colcon_core.package_discovery:discover_packages(path) discover
[4.833s] Level 1:colcon.colcon_core.package_discovery:discover_packages(path) using defaults
[5.088s] Level 1:colcon.colcon_core.package_discovery:discover_packages(prefix_path) check parameters
[5.089s] Level 1:colcon.colcon_core.package_discovery:discover_packages(prefix_path) discover
[5.115s] DEBUG:colcon.colcon_installed_package_information.package_discovery:Found 1 installed packages in /home/kwasi/mower_sim_ws/install
[5.119s] DEBUG:colcon.colcon_installed_package_information.package_discovery:Found 1 installed packages in /home/kwasi/depth_camera_ws/install
[5.146s] DEBUG:colcon.colcon_installed_package_information.package_discovery:Found 334 installed packages in /opt/ros/humble
[5.162s] Level 1:colcon.colcon_core.package_discovery:discover_packages(prefix_path) using defaults
[5.619s] Level 5:colcon.colcon_core.verb:set package 'force-sensor-data-reader' build argument 'cmake_args' from command line to 'None'
[5.619s] Level 5:colcon.colcon_core.verb:set package 'force-sensor-data-reader' build argument 'cmake_target' from command line to 'None'
[5.619s] Level 5:colcon.colcon_core.verb:set package 'force-sensor-data-reader' build argument 'cmake_target_skip_unavailable' from command line to 'False'
[5.619s] Level 5:colcon.colcon_core.verb:set package 'force-sensor-data-reader' build argument 'cmake_clean_cache' from command line to 'False'
[5.620s] Level 5:colcon.colcon_core.verb:set package 'force-sensor-data-reader' build argument 'cmake_clean_first' from command line to 'False'
[5.620s] Level 5:colcon.colcon_core.verb:set package 'force-sensor-data-reader' build argument 'cmake_force_configure' from command line to 'False'
[5.620s] Level 5:colcon.colcon_core.verb:set package 'force-sensor-data-reader' build argument 'ament_cmake_args' from command line to 'None'
[5.620s] Level 5:colcon.colcon_core.verb:set package 'force-sensor-data-reader' build argument 'catkin_cmake_args' from command line to 'None'
[5.621s] Level 5:colcon.colcon_core.verb:set package 'force-sensor-data-reader' build argument 'catkin_skip_building_tests' from command line to 'False'
[5.621s] DEBUG:colcon.colcon_core.verb:Building package 'force-sensor-data-reader' with the following arguments: {'ament_cmake_args': None, 'build_base': '/home/kwasi/soft_robotics_ws/build/force-sensor-data-reader', 'catkin_cmake_args': None, 'catkin_skip_building_tests': False, 'cmake_args': None, 'cmake_clean_cache': False, 'cmake_clean_first': False, 'cmake_force_configure': False, 'cmake_target': None, 'cmake_target_skip_unavailable': False, 'install_base': '/home/kwasi/soft_robotics_ws/install/force-sensor-data-reader', 'merge_install': False, 'path': '/home/kwasi/soft_robotics_ws/force_sensor_code', 'symlink_install': False, 'test_result_base': None}
[5.624s] Level 5:colcon.colcon_core.verb:set package 'soft_robot_control' build argument 'cmake_args' from command line to 'None'
[5.625s] Level 5:colcon.colcon_core.verb:set package 'soft_robot_control' build argument 'cmake_target' from command line to 'None'
[5.625s] Level 5:colcon.colcon_core.verb:set package 'soft_robot_control' build argument 'cmake_target_skip_unavailable' from command line to 'False'
[5.625s] Level 5:colcon.colcon_core.verb:set package 'soft_robot_control' build argument 'cmake_clean_cache' from command line to 'False'
[5.625s] Level 5:colcon.colcon_core.verb:set package 'soft_robot_control' build argument 'cmake_clean_first' from command line to 'False'
[5.625s] Level 5:colcon.colcon_core.verb:set package 'soft_robot_control' build argument 'cmake_force_configure' from command line to 'False'
[5.626s] Level 5:colcon.colcon_core.verb:set package 'soft_robot_control' build argument 'ament_cmake_args' from command line to 'None'
[5.626s] Level 5:colcon.colcon_core.verb:set package 'soft_robot_control' build argument 'catkin_cmake_args' from command line to 'None'
[5.626s] Level 5:colcon.colcon_core.verb:set package 'soft_robot_control' build argument 'catkin_skip_building_tests' from command line to 'False'
[5.626s] DEBUG:colcon.colcon_core.verb:Building package 'soft_robot_control' with the following arguments: {'ament_cmake_args': None, 'build_base': '/home/kwasi/soft_robotics_ws/build/soft_robot_control', 'catkin_cmake_args': None, 'catkin_skip_building_tests': False, 'cmake_args': None, 'cmake_clean_cache': False, 'cmake_clean_first': False, 'cmake_force_configure': False, 'cmake_target': None, 'cmake_target_skip_unavailable': False, 'install_base': '/home/kwasi/soft_robotics_ws/install/soft_robot_control', 'merge_install': False, 'path': '/home/kwasi/soft_robotics_ws/src/soft_robot_control', 'symlink_install': False, 'test_result_base': None}
[5.628s] INFO:colcon.colcon_core.executor:Executing jobs using 'parallel' executor
[5.634s] DEBUG:colcon.colcon_parallel_executor.executor.parallel:run_until_complete
[5.636s] INFO:colcon.colcon_cmake.task.cmake.build:Building CMake package in '/home/kwasi/soft_robotics_ws/force_sensor_code'
[5.674s] INFO:colcon.colcon_core.plugin_system:Skipping extension 'colcon_core.shell.bat': Not used on non-Windows systems
[5.676s] INFO:colcon.colcon_core.shell:Skip shell extension 'powershell' for command environment: Not usable outside of PowerShell
[5.676s] DEBUG:colcon.colcon_core.shell:Skip shell extension 'dsv' for command environment
[5.711s] INFO:colcon.colcon_ros.task.ament_cmake.build:Building ROS package in '/home/kwasi/soft_robotics_ws/src/soft_robot_control' with build type 'ament_cmake'
[5.712s] INFO:colcon.colcon_cmake.task.cmake.build:Building CMake package in '/home/kwasi/soft_robotics_ws/src/soft_robot_control'
[5.714s] INFO:colcon.colcon_core.shell:Skip shell extension 'powershell' for command environment: Not usable outside of PowerShell
[5.716s] DEBUG:colcon.colcon_core.shell:Skip shell extension 'dsv' for command environment
[5.770s] DEBUG:colcon.colcon_core.event_handler.log_command:Invoking command in '/home/kwasi/soft_robotics_ws/build/force-sensor-data-reader': /usr/bin/cmake /home/kwasi/soft_robotics_ws/force_sensor_code -DCMAKE_INSTALL_PREFIX=/home/kwasi/soft_robotics_ws/install/force-sensor-data-reader
[5.841s] DEBUG:colcon.colcon_core.event_handler.log_command:Invoking command in '/home/kwasi/soft_robotics_ws/build/soft_robot_control': CMAKE_PREFIX_PATH=/home/kwasi/mower_sim_ws/install/mower_sim:/home/kwasi/depth_camera_ws/install/depth_camera:/opt/ros/humble /usr/bin/cmake --build /home/kwasi/soft_robotics_ws/build/soft_robot_control -- -j2 -l2
[6.057s] DEBUG:colcon.colcon_core.event_handler.log_command:Invoked command in '/home/kwasi/soft_robotics_ws/build/soft_robot_control' returned '2': CMAKE_PREFIX_PATH=/home/kwasi/mower_sim_ws/install/mower_sim:/home/kwasi/depth_camera_ws/install/depth_camera:/opt/ros/humble /usr/bin/cmake --build /home/kwasi/soft_robotics_ws/build/soft_robot_control -- -j2 -l2
[6.243s] Level 1:colcon.colcon_core.environment:create_environment_scripts_only(soft_robot_control)
[6.313s] Level 1:colcon.colcon_core.environment:checking '/home/kwasi/soft_robotics_ws/install/soft_robot_control' for CMake module files
[6.332s] Level 1:colcon.colcon_core.environment:checking '/home/kwasi/soft_robotics_ws/install/soft_robot_control' for CMake config files
[6.344s] Level 1:colcon.colcon_core.shell:create_environment_hook('soft_robot_control', 'cmake_prefix_path')
[6.346s] INFO:colcon.colcon_core.shell:Creating environment hook '/home/kwasi/soft_robotics_ws/install/soft_robot_control/share/soft_robot_control/hook/cmake_prefix_path.ps1'
[6.356s] INFO:colcon.colcon_core.shell:Creating environment descriptor '/home/kwasi/soft_robotics_ws/install/soft_robot_control/share/soft_robot_control/hook/cmake_prefix_path.dsv'
[6.361s] INFO:colcon.colcon_core.shell:Creating environment hook '/home/kwasi/soft_robotics_ws/install/soft_robot_control/share/soft_robot_control/hook/cmake_prefix_path.sh'
[6.370s] Level 1:colcon.colcon_core.environment:checking '/home/kwasi/soft_robotics_ws/install/soft_robot_control/lib'
[6.372s] Level 1:colcon.colcon_core.environment:checking '/home/kwasi/soft_robotics_ws/install/soft_robot_control/bin'
[6.372s] Level 1:colcon.colcon_core.environment:checking '/home/kwasi/soft_robotics_ws/install/soft_robot_control/lib/pkgconfig/soft_robot_control.pc'
[6.376s] Level 1:colcon.colcon_core.environment:checking '/home/kwasi/soft_robotics_ws/install/soft_robot_control/lib/python3.10/site-packages'
[6.378s] Level 1:colcon.colcon_core.shell:create_environment_hook('soft_robot_control', 'pythonpath')
[6.381s] INFO:colcon.colcon_core.shell:Creating environment hook '/home/kwasi/soft_robotics_ws/install/soft_robot_control/share/soft_robot_control/hook/pythonpath.ps1'
[6.396s] INFO:colcon.colcon_core.shell:Creating environment descriptor '/home/kwasi/soft_robotics_ws/install/soft_robot_control/share/soft_robot_control/hook/pythonpath.dsv'
[6.399s] INFO:colcon.colcon_core.shell:Creating environment hook '/home/kwasi/soft_robotics_ws/install/soft_robot_control/share/soft_robot_control/hook/pythonpath.sh'
[6.406s] Level 1:colcon.colcon_core.environment:checking '/home/kwasi/soft_robotics_ws/install/soft_robot_control/bin'
[6.409s] INFO:colcon.colcon_core.shell:Creating package script '/home/kwasi/soft_robotics_ws/install/soft_robot_control/share/soft_robot_control/package.ps1'
[6.424s] INFO:colcon.colcon_core.shell:Creating package descriptor '/home/kwasi/soft_robotics_ws/install/soft_robot_control/share/soft_robot_control/package.dsv'
[6.432s] INFO:colcon.colcon_core.shell:Creating package script '/home/kwasi/soft_robotics_ws/install/soft_robot_control/share/soft_robot_control/package.sh'
[6.441s] INFO:colcon.colcon_core.shell:Creating package script '/home/kwasi/soft_robotics_ws/install/soft_robot_control/share/soft_robot_control/package.bash'
[6.460s] INFO:colcon.colcon_core.shell:Creating package script '/home/kwasi/soft_robotics_ws/install/soft_robot_control/share/soft_robot_control/package.zsh'
[6.469s] Level 1:colcon.colcon_core.environment:create_file_with_runtime_dependencies(/home/kwasi/soft_robotics_ws/install/soft_robot_control/share/colcon-core/packages/soft_robot_control)
[8.192s] DEBUG:colcon.colcon_parallel_executor.executor.parallel:closing loop
[8.193s] DEBUG:colcon.colcon_parallel_executor.executor.parallel:loop closed
[8.193s] DEBUG:colcon.colcon_parallel_executor.executor.parallel:run_until_complete finished with '2'
[8.194s] DEBUG:colcon.colcon_core.event_reactor:joining thread
[8.254s] INFO:colcon.colcon_core.plugin_system:Skipping extension 'colcon_notification.desktop_notification.terminal_notifier': Not used on non-Darwin systems
[8.255s] INFO:colcon.colcon_core.plugin_system:Skipping extension 'colcon_notification.desktop_notification.win32': Not used on non-Windows systems
[8.256s] INFO:colcon.colcon_notification.desktop_notification:Sending desktop notification using 'notify2'
[8.379s] DEBUG:colcon.colcon_core.event_reactor:joined thread
[8.381s] INFO:colcon.colcon_core.shell:Creating prefix script '/home/kwasi/soft_robotics_ws/install/local_setup.ps1'
[8.398s] INFO:colcon.colcon_core.shell:Creating prefix util module '/home/kwasi/soft_robotics_ws/install/_local_setup_util_ps1.py'
[8.412s] INFO:colcon.colcon_core.shell:Creating prefix chain script '/home/kwasi/soft_robotics_ws/install/setup.ps1'
[8.423s] INFO:colcon.colcon_core.shell:Creating prefix script '/home/kwasi/soft_robotics_ws/install/local_setup.sh'
[8.429s] INFO:colcon.colcon_core.shell:Creating prefix util module '/home/kwasi/soft_robotics_ws/install/_local_setup_util_sh.py'
[8.433s] INFO:colcon.colcon_core.shell:Creating prefix chain script '/home/kwasi/soft_robotics_ws/install/setup.sh'
[8.445s] INFO:colcon.colcon_core.shell:Creating prefix script '/home/kwasi/soft_robotics_ws/install/local_setup.bash'
[8.451s] INFO:colcon.colcon_core.shell:Creating prefix chain script '/home/kwasi/soft_robotics_ws/install/setup.bash'
[8.463s] INFO:colcon.colcon_core.shell:Creating prefix script '/home/kwasi/soft_robotics_ws/install/local_setup.zsh'
[8.470s] INFO:colcon.colcon_core.shell:Creating prefix chain script '/home/kwasi/soft_robotics_ws/install/setup.zsh'
