[7.573s] Invoking command in '/home/kwasi/soft_robotics_ws/src/soft_robot_control': PYTHONPATH=/home/kwasi/soft_robotics_ws/build/soft_robot_control/prefix_override:/usr/lib/python3/dist-packages/colcon_core/task/python/colcon_distutils_commands:/home/kwasi/soft_robotics_ws/install/soft_robot_control/lib/python3.10/site-packages:${PYTHONPATH} /usr/bin/python3 -W ignore:setup.py install is deprecated setup.py egg_info --egg-base ../../build/soft_robot_control build --build-base /home/kwasi/soft_robotics_ws/build/soft_robot_control/build install --record /home/kwasi/soft_robotics_ws/build/soft_robot_control/install.log --single-version-externally-managed install_data
[10.551s] running egg_info
[10.568s] writing ../../build/soft_robot_control/soft_robot_control.egg-info/PKG-INFO
[10.569s] writing dependency_links to ../../build/soft_robot_control/soft_robot_control.egg-info/dependency_links.txt
[10.577s] writing entry points to ../../build/soft_robot_control/soft_robot_control.egg-info/entry_points.txt
[10.578s] writing requirements to ../../build/soft_robot_control/soft_robot_control.egg-info/requires.txt
[10.579s] writing top-level names to ../../build/soft_robot_control/soft_robot_control.egg-info/top_level.txt
[10.587s] reading manifest file '../../build/soft_robot_control/soft_robot_control.egg-info/SOURCES.txt'
[10.593s] writing manifest file '../../build/soft_robot_control/soft_robot_control.egg-info/SOURCES.txt'
[10.595s] running build
[10.595s] running build_py
[10.596s] copying soft_robot_control/sensor_reader.py -> /home/kwasi/soft_robotics_ws/build/soft_robot_control/build/lib/soft_robot_control
[10.599s] running install
[10.601s] running install_lib
[10.608s] copying /home/kwasi/soft_robotics_ws/build/soft_robot_control/build/lib/soft_robot_control/sensor_reader.py -> /home/kwasi/soft_robotics_ws/install/soft_robot_control/lib/python3.10/site-packages/soft_robot_control
[10.612s] byte-compiling /home/kwasi/soft_robotics_ws/install/soft_robot_control/lib/python3.10/site-packages/soft_robot_control/sensor_reader.py to sensor_reader.cpython-310.pyc
[10.618s] running install_data
[10.619s] running install_egg_info
[10.758s] removing '/home/kwasi/soft_robotics_ws/install/soft_robot_control/lib/python3.10/site-packages/soft_robot_control-0.0.0-py3.10.egg-info' (and everything under it)
[10.761s] Copying ../../build/soft_robot_control/soft_robot_control.egg-info to /home/kwasi/soft_robotics_ws/install/soft_robot_control/lib/python3.10/site-packages/soft_robot_control-0.0.0-py3.10.egg-info
[10.768s] running install_scripts
[11.026s] Installing motor_control script to /home/kwasi/soft_robotics_ws/install/soft_robot_control/lib/soft_robot_control
[11.027s] Installing sensor_reader script to /home/kwasi/soft_robotics_ws/install/soft_robot_control/lib/soft_robot_control
[11.031s] writing list of installed files to '/home/kwasi/soft_robotics_ws/build/soft_robot_control/install.log'
[11.234s] Invoked command in '/home/kwasi/soft_robotics_ws/src/soft_robot_control' returned '0': PYTHONPATH=/home/kwasi/soft_robotics_ws/build/soft_robot_control/prefix_override:/usr/lib/python3/dist-packages/colcon_core/task/python/colcon_distutils_commands:/home/kwasi/soft_robotics_ws/install/soft_robot_control/lib/python3.10/site-packages:${PYTHONPATH} /usr/bin/python3 -W ignore:setup.py install is deprecated setup.py egg_info --egg-base ../../build/soft_robot_control build --build-base /home/kwasi/soft_robotics_ws/build/soft_robot_control/build install --record /home/kwasi/soft_robotics_ws/build/soft_robot_control/install.log --single-version-externally-managed install_data
