[0.294s] Invoking command in '/home/kwasi/soft_robotics_ws/build/soft_robot_control': CMAKE_PREFIX_PATH=/home/kwasi/mower_sim_ws/install/mower_sim:/home/kwasi/depth_camera_ws/install/depth_camera:/opt/ros/humble /usr/bin/cmake /home/kwasi/soft_robotics_ws/src/soft_robot_control -DCMAKE_INSTALL_PREFIX=/home/kwasi/soft_robotics_ws/install/soft_robot_control
[0.554s] -- Found ament_cmake: 1.3.3 (/opt/ros/humble/share/ament_cmake/cmake)
[6.194s] -- Found ament_lint_auto: 0.12.6 (/opt/ros/humble/share/ament_lint_auto/cmake)
[7.643s] Traceback (most recent call last):
[7.645s]   File "/opt/ros/humble/share/ament_cmake_core/cmake/core/package_xml_2_cmake.py", line 22, in <module>
[7.658s]     from catkin_pkg.package import parse_package_string
[7.661s] ModuleNotFoundError: No module named 'catkin_pkg'
[7.746s] [31mCMake Error at /opt/ros/humble/share/ament_cmake_core/cmake/core/ament_package_xml.cmake:95 (message):
[7.747s]   execute_process(/home/kwasi/.pyenv/shims/python3.10
[7.751s]   /opt/ros/humble/share/ament_cmake_core/cmake/core/package_xml_2_cmake.py
[7.752s]   /home/kwasi/soft_robotics_ws/src/soft_robot_control/package.xml
[7.753s]   /home/kwasi/soft_robotics_ws/build/soft_robot_control/ament_cmake_core/package.cmake)
[7.766s]   returned error code 1
[7.767s] Call Stack (most recent call first):
[7.768s]   /opt/ros/humble/share/ament_cmake_core/cmake/core/ament_package_xml.cmake:49 (_ament_package_xml)
[7.768s]   /opt/ros/humble/share/ament_lint_auto/cmake/ament_lint_auto_find_test_dependencies.cmake:31 (ament_package_xml)
[7.781s]   CMakeLists.txt:23 (ament_lint_auto_find_test_dependencies)
[7.782s] 
[7.783s] [0m
[7.783s] -- Configuring incomplete, errors occurred!
[7.784s] See also "/home/kwasi/soft_robotics_ws/build/soft_robot_control/CMakeFiles/CMakeOutput.log".
[7.824s] Invoked command in '/home/kwasi/soft_robotics_ws/build/soft_robot_control' returned '1': CMAKE_PREFIX_PATH=/home/kwasi/mower_sim_ws/install/mower_sim:/home/kwasi/depth_camera_ws/install/depth_camera:/opt/ros/humble /usr/bin/cmake /home/kwasi/soft_robotics_ws/src/soft_robot_control -DCMAKE_INSTALL_PREFIX=/home/kwasi/soft_robotics_ws/install/soft_robot_control
