[7.724s] Invoking command in '/home/kwasi/soft_robotics_ws/src/soft_robot_control': PYTHONPATH=/home/kwasi/soft_robotics_ws/build/soft_robot_control/prefix_override:/usr/lib/python3/dist-packages/colcon_core/task/python/colcon_distutils_commands:/home/kwasi/soft_robotics_ws/install/soft_robot_control/lib/python3.10/site-packages:${PYTHONPATH} /usr/bin/python3 -W ignore:setup.py install is deprecated setup.py egg_info --egg-base ../../build/soft_robot_control build --build-base /home/kwasi/soft_robotics_ws/build/soft_robot_control/build install --record /home/kwasi/soft_robotics_ws/build/soft_robot_control/install.log --single-version-externally-managed install_data
[10.673s] running egg_info
[10.680s] writing ../../build/soft_robot_control/soft_robot_control.egg-info/PKG-INFO
[10.682s] writing dependency_links to ../../build/soft_robot_control/soft_robot_control.egg-info/dependency_links.txt
[10.687s] writing entry points to ../../build/soft_robot_control/soft_robot_control.egg-info/entry_points.txt
[10.688s] writing requirements to ../../build/soft_robot_control/soft_robot_control.egg-info/requires.txt
[10.688s] writing top-level names to ../../build/soft_robot_control/soft_robot_control.egg-info/top_level.txt
[10.706s] reading manifest file '../../build/soft_robot_control/soft_robot_control.egg-info/SOURCES.txt'
[10.719s] writing manifest file '../../build/soft_robot_control/soft_robot_control.egg-info/SOURCES.txt'
[10.720s] running build
[10.728s] running build_py
[10.729s] running install
[10.730s] running install_lib
[10.735s] running install_data
[10.737s] running install_egg_info
[10.877s] removing '/home/kwasi/soft_robotics_ws/install/soft_robot_control/lib/python3.10/site-packages/soft_robot_control-0.0.0-py3.10.egg-info' (and everything under it)
[10.879s] Copying ../../build/soft_robot_control/soft_robot_control.egg-info to /home/kwasi/soft_robotics_ws/install/soft_robot_control/lib/python3.10/site-packages/soft_robot_control-0.0.0-py3.10.egg-info
[10.887s] running install_scripts
[11.138s] Installing motor_control script to /home/kwasi/soft_robotics_ws/install/soft_robot_control/lib/soft_robot_control
[11.141s] Installing sensor_reader script to /home/kwasi/soft_robotics_ws/install/soft_robot_control/lib/soft_robot_control
[11.144s] writing list of installed files to '/home/kwasi/soft_robotics_ws/build/soft_robot_control/install.log'
[11.336s] Invoked command in '/home/kwasi/soft_robotics_ws/src/soft_robot_control' returned '0': PYTHONPATH=/home/kwasi/soft_robotics_ws/build/soft_robot_control/prefix_override:/usr/lib/python3/dist-packages/colcon_core/task/python/colcon_distutils_commands:/home/kwasi/soft_robotics_ws/install/soft_robot_control/lib/python3.10/site-packages:${PYTHONPATH} /usr/bin/python3 -W ignore:setup.py install is deprecated setup.py egg_info --egg-base ../../build/soft_robot_control build --build-base /home/kwasi/soft_robotics_ws/build/soft_robot_control/build install --record /home/kwasi/soft_robotics_ws/build/soft_robot_control/install.log --single-version-externally-managed install_data
