[1.011s] DEBUG:colcon:Command line arguments: ['/usr/bin/colcon', 'build']
[1.012s] DEBUG:colcon:Parsed command line arguments: Namespace(log_base=None, log_level=None, verb_name='build', build_base='build', install_base='install', merge_install=False, symlink_install=False, test_result_base=None, continue_on_error=False, executor='parallel', parallel_workers=2, event_handlers=None, ignore_user_meta=False, metas=['./colcon.meta'], base_paths=['.'], packages_ignore=None, packages_ignore_regex=None, paths=None, packages_up_to=None, packages_up_to_regex=None, packages_above=None, packages_above_and_dependencies=None, packages_above_depth=None, packages_select_by_dep=None, packages_skip_by_dep=None, packages_skip_up_to=None, packages_select_build_failed=False, packages_skip_build_finished=False, packages_select_test_failures=False, packages_skip_test_passed=False, packages_select=None, packages_skip=None, packages_select_regex=None, packages_skip_regex=None, packages_start=None, packages_end=None, allow_overriding=[], cmake_args=None, cmake_target=None, cmake_target_skip_unavailable=False, cmake_clean_cache=False, cmake_clean_first=False, cmake_force_configure=False, ament_cmake_args=None, catkin_cmake_args=None, catkin_skip_building_tests=False, mixin_files=None, mixin=None, verb_parser=<colcon_mixin.mixin.mixin_argument.MixinArgumentDecorator object at 0x7b831b5684c0>, verb_extension=<colcon_core.verb.build.BuildVerb object at 0x7b831b537fd0>, main=<bound method BuildVerb.main of <colcon_core.verb.build.BuildVerb object at 0x7b831b537fd0>>, mixin_verb=('build',))
[2.844s] Level 1:colcon.colcon_core.package_discovery:discover_packages(colcon_meta) check parameters
[2.844s] Level 1:colcon.colcon_core.package_discovery:discover_packages(recursive) check parameters
[2.845s] Level 1:colcon.colcon_core.package_discovery:discover_packages(ignore) check parameters
[2.845s] Level 1:colcon.colcon_core.package_discovery:discover_packages(path) check parameters
[2.845s] Level 1:colcon.colcon_core.package_discovery:discover_packages(colcon_meta) discover
[2.846s] Level 1:colcon.colcon_core.package_discovery:discover_packages(recursive) discover
[2.846s] INFO:colcon.colcon_core.package_discovery:Crawling recursively for packages in '/home/kwasi/soft_robotics_ws'
[2.847s] Level 1:colcon.colcon_core.package_identification:_identify(.) by extensions ['ignore', 'ignore_ament_install']
[2.847s] Level 1:colcon.colcon_core.package_identification:_identify(.) by extension 'ignore'
[2.848s] Level 1:colcon.colcon_core.package_identification:_identify(.) by extension 'ignore_ament_install'
[2.848s] Level 1:colcon.colcon_core.package_identification:_identify(.) by extensions ['colcon_pkg']
[2.849s] Level 1:colcon.colcon_core.package_identification:_identify(.) by extension 'colcon_pkg'
[2.849s] Level 1:colcon.colcon_core.package_identification:_identify(.) by extensions ['colcon_meta']
[2.849s] Level 1:colcon.colcon_core.package_identification:_identify(.) by extension 'colcon_meta'
[2.850s] Level 1:colcon.colcon_core.package_identification:_identify(.) by extensions ['ros']
[2.850s] Level 1:colcon.colcon_core.package_identification:_identify(.) by extension 'ros'
[2.932s] Level 1:colcon.colcon_core.package_identification:_identify(.) by extensions ['cmake', 'python']
[2.932s] Level 1:colcon.colcon_core.package_identification:_identify(.) by extension 'cmake'
[2.933s] Level 1:colcon.colcon_core.package_identification:_identify(.) by extension 'python'
[2.933s] Level 1:colcon.colcon_core.package_identification:_identify(.) by extensions ['python_setup_py']
[2.933s] Level 1:colcon.colcon_core.package_identification:_identify(.) by extension 'python_setup_py'
[2.934s] Level 1:colcon.colcon_core.package_identification:_identify(build) by extensions ['ignore', 'ignore_ament_install']
[2.935s] Level 1:colcon.colcon_core.package_identification:_identify(build) by extension 'ignore'
[2.935s] Level 1:colcon.colcon_core.package_identification:_identify(build) ignored
[2.936s] Level 1:colcon.colcon_core.package_identification:_identify(force_sensor_code) by extensions ['ignore', 'ignore_ament_install']
[2.937s] Level 1:colcon.colcon_core.package_identification:_identify(force_sensor_code) by extension 'ignore'
[2.938s] Level 1:colcon.colcon_core.package_identification:_identify(force_sensor_code) by extension 'ignore_ament_install'
[2.938s] Level 1:colcon.colcon_core.package_identification:_identify(force_sensor_code) by extensions ['colcon_pkg']
[2.939s] Level 1:colcon.colcon_core.package_identification:_identify(force_sensor_code) by extension 'colcon_pkg'
[2.939s] Level 1:colcon.colcon_core.package_identification:_identify(force_sensor_code) by extensions ['colcon_meta']
[2.939s] Level 1:colcon.colcon_core.package_identification:_identify(force_sensor_code) by extension 'colcon_meta'
[2.940s] Level 1:colcon.colcon_core.package_identification:_identify(force_sensor_code) by extensions ['ros']
[2.940s] Level 1:colcon.colcon_core.package_identification:_identify(force_sensor_code) by extension 'ros'
[2.940s] Level 1:colcon.colcon_core.package_identification:_identify(force_sensor_code) by extensions ['cmake', 'python']
[2.941s] Level 1:colcon.colcon_core.package_identification:_identify(force_sensor_code) by extension 'cmake'
[2.962s] Level 1:colcon.colcon_core.package_identification:_identify(force_sensor_code) by extension 'python'
[2.962s] DEBUG:colcon.colcon_core.package_identification:Package 'force_sensor_code' with type 'cmake' and name 'force-sensor-data-reader'
[2.963s] Level 1:colcon.colcon_core.package_identification:_identify(install) by extensions ['ignore', 'ignore_ament_install']
[2.964s] Level 1:colcon.colcon_core.package_identification:_identify(install) by extension 'ignore'
[2.964s] Level 1:colcon.colcon_core.package_identification:_identify(install) ignored
[2.965s] Level 1:colcon.colcon_core.package_identification:_identify(log) by extensions ['ignore', 'ignore_ament_install']
[2.966s] Level 1:colcon.colcon_core.package_identification:_identify(log) by extension 'ignore'
[2.967s] Level 1:colcon.colcon_core.package_identification:_identify(log) ignored
[2.967s] Level 1:colcon.colcon_core.package_identification:_identify(src) by extensions ['ignore', 'ignore_ament_install']
[2.968s] Level 1:colcon.colcon_core.package_identification:_identify(src) by extension 'ignore'
[2.968s] Level 1:colcon.colcon_core.package_identification:_identify(src) by extension 'ignore_ament_install'
[2.969s] Level 1:colcon.colcon_core.package_identification:_identify(src) by extensions ['colcon_pkg']
[2.969s] Level 1:colcon.colcon_core.package_identification:_identify(src) by extension 'colcon_pkg'
[2.970s] Level 1:colcon.colcon_core.package_identification:_identify(src) by extensions ['colcon_meta']
[2.970s] Level 1:colcon.colcon_core.package_identification:_identify(src) by extension 'colcon_meta'
[2.970s] Level 1:colcon.colcon_core.package_identification:_identify(src) by extensions ['ros']
[2.971s] Level 1:colcon.colcon_core.package_identification:_identify(src) by extension 'ros'
[2.971s] Level 1:colcon.colcon_core.package_identification:_identify(src) by extensions ['cmake', 'python']
[2.972s] Level 1:colcon.colcon_core.package_identification:_identify(src) by extension 'cmake'
[2.972s] Level 1:colcon.colcon_core.package_identification:_identify(src) by extension 'python'
[2.972s] Level 1:colcon.colcon_core.package_identification:_identify(src) by extensions ['python_setup_py']
[2.973s] Level 1:colcon.colcon_core.package_identification:_identify(src) by extension 'python_setup_py'
[2.973s] Level 1:colcon.colcon_core.package_identification:_identify(src/soft_robot_control) by extensions ['ignore', 'ignore_ament_install']
[2.974s] Level 1:colcon.colcon_core.package_identification:_identify(src/soft_robot_control) by extension 'ignore'
[2.975s] Level 1:colcon.colcon_core.package_identification:_identify(src/soft_robot_control) by extension 'ignore_ament_install'
[2.975s] Level 1:colcon.colcon_core.package_identification:_identify(src/soft_robot_control) by extensions ['colcon_pkg']
[2.975s] Level 1:colcon.colcon_core.package_identification:_identify(src/soft_robot_control) by extension 'colcon_pkg'
[2.976s] Level 1:colcon.colcon_core.package_identification:_identify(src/soft_robot_control) by extensions ['colcon_meta']
[2.976s] Level 1:colcon.colcon_core.package_identification:_identify(src/soft_robot_control) by extension 'colcon_meta'
[2.976s] Level 1:colcon.colcon_core.package_identification:_identify(src/soft_robot_control) by extensions ['ros']
[2.977s] Level 1:colcon.colcon_core.package_identification:_identify(src/soft_robot_control) by extension 'ros'
[2.993s] DEBUG:colcon.colcon_core.package_identification:Package 'src/soft_robot_control' with type 'ros.ament_cmake' and name 'soft_robot_control'
[2.994s] Level 1:colcon.colcon_core.package_discovery:discover_packages(recursive) using defaults
[2.994s] Level 1:colcon.colcon_core.package_discovery:discover_packages(ignore) discover
[2.994s] Level 1:colcon.colcon_core.package_discovery:discover_packages(ignore) using defaults
[2.995s] Level 1:colcon.colcon_core.package_discovery:discover_packages(path) discover
[2.995s] Level 1:colcon.colcon_core.package_discovery:discover_packages(path) using defaults
[3.201s] Level 1:colcon.colcon_core.package_discovery:discover_packages(prefix_path) check parameters
[3.201s] Level 1:colcon.colcon_core.package_discovery:discover_packages(prefix_path) discover
[3.217s] DEBUG:colcon.colcon_installed_package_information.package_discovery:Found 2 installed packages in /home/kwasi/soft_robotics_ws/install
[3.221s] DEBUG:colcon.colcon_installed_package_information.package_discovery:Found 1 installed packages in /home/kwasi/mower_sim_ws/install
[3.225s] DEBUG:colcon.colcon_installed_package_information.package_discovery:Found 1 installed packages in /home/kwasi/depth_camera_ws/install
[3.239s] DEBUG:colcon.colcon_installed_package_information.package_discovery:Found 334 installed packages in /opt/ros/humble
[3.256s] Level 1:colcon.colcon_core.package_discovery:discover_packages(prefix_path) using defaults
[3.680s] Level 5:colcon.colcon_core.verb:set package 'force-sensor-data-reader' build argument 'cmake_args' from command line to 'None'
[3.681s] Level 5:colcon.colcon_core.verb:set package 'force-sensor-data-reader' build argument 'cmake_target' from command line to 'None'
[3.681s] Level 5:colcon.colcon_core.verb:set package 'force-sensor-data-reader' build argument 'cmake_target_skip_unavailable' from command line to 'False'
[3.681s] Level 5:colcon.colcon_core.verb:set package 'force-sensor-data-reader' build argument 'cmake_clean_cache' from command line to 'False'
[3.682s] Level 5:colcon.colcon_core.verb:set package 'force-sensor-data-reader' build argument 'cmake_clean_first' from command line to 'False'
[3.682s] Level 5:colcon.colcon_core.verb:set package 'force-sensor-data-reader' build argument 'cmake_force_configure' from command line to 'False'
[3.682s] Level 5:colcon.colcon_core.verb:set package 'force-sensor-data-reader' build argument 'ament_cmake_args' from command line to 'None'
[3.682s] Level 5:colcon.colcon_core.verb:set package 'force-sensor-data-reader' build argument 'catkin_cmake_args' from command line to 'None'
[3.682s] Level 5:colcon.colcon_core.verb:set package 'force-sensor-data-reader' build argument 'catkin_skip_building_tests' from command line to 'False'
[3.683s] DEBUG:colcon.colcon_core.verb:Building package 'force-sensor-data-reader' with the following arguments: {'ament_cmake_args': None, 'build_base': '/home/kwasi/soft_robotics_ws/build/force-sensor-data-reader', 'catkin_cmake_args': None, 'catkin_skip_building_tests': False, 'cmake_args': None, 'cmake_clean_cache': False, 'cmake_clean_first': False, 'cmake_force_configure': False, 'cmake_target': None, 'cmake_target_skip_unavailable': False, 'install_base': '/home/kwasi/soft_robotics_ws/install/force-sensor-data-reader', 'merge_install': False, 'path': '/home/kwasi/soft_robotics_ws/force_sensor_code', 'symlink_install': False, 'test_result_base': None}
[3.686s] Level 5:colcon.colcon_core.verb:set package 'soft_robot_control' build argument 'cmake_args' from command line to 'None'
[3.686s] Level 5:colcon.colcon_core.verb:set package 'soft_robot_control' build argument 'cmake_target' from command line to 'None'
[3.686s] Level 5:colcon.colcon_core.verb:set package 'soft_robot_control' build argument 'cmake_target_skip_unavailable' from command line to 'False'
[3.687s] Level 5:colcon.colcon_core.verb:set package 'soft_robot_control' build argument 'cmake_clean_cache' from command line to 'False'
[3.687s] Level 5:colcon.colcon_core.verb:set package 'soft_robot_control' build argument 'cmake_clean_first' from command line to 'False'
[3.687s] Level 5:colcon.colcon_core.verb:set package 'soft_robot_control' build argument 'cmake_force_configure' from command line to 'False'
[3.687s] Level 5:colcon.colcon_core.verb:set package 'soft_robot_control' build argument 'ament_cmake_args' from command line to 'None'
[3.687s] Level 5:colcon.colcon_core.verb:set package 'soft_robot_control' build argument 'catkin_cmake_args' from command line to 'None'
[3.688s] Level 5:colcon.colcon_core.verb:set package 'soft_robot_control' build argument 'catkin_skip_building_tests' from command line to 'False'
[3.688s] DEBUG:colcon.colcon_core.verb:Building package 'soft_robot_control' with the following arguments: {'ament_cmake_args': None, 'build_base': '/home/kwasi/soft_robotics_ws/build/soft_robot_control', 'catkin_cmake_args': None, 'catkin_skip_building_tests': False, 'cmake_args': None, 'cmake_clean_cache': False, 'cmake_clean_first': False, 'cmake_force_configure': False, 'cmake_target': None, 'cmake_target_skip_unavailable': False, 'install_base': '/home/kwasi/soft_robotics_ws/install/soft_robot_control', 'merge_install': False, 'path': '/home/kwasi/soft_robotics_ws/src/soft_robot_control', 'symlink_install': False, 'test_result_base': None}
[3.689s] INFO:colcon.colcon_core.executor:Executing jobs using 'parallel' executor
[3.695s] DEBUG:colcon.colcon_parallel_executor.executor.parallel:run_until_complete
[3.697s] INFO:colcon.colcon_cmake.task.cmake.build:Building CMake package in '/home/kwasi/soft_robotics_ws/force_sensor_code'
[3.718s] INFO:colcon.colcon_core.plugin_system:Skipping extension 'colcon_core.shell.bat': Not used on non-Windows systems
[3.719s] INFO:colcon.colcon_core.shell:Skip shell extension 'powershell' for command environment: Not usable outside of PowerShell
[3.720s] DEBUG:colcon.colcon_core.shell:Skip shell extension 'dsv' for command environment
[3.766s] INFO:colcon.colcon_ros.task.ament_cmake.build:Building ROS package in '/home/kwasi/soft_robotics_ws/src/soft_robot_control' with build type 'ament_cmake'
[3.767s] INFO:colcon.colcon_cmake.task.cmake.build:Building CMake package in '/home/kwasi/soft_robotics_ws/src/soft_robot_control'
[3.770s] INFO:colcon.colcon_core.shell:Skip shell extension 'powershell' for command environment: Not usable outside of PowerShell
[3.770s] DEBUG:colcon.colcon_core.shell:Skip shell extension 'dsv' for command environment
[3.850s] DEBUG:colcon.colcon_core.event_handler.log_command:Invoking command in '/home/kwasi/soft_robotics_ws/build/force-sensor-data-reader': /usr/bin/cmake --build /home/kwasi/soft_robotics_ws/build/force-sensor-data-reader -- -j2 -l2
[3.888s] DEBUG:colcon.colcon_core.event_handler.log_command:Invoking command in '/home/kwasi/soft_robotics_ws/build/soft_robot_control': CMAKE_PREFIX_PATH=${CMAKE_PREFIX_PATH}:/home/kwasi/mower_sim_ws/install/mower_sim:/home/kwasi/depth_camera_ws/install/depth_camera:/opt/ros/humble /usr/bin/cmake --build /home/kwasi/soft_robotics_ws/build/soft_robot_control -- -j2 -l2
[4.419s] DEBUG:colcon.colcon_core.event_handler.log_command:Invoked command in '/home/kwasi/soft_robotics_ws/build/force-sensor-data-reader' returned '0': /usr/bin/cmake --build /home/kwasi/soft_robotics_ws/build/force-sensor-data-reader -- -j2 -l2
[4.582s] WARNING:colcon.colcon_cmake.task.cmake.build:Could not run installation step for package 'force-sensor-data-reader' because it has no 'install' target
[4.583s] Level 1:colcon.colcon_core.environment:create_environment_scripts_only(force-sensor-data-reader)
[4.606s] Level 1:colcon.colcon_core.environment:checking '/home/kwasi/soft_robotics_ws/install/force-sensor-data-reader' for CMake module files
[4.610s] Level 1:colcon.colcon_core.environment:checking '/home/kwasi/soft_robotics_ws/install/force-sensor-data-reader' for CMake config files
[4.614s] Level 1:colcon.colcon_core.environment:checking '/home/kwasi/soft_robotics_ws/install/force-sensor-data-reader/bin'
[4.615s] Level 1:colcon.colcon_core.environment:checking '/home/kwasi/soft_robotics_ws/install/force-sensor-data-reader/lib/pkgconfig/force-sensor-data-reader.pc'
[4.618s] Level 1:colcon.colcon_core.environment:checking '/home/kwasi/soft_robotics_ws/install/force-sensor-data-reader/lib/python3.10/site-packages'
[4.620s] Level 1:colcon.colcon_core.environment:checking '/home/kwasi/soft_robotics_ws/install/force-sensor-data-reader/bin'
[4.623s] INFO:colcon.colcon_core.shell:Creating package script '/home/kwasi/soft_robotics_ws/install/force-sensor-data-reader/share/force-sensor-data-reader/package.ps1'
[4.629s] INFO:colcon.colcon_core.shell:Creating package descriptor '/home/kwasi/soft_robotics_ws/install/force-sensor-data-reader/share/force-sensor-data-reader/package.dsv'
[4.633s] INFO:colcon.colcon_core.shell:Creating package script '/home/kwasi/soft_robotics_ws/install/force-sensor-data-reader/share/force-sensor-data-reader/package.sh'
[4.639s] INFO:colcon.colcon_core.shell:Creating package script '/home/kwasi/soft_robotics_ws/install/force-sensor-data-reader/share/force-sensor-data-reader/package.bash'
[4.646s] INFO:colcon.colcon_core.shell:Creating package script '/home/kwasi/soft_robotics_ws/install/force-sensor-data-reader/share/force-sensor-data-reader/package.zsh'
[4.653s] Level 1:colcon.colcon_core.environment:create_file_with_runtime_dependencies(/home/kwasi/soft_robotics_ws/install/force-sensor-data-reader/share/colcon-core/packages/force-sensor-data-reader)
[8.239s] DEBUG:colcon.colcon_core.event_handler.log_command:Invoked command in '/home/kwasi/soft_robotics_ws/build/soft_robot_control' returned '2': CMAKE_PREFIX_PATH=${CMAKE_PREFIX_PATH}:/home/kwasi/mower_sim_ws/install/mower_sim:/home/kwasi/depth_camera_ws/install/depth_camera:/opt/ros/humble /usr/bin/cmake --build /home/kwasi/soft_robotics_ws/build/soft_robot_control -- -j2 -l2
[8.413s] Level 1:colcon.colcon_core.environment:create_environment_scripts_only(soft_robot_control)
[8.415s] Level 1:colcon.colcon_core.environment:checking '/home/kwasi/soft_robotics_ws/install/soft_robot_control' for CMake module files
[8.420s] Level 1:colcon.colcon_core.environment:checking '/home/kwasi/soft_robotics_ws/install/soft_robot_control' for CMake config files
[8.422s] Level 1:colcon.colcon_core.shell:create_environment_hook('soft_robot_control', 'cmake_prefix_path')
[8.424s] INFO:colcon.colcon_core.shell:Creating environment hook '/home/kwasi/soft_robotics_ws/install/soft_robot_control/share/soft_robot_control/hook/cmake_prefix_path.ps1'
[8.429s] INFO:colcon.colcon_core.shell:Creating environment descriptor '/home/kwasi/soft_robotics_ws/install/soft_robot_control/share/soft_robot_control/hook/cmake_prefix_path.dsv'
[8.433s] INFO:colcon.colcon_core.shell:Creating environment hook '/home/kwasi/soft_robotics_ws/install/soft_robot_control/share/soft_robot_control/hook/cmake_prefix_path.sh'
[8.440s] Level 1:colcon.colcon_core.environment:checking '/home/kwasi/soft_robotics_ws/install/soft_robot_control/lib'
[8.441s] Level 1:colcon.colcon_core.environment:checking '/home/kwasi/soft_robotics_ws/install/soft_robot_control/bin'
[8.442s] Level 1:colcon.colcon_core.environment:checking '/home/kwasi/soft_robotics_ws/install/soft_robot_control/lib/pkgconfig/soft_robot_control.pc'
[8.449s] Level 1:colcon.colcon_core.environment:checking '/home/kwasi/soft_robotics_ws/install/soft_robot_control/lib/python3.10/site-packages'
[8.450s] Level 1:colcon.colcon_core.shell:create_environment_hook('soft_robot_control', 'pythonpath')
[8.452s] INFO:colcon.colcon_core.shell:Creating environment hook '/home/kwasi/soft_robotics_ws/install/soft_robot_control/share/soft_robot_control/hook/pythonpath.ps1'
[8.455s] INFO:colcon.colcon_core.shell:Creating environment descriptor '/home/kwasi/soft_robotics_ws/install/soft_robot_control/share/soft_robot_control/hook/pythonpath.dsv'
[8.460s] INFO:colcon.colcon_core.shell:Creating environment hook '/home/kwasi/soft_robotics_ws/install/soft_robot_control/share/soft_robot_control/hook/pythonpath.sh'
[8.465s] Level 1:colcon.colcon_core.environment:checking '/home/kwasi/soft_robotics_ws/install/soft_robot_control/bin'
[8.468s] INFO:colcon.colcon_core.shell:Creating package script '/home/kwasi/soft_robotics_ws/install/soft_robot_control/share/soft_robot_control/package.ps1'
[8.474s] INFO:colcon.colcon_core.shell:Creating package descriptor '/home/kwasi/soft_robotics_ws/install/soft_robot_control/share/soft_robot_control/package.dsv'
[8.479s] INFO:colcon.colcon_core.shell:Creating package script '/home/kwasi/soft_robotics_ws/install/soft_robot_control/share/soft_robot_control/package.sh'
[8.483s] INFO:colcon.colcon_core.shell:Creating package script '/home/kwasi/soft_robotics_ws/install/soft_robot_control/share/soft_robot_control/package.bash'
[8.487s] INFO:colcon.colcon_core.shell:Creating package script '/home/kwasi/soft_robotics_ws/install/soft_robot_control/share/soft_robot_control/package.zsh'
[8.490s] Level 1:colcon.colcon_core.environment:create_file_with_runtime_dependencies(/home/kwasi/soft_robotics_ws/install/soft_robot_control/share/colcon-core/packages/soft_robot_control)
[8.497s] DEBUG:colcon.colcon_parallel_executor.executor.parallel:closing loop
[8.499s] DEBUG:colcon.colcon_parallel_executor.executor.parallel:loop closed
[8.500s] DEBUG:colcon.colcon_parallel_executor.executor.parallel:run_until_complete finished with '2'
[8.500s] DEBUG:colcon.colcon_core.event_reactor:joining thread
[8.545s] INFO:colcon.colcon_core.plugin_system:Skipping extension 'colcon_notification.desktop_notification.terminal_notifier': Not used on non-Darwin systems
[8.546s] INFO:colcon.colcon_core.plugin_system:Skipping extension 'colcon_notification.desktop_notification.win32': Not used on non-Windows systems
[8.546s] INFO:colcon.colcon_notification.desktop_notification:Sending desktop notification using 'notify2'
[8.647s] DEBUG:colcon.colcon_core.event_reactor:joined thread
[8.650s] INFO:colcon.colcon_core.shell:Creating prefix script '/home/kwasi/soft_robotics_ws/install/local_setup.ps1'
[8.658s] INFO:colcon.colcon_core.shell:Creating prefix util module '/home/kwasi/soft_robotics_ws/install/_local_setup_util_ps1.py'
[8.670s] INFO:colcon.colcon_core.shell:Creating prefix chain script '/home/kwasi/soft_robotics_ws/install/setup.ps1'
[8.681s] INFO:colcon.colcon_core.shell:Creating prefix script '/home/kwasi/soft_robotics_ws/install/local_setup.sh'
[8.686s] INFO:colcon.colcon_core.shell:Creating prefix util module '/home/kwasi/soft_robotics_ws/install/_local_setup_util_sh.py'
[8.690s] INFO:colcon.colcon_core.shell:Creating prefix chain script '/home/kwasi/soft_robotics_ws/install/setup.sh'
[8.700s] INFO:colcon.colcon_core.shell:Creating prefix script '/home/kwasi/soft_robotics_ws/install/local_setup.bash'
[8.706s] INFO:colcon.colcon_core.shell:Creating prefix chain script '/home/kwasi/soft_robotics_ws/install/setup.bash'
[8.716s] INFO:colcon.colcon_core.shell:Creating prefix script '/home/kwasi/soft_robotics_ws/install/local_setup.zsh'
[8.720s] INFO:colcon.colcon_core.shell:Creating prefix chain script '/home/kwasi/soft_robotics_ws/install/setup.zsh'
