[10.438s] DEBUG:colcon:Command line arguments: ['/usr/bin/colcon', 'build']
[10.443s] DEBUG:colcon:Parsed command line arguments: Namespace(log_base=None, log_level=None, verb_name='build', build_base='build', install_base='install', merge_install=False, symlink_install=False, test_result_base=None, continue_on_error=False, executor='parallel', parallel_workers=2, event_handlers=None, ignore_user_meta=False, metas=['./colcon.meta'], base_paths=['.'], packages_ignore=None, packages_ignore_regex=None, paths=None, packages_up_to=None, packages_up_to_regex=None, packages_above=None, packages_above_and_dependencies=None, packages_above_depth=None, packages_select_by_dep=None, packages_skip_by_dep=None, packages_skip_up_to=None, packages_select_build_failed=False, packages_skip_build_finished=False, packages_select_test_failures=False, packages_skip_test_passed=False, packages_select=None, packages_skip=None, packages_select_regex=None, packages_skip_regex=None, packages_start=None, packages_end=None, allow_overriding=[], cmake_args=None, cmake_target=None, cmake_target_skip_unavailable=False, cmake_clean_cache=False, cmake_clean_first=False, cmake_force_configure=False, ament_cmake_args=None, catkin_cmake_args=None, catkin_skip_building_tests=False, verb_parser=<colcon_defaults.argument_parser.defaults.DefaultArgumentsDecorator object at 0x75cfcf8118d0>, verb_extension=<colcon_core.verb.build.BuildVerb object at 0x75cfd0234130>, main=<bound method BuildVerb.main of <colcon_core.verb.build.BuildVerb object at 0x75cfd0234130>>)
[11.001s] Level 1:colcon.colcon_core.package_discovery:discover_packages(colcon_meta) check parameters
[11.002s] Level 1:colcon.colcon_core.package_discovery:discover_packages(recursive) check parameters
[11.003s] Level 1:colcon.colcon_core.package_discovery:discover_packages(ignore) check parameters
[11.003s] Level 1:colcon.colcon_core.package_discovery:discover_packages(path) check parameters
[11.003s] Level 1:colcon.colcon_core.package_discovery:discover_packages(colcon_meta) discover
[11.004s] Level 1:colcon.colcon_core.package_discovery:discover_packages(recursive) discover
[11.004s] INFO:colcon.colcon_core.package_discovery:Crawling recursively for packages in '/home/kwasi/soft_robotics_ws'
[11.005s] Level 1:colcon.colcon_core.package_identification:_identify(.) by extensions ['ignore', 'ignore_ament_install']
[11.006s] Level 1:colcon.colcon_core.package_identification:_identify(.) by extension 'ignore'
[11.006s] Level 1:colcon.colcon_core.package_identification:_identify(.) by extension 'ignore_ament_install'
[11.015s] Level 1:colcon.colcon_core.package_identification:_identify(.) by extensions ['colcon_pkg']
[11.016s] Level 1:colcon.colcon_core.package_identification:_identify(.) by extension 'colcon_pkg'
[11.016s] Level 1:colcon.colcon_core.package_identification:_identify(.) by extensions ['colcon_meta']
[11.017s] Level 1:colcon.colcon_core.package_identification:_identify(.) by extension 'colcon_meta'
[11.017s] Level 1:colcon.colcon_core.package_identification:_identify(.) by extensions ['ros']
[11.017s] Level 1:colcon.colcon_core.package_identification:_identify(.) by extension 'ros'
[11.278s] Level 1:colcon.colcon_core.package_identification:_identify(.) by extensions ['cmake', 'python']
[11.278s] Level 1:colcon.colcon_core.package_identification:_identify(.) by extension 'cmake'
[11.279s] Level 1:colcon.colcon_core.package_identification:_identify(.) by extension 'python'
[11.279s] Level 1:colcon.colcon_core.package_identification:_identify(.) by extensions ['python_setup_py']
[11.280s] Level 1:colcon.colcon_core.package_identification:_identify(.) by extension 'python_setup_py'
[11.281s] Level 1:colcon.colcon_core.package_identification:_identify(build) by extensions ['ignore', 'ignore_ament_install']
[11.282s] Level 1:colcon.colcon_core.package_identification:_identify(build) by extension 'ignore'
[11.282s] Level 1:colcon.colcon_core.package_identification:_identify(build) ignored
[11.296s] Level 1:colcon.colcon_core.package_identification:_identify(install) by extensions ['ignore', 'ignore_ament_install']
[11.297s] Level 1:colcon.colcon_core.package_identification:_identify(install) by extension 'ignore'
[11.297s] Level 1:colcon.colcon_core.package_identification:_identify(install) ignored
[11.298s] Level 1:colcon.colcon_core.package_identification:_identify(log) by extensions ['ignore', 'ignore_ament_install']
[11.299s] Level 1:colcon.colcon_core.package_identification:_identify(log) by extension 'ignore'
[11.299s] Level 1:colcon.colcon_core.package_identification:_identify(log) ignored
[11.300s] Level 1:colcon.colcon_core.package_identification:_identify(src) by extensions ['ignore', 'ignore_ament_install']
[11.301s] Level 1:colcon.colcon_core.package_identification:_identify(src) by extension 'ignore'
[11.302s] Level 1:colcon.colcon_core.package_identification:_identify(src) by extension 'ignore_ament_install'
[11.302s] Level 1:colcon.colcon_core.package_identification:_identify(src) by extensions ['colcon_pkg']
[11.302s] Level 1:colcon.colcon_core.package_identification:_identify(src) by extension 'colcon_pkg'
[11.310s] Level 1:colcon.colcon_core.package_identification:_identify(src) by extensions ['colcon_meta']
[11.313s] Level 1:colcon.colcon_core.package_identification:_identify(src) by extension 'colcon_meta'
[11.315s] Level 1:colcon.colcon_core.package_identification:_identify(src) by extensions ['ros']
[11.316s] Level 1:colcon.colcon_core.package_identification:_identify(src) by extension 'ros'
[11.316s] Level 1:colcon.colcon_core.package_identification:_identify(src) by extensions ['cmake', 'python']
[11.317s] Level 1:colcon.colcon_core.package_identification:_identify(src) by extension 'cmake'
[11.317s] Level 1:colcon.colcon_core.package_identification:_identify(src) by extension 'python'
[11.332s] Level 1:colcon.colcon_core.package_identification:_identify(src) by extensions ['python_setup_py']
[11.332s] Level 1:colcon.colcon_core.package_identification:_identify(src) by extension 'python_setup_py'
[11.333s] Level 1:colcon.colcon_core.package_identification:_identify(src/soft_robot_control) by extensions ['ignore', 'ignore_ament_install']
[11.334s] Level 1:colcon.colcon_core.package_identification:_identify(src/soft_robot_control) by extension 'ignore'
[11.335s] Level 1:colcon.colcon_core.package_identification:_identify(src/soft_robot_control) by extension 'ignore_ament_install'
[11.335s] Level 1:colcon.colcon_core.package_identification:_identify(src/soft_robot_control) by extensions ['colcon_pkg']
[11.336s] Level 1:colcon.colcon_core.package_identification:_identify(src/soft_robot_control) by extension 'colcon_pkg'
[11.336s] Level 1:colcon.colcon_core.package_identification:_identify(src/soft_robot_control) by extensions ['colcon_meta']
[11.336s] Level 1:colcon.colcon_core.package_identification:_identify(src/soft_robot_control) by extension 'colcon_meta'
[11.337s] Level 1:colcon.colcon_core.package_identification:_identify(src/soft_robot_control) by extensions ['ros']
[11.337s] Level 1:colcon.colcon_core.package_identification:_identify(src/soft_robot_control) by extension 'ros'
[11.393s] DEBUG:colcon.colcon_core.package_identification:Package 'src/soft_robot_control' with type 'ros.ament_cmake' and name 'soft_robot_control'
[11.394s] Level 1:colcon.colcon_core.package_discovery:discover_packages(recursive) using defaults
[11.395s] Level 1:colcon.colcon_core.package_discovery:discover_packages(ignore) discover
[11.395s] Level 1:colcon.colcon_core.package_discovery:discover_packages(ignore) using defaults
[11.395s] Level 1:colcon.colcon_core.package_discovery:discover_packages(path) discover
[11.395s] Level 1:colcon.colcon_core.package_discovery:discover_packages(path) using defaults
[11.921s] Level 1:colcon.colcon_core.package_discovery:discover_packages(prefix_path) check parameters
[11.921s] Level 1:colcon.colcon_core.package_discovery:discover_packages(prefix_path) discover
[11.997s] DEBUG:colcon.colcon_installed_package_information.package_discovery:Found 1 installed packages in /home/kwasi/soft_robotics_ws/install
[12.026s] DEBUG:colcon.colcon_installed_package_information.package_discovery:Found 1 installed packages in /home/kwasi/mower_sim_ws/install
[12.062s] DEBUG:colcon.colcon_installed_package_information.package_discovery:Found 1 installed packages in /home/kwasi/depth_camera_ws/install
[12.133s] DEBUG:colcon.colcon_installed_package_information.package_discovery:Found 332 installed packages in /opt/ros/humble
[12.200s] Level 1:colcon.colcon_core.package_discovery:discover_packages(prefix_path) using defaults
[14.047s] Level 5:colcon.colcon_core.verb:set package 'soft_robot_control' build argument 'cmake_args' from command line to 'None'
[14.055s] Level 5:colcon.colcon_core.verb:set package 'soft_robot_control' build argument 'cmake_target' from command line to 'None'
[14.056s] Level 5:colcon.colcon_core.verb:set package 'soft_robot_control' build argument 'cmake_target_skip_unavailable' from command line to 'False'
[14.056s] Level 5:colcon.colcon_core.verb:set package 'soft_robot_control' build argument 'cmake_clean_cache' from command line to 'False'
[14.056s] Level 5:colcon.colcon_core.verb:set package 'soft_robot_control' build argument 'cmake_clean_first' from command line to 'False'
[14.056s] Level 5:colcon.colcon_core.verb:set package 'soft_robot_control' build argument 'cmake_force_configure' from command line to 'False'
[14.057s] Level 5:colcon.colcon_core.verb:set package 'soft_robot_control' build argument 'ament_cmake_args' from command line to 'None'
[14.057s] Level 5:colcon.colcon_core.verb:set package 'soft_robot_control' build argument 'catkin_cmake_args' from command line to 'None'
[14.057s] Level 5:colcon.colcon_core.verb:set package 'soft_robot_control' build argument 'catkin_skip_building_tests' from command line to 'False'
[14.058s] DEBUG:colcon.colcon_core.verb:Building package 'soft_robot_control' with the following arguments: {'ament_cmake_args': None, 'build_base': '/home/kwasi/soft_robotics_ws/build/soft_robot_control', 'catkin_cmake_args': None, 'catkin_skip_building_tests': False, 'cmake_args': None, 'cmake_clean_cache': False, 'cmake_clean_first': False, 'cmake_force_configure': False, 'cmake_target': None, 'cmake_target_skip_unavailable': False, 'install_base': '/home/kwasi/soft_robotics_ws/install/soft_robot_control', 'merge_install': False, 'path': '/home/kwasi/soft_robotics_ws/src/soft_robot_control', 'symlink_install': False, 'test_result_base': None}
[14.073s] INFO:colcon.colcon_core.executor:Executing jobs using 'parallel' executor
[14.137s] DEBUG:colcon.colcon_parallel_executor.executor.parallel:run_until_complete
[14.138s] INFO:colcon.colcon_ros.task.ament_cmake.build:Building ROS package in '/home/kwasi/soft_robotics_ws/src/soft_robot_control' with build type 'ament_cmake'
[14.148s] INFO:colcon.colcon_cmake.task.cmake.build:Building CMake package in '/home/kwasi/soft_robotics_ws/src/soft_robot_control'
[14.228s] INFO:colcon.colcon_core.plugin_system:Skipping extension 'colcon_core.shell.bat': Not used on non-Windows systems
[14.230s] INFO:colcon.colcon_core.shell:Skip shell extension 'powershell' for command environment: Not usable outside of PowerShell
[14.231s] DEBUG:colcon.colcon_core.shell:Skip shell extension 'dsv' for command environment
[14.449s] DEBUG:colcon.colcon_core.event_handler.log_command:Invoking command in '/home/kwasi/soft_robotics_ws/build/soft_robot_control': CMAKE_PREFIX_PATH=/home/kwasi/mower_sim_ws/install/mower_sim:/home/kwasi/depth_camera_ws/install/depth_camera:/opt/ros/humble /usr/bin/cmake /home/kwasi/soft_robotics_ws/src/soft_robot_control -DCMAKE_INSTALL_PREFIX=/home/kwasi/soft_robotics_ws/install/soft_robot_control
[21.978s] DEBUG:colcon.colcon_core.event_handler.log_command:Invoked command in '/home/kwasi/soft_robotics_ws/build/soft_robot_control' returned '1': CMAKE_PREFIX_PATH=/home/kwasi/mower_sim_ws/install/mower_sim:/home/kwasi/depth_camera_ws/install/depth_camera:/opt/ros/humble /usr/bin/cmake /home/kwasi/soft_robotics_ws/src/soft_robot_control -DCMAKE_INSTALL_PREFIX=/home/kwasi/soft_robotics_ws/install/soft_robot_control
[22.181s] Level 1:colcon.colcon_core.environment:create_environment_scripts_only(soft_robot_control)
[22.301s] Level 1:colcon.colcon_core.environment:checking '/home/kwasi/soft_robotics_ws/install/soft_robot_control' for CMake module files
[22.305s] Level 1:colcon.colcon_core.environment:checking '/home/kwasi/soft_robotics_ws/install/soft_robot_control' for CMake config files
[22.317s] Level 1:colcon.colcon_core.environment:checking '/home/kwasi/soft_robotics_ws/install/soft_robot_control/bin'
[22.319s] Level 1:colcon.colcon_core.environment:checking '/home/kwasi/soft_robotics_ws/install/soft_robot_control/lib/pkgconfig/soft_robot_control.pc'
[22.327s] Level 1:colcon.colcon_core.environment:checking '/home/kwasi/soft_robotics_ws/install/soft_robot_control/lib/python3.10/site-packages'
[22.334s] Level 1:colcon.colcon_core.environment:checking '/home/kwasi/soft_robotics_ws/install/soft_robot_control/bin'
[22.373s] INFO:colcon.colcon_core.shell:Creating package script '/home/kwasi/soft_robotics_ws/install/soft_robot_control/share/soft_robot_control/package.ps1'
[22.391s] INFO:colcon.colcon_core.shell:Creating package descriptor '/home/kwasi/soft_robotics_ws/install/soft_robot_control/share/soft_robot_control/package.dsv'
[22.395s] INFO:colcon.colcon_core.shell:Creating package script '/home/kwasi/soft_robotics_ws/install/soft_robot_control/share/soft_robot_control/package.sh'
[22.423s] INFO:colcon.colcon_core.shell:Creating package script '/home/kwasi/soft_robotics_ws/install/soft_robot_control/share/soft_robot_control/package.bash'
[22.439s] INFO:colcon.colcon_core.shell:Creating package script '/home/kwasi/soft_robotics_ws/install/soft_robot_control/share/soft_robot_control/package.zsh'
[22.445s] Level 1:colcon.colcon_core.environment:create_file_with_runtime_dependencies(/home/kwasi/soft_robotics_ws/install/soft_robot_control/share/colcon-core/packages/soft_robot_control)
[22.463s] DEBUG:colcon.colcon_parallel_executor.executor.parallel:closing loop
[22.466s] DEBUG:colcon.colcon_parallel_executor.executor.parallel:loop closed
[22.466s] DEBUG:colcon.colcon_parallel_executor.executor.parallel:run_until_complete finished with '1'
[22.466s] DEBUG:colcon.colcon_core.event_reactor:joining thread
[22.576s] INFO:colcon.colcon_core.plugin_system:Skipping extension 'colcon_notification.desktop_notification.terminal_notifier': Not used on non-Darwin systems
[22.577s] INFO:colcon.colcon_core.plugin_system:Skipping extension 'colcon_notification.desktop_notification.win32': Not used on non-Windows systems
[22.577s] INFO:colcon.colcon_notification.desktop_notification:Sending desktop notification using 'notify2'
[22.758s] DEBUG:colcon.colcon_core.event_reactor:joined thread
[22.795s] INFO:colcon.colcon_core.shell:Creating prefix script '/home/kwasi/soft_robotics_ws/install/local_setup.ps1'
[22.825s] INFO:colcon.colcon_core.shell:Creating prefix util module '/home/kwasi/soft_robotics_ws/install/_local_setup_util_ps1.py'
[22.856s] INFO:colcon.colcon_core.shell:Creating prefix chain script '/home/kwasi/soft_robotics_ws/install/setup.ps1'
[22.890s] INFO:colcon.colcon_core.shell:Creating prefix script '/home/kwasi/soft_robotics_ws/install/local_setup.sh'
[22.896s] INFO:colcon.colcon_core.shell:Creating prefix util module '/home/kwasi/soft_robotics_ws/install/_local_setup_util_sh.py'
[22.922s] INFO:colcon.colcon_core.shell:Creating prefix chain script '/home/kwasi/soft_robotics_ws/install/setup.sh'
[22.956s] INFO:colcon.colcon_core.shell:Creating prefix script '/home/kwasi/soft_robotics_ws/install/local_setup.bash'
[22.967s] INFO:colcon.colcon_core.shell:Creating prefix chain script '/home/kwasi/soft_robotics_ws/install/setup.bash'
[22.991s] INFO:colcon.colcon_core.shell:Creating prefix script '/home/kwasi/soft_robotics_ws/install/local_setup.zsh'
[23.010s] INFO:colcon.colcon_core.shell:Creating prefix chain script '/home/kwasi/soft_robotics_ws/install/setup.zsh'
