[8.842s] Invoking command in '/home/kwasi/soft_robotics_ws/src/soft_robot_control': PYTHONPATH=/home/kwasi/soft_robotics_ws/build/soft_robot_control/prefix_override:/usr/lib/python3/dist-packages/colcon_core/task/python/colcon_distutils_commands:/home/kwasi/soft_robotics_ws/install/soft_robot_control/lib/python3.10/site-packages:${PYTHONPATH} /usr/bin/python3 -W ignore:setup.py install is deprecated setup.py egg_info --egg-base ../../build/soft_robot_control build --build-base /home/kwasi/soft_robotics_ws/build/soft_robot_control/build install --record /home/kwasi/soft_robotics_ws/build/soft_robot_control/install.log --single-version-externally-managed install_data
[12.350s] running egg_info
[12.358s] writing ../../build/soft_robot_control/soft_robot_control.egg-info/PKG-INFO
[12.362s] writing dependency_links to ../../build/soft_robot_control/soft_robot_control.egg-info/dependency_links.txt
[12.365s] writing entry points to ../../build/soft_robot_control/soft_robot_control.egg-info/entry_points.txt
[12.369s] writing requirements to ../../build/soft_robot_control/soft_robot_control.egg-info/requires.txt
[12.372s] writing top-level names to ../../build/soft_robot_control/soft_robot_control.egg-info/top_level.txt
[12.391s] reading manifest file '../../build/soft_robot_control/soft_robot_control.egg-info/SOURCES.txt'
[12.412s] writing manifest file '../../build/soft_robot_control/soft_robot_control.egg-info/SOURCES.txt'
[12.415s] running build
[12.416s] running build_py
[12.420s] copying soft_robot_control/motor_control.py -> /home/kwasi/soft_robotics_ws/build/soft_robot_control/build/lib/soft_robot_control
[12.423s] copying soft_robot_control/stepper_test.py -> /home/kwasi/soft_robotics_ws/build/soft_robot_control/build/lib/soft_robot_control
[12.428s] running install
[12.432s] running install_lib
[12.439s] copying /home/kwasi/soft_robotics_ws/build/soft_robot_control/build/lib/soft_robot_control/motor_control.py -> /home/kwasi/soft_robotics_ws/install/soft_robot_control/lib/python3.10/site-packages/soft_robot_control
[12.443s] copying /home/kwasi/soft_robotics_ws/build/soft_robot_control/build/lib/soft_robot_control/stepper_test.py -> /home/kwasi/soft_robotics_ws/install/soft_robot_control/lib/python3.10/site-packages/soft_robot_control
[12.449s] byte-compiling /home/kwasi/soft_robotics_ws/install/soft_robot_control/lib/python3.10/site-packages/soft_robot_control/motor_control.py to motor_control.cpython-310.pyc
[12.457s] byte-compiling /home/kwasi/soft_robotics_ws/install/soft_robot_control/lib/python3.10/site-packages/soft_robot_control/stepper_test.py to stepper_test.cpython-310.pyc
[12.461s] running install_data
[12.464s] running install_egg_info
[12.636s] removing '/home/kwasi/soft_robotics_ws/install/soft_robot_control/lib/python3.10/site-packages/soft_robot_control-0.0.0-py3.10.egg-info' (and everything under it)
[12.641s] Copying ../../build/soft_robot_control/soft_robot_control.egg-info to /home/kwasi/soft_robotics_ws/install/soft_robot_control/lib/python3.10/site-packages/soft_robot_control-0.0.0-py3.10.egg-info
[12.650s] running install_scripts
[12.945s] Installing motor_control script to /home/kwasi/soft_robotics_ws/install/soft_robot_control/lib/soft_robot_control
[12.948s] Installing sensor_reader script to /home/kwasi/soft_robotics_ws/install/soft_robot_control/lib/soft_robot_control
[12.954s] writing list of installed files to '/home/kwasi/soft_robotics_ws/build/soft_robot_control/install.log'
[13.236s] Invoked command in '/home/kwasi/soft_robotics_ws/src/soft_robot_control' returned '0': PYTHONPATH=/home/kwasi/soft_robotics_ws/build/soft_robot_control/prefix_override:/usr/lib/python3/dist-packages/colcon_core/task/python/colcon_distutils_commands:/home/kwasi/soft_robotics_ws/install/soft_robot_control/lib/python3.10/site-packages:${PYTHONPATH} /usr/bin/python3 -W ignore:setup.py install is deprecated setup.py egg_info --egg-base ../../build/soft_robot_control build --build-base /home/kwasi/soft_robotics_ws/build/soft_robot_control/build install --record /home/kwasi/soft_robotics_ws/build/soft_robot_control/install.log --single-version-externally-managed install_data
