[1.002s] DEBUG:colcon:Command line arguments: ['/usr/bin/colcon', 'build']
[1.003s] DEBUG:colcon:Parsed command line arguments: Namespace(log_base=None, log_level=None, verb_name='build', build_base='build', install_base='install', merge_install=False, symlink_install=False, test_result_base=None, continue_on_error=False, executor='parallel', parallel_workers=2, event_handlers=None, ignore_user_meta=False, metas=['./colcon.meta'], base_paths=['.'], packages_ignore=None, packages_ignore_regex=None, paths=None, packages_up_to=None, packages_up_to_regex=None, packages_above=None, packages_above_and_dependencies=None, packages_above_depth=None, packages_select_by_dep=None, packages_skip_by_dep=None, packages_skip_up_to=None, packages_select_build_failed=False, packages_skip_build_finished=False, packages_select_test_failures=False, packages_skip_test_passed=False, packages_select=None, packages_skip=None, packages_select_regex=None, packages_skip_regex=None, packages_start=None, packages_end=None, allow_overriding=[], cmake_args=None, cmake_target=None, cmake_target_skip_unavailable=False, cmake_clean_cache=False, cmake_clean_first=False, cmake_force_configure=False, ament_cmake_args=None, catkin_cmake_args=None, catkin_skip_building_tests=False, mixin_files=None, mixin=None, verb_parser=<colcon_mixin.mixin.mixin_argument.MixinArgumentDecorator object at 0x730410b784c0>, verb_extension=<colcon_core.verb.build.BuildVerb object at 0x730410b47fd0>, main=<bound method BuildVerb.main of <colcon_core.verb.build.BuildVerb object at 0x730410b47fd0>>, mixin_verb=('build',))
[2.852s] Level 1:colcon.colcon_core.package_discovery:discover_packages(colcon_meta) check parameters
[2.853s] Level 1:colcon.colcon_core.package_discovery:discover_packages(recursive) check parameters
[2.853s] Level 1:colcon.colcon_core.package_discovery:discover_packages(ignore) check parameters
[2.853s] Level 1:colcon.colcon_core.package_discovery:discover_packages(path) check parameters
[2.853s] Level 1:colcon.colcon_core.package_discovery:discover_packages(colcon_meta) discover
[2.854s] Level 1:colcon.colcon_core.package_discovery:discover_packages(recursive) discover
[2.854s] INFO:colcon.colcon_core.package_discovery:Crawling recursively for packages in '/home/kwasi/soft_robotics_ws'
[2.855s] Level 1:colcon.colcon_core.package_identification:_identify(.) by extensions ['ignore', 'ignore_ament_install']
[2.855s] Level 1:colcon.colcon_core.package_identification:_identify(.) by extension 'ignore'
[2.856s] Level 1:colcon.colcon_core.package_identification:_identify(.) by extension 'ignore_ament_install'
[2.856s] Level 1:colcon.colcon_core.package_identification:_identify(.) by extensions ['colcon_pkg']
[2.857s] Level 1:colcon.colcon_core.package_identification:_identify(.) by extension 'colcon_pkg'
[2.857s] Level 1:colcon.colcon_core.package_identification:_identify(.) by extensions ['colcon_meta']
[2.857s] Level 1:colcon.colcon_core.package_identification:_identify(.) by extension 'colcon_meta'
[2.858s] Level 1:colcon.colcon_core.package_identification:_identify(.) by extensions ['ros']
[2.858s] Level 1:colcon.colcon_core.package_identification:_identify(.) by extension 'ros'
[2.944s] Level 1:colcon.colcon_core.package_identification:_identify(.) by extensions ['cmake', 'python']
[2.945s] Level 1:colcon.colcon_core.package_identification:_identify(.) by extension 'cmake'
[2.945s] Level 1:colcon.colcon_core.package_identification:_identify(.) by extension 'python'
[2.946s] Level 1:colcon.colcon_core.package_identification:_identify(.) by extensions ['python_setup_py']
[2.946s] Level 1:colcon.colcon_core.package_identification:_identify(.) by extension 'python_setup_py'
[2.947s] Level 1:colcon.colcon_core.package_identification:_identify(build) by extensions ['ignore', 'ignore_ament_install']
[2.948s] Level 1:colcon.colcon_core.package_identification:_identify(build) by extension 'ignore'
[2.948s] Level 1:colcon.colcon_core.package_identification:_identify(build) ignored
[2.949s] Level 1:colcon.colcon_core.package_identification:_identify(force_sensor_code) by extensions ['ignore', 'ignore_ament_install']
[2.950s] Level 1:colcon.colcon_core.package_identification:_identify(force_sensor_code) by extension 'ignore'
[2.950s] Level 1:colcon.colcon_core.package_identification:_identify(force_sensor_code) by extension 'ignore_ament_install'
[2.951s] Level 1:colcon.colcon_core.package_identification:_identify(force_sensor_code) by extensions ['colcon_pkg']
[2.951s] Level 1:colcon.colcon_core.package_identification:_identify(force_sensor_code) by extension 'colcon_pkg'
[2.952s] Level 1:colcon.colcon_core.package_identification:_identify(force_sensor_code) by extensions ['colcon_meta']
[2.952s] Level 1:colcon.colcon_core.package_identification:_identify(force_sensor_code) by extension 'colcon_meta'
[2.952s] Level 1:colcon.colcon_core.package_identification:_identify(force_sensor_code) by extensions ['ros']
[2.952s] Level 1:colcon.colcon_core.package_identification:_identify(force_sensor_code) by extension 'ros'
[2.953s] Level 1:colcon.colcon_core.package_identification:_identify(force_sensor_code) by extensions ['cmake', 'python']
[2.953s] Level 1:colcon.colcon_core.package_identification:_identify(force_sensor_code) by extension 'cmake'
[2.975s] Level 1:colcon.colcon_core.package_identification:_identify(force_sensor_code) by extension 'python'
[2.975s] DEBUG:colcon.colcon_core.package_identification:Package 'force_sensor_code' with type 'cmake' and name 'force-sensor-data-reader'
[2.976s] Level 1:colcon.colcon_core.package_identification:_identify(install) by extensions ['ignore', 'ignore_ament_install']
[2.977s] Level 1:colcon.colcon_core.package_identification:_identify(install) by extension 'ignore'
[2.977s] Level 1:colcon.colcon_core.package_identification:_identify(install) ignored
[2.978s] Level 1:colcon.colcon_core.package_identification:_identify(log) by extensions ['ignore', 'ignore_ament_install']
[2.979s] Level 1:colcon.colcon_core.package_identification:_identify(log) by extension 'ignore'
[2.980s] Level 1:colcon.colcon_core.package_identification:_identify(log) ignored
[2.980s] Level 1:colcon.colcon_core.package_identification:_identify(src) by extensions ['ignore', 'ignore_ament_install']
[2.981s] Level 1:colcon.colcon_core.package_identification:_identify(src) by extension 'ignore'
[2.981s] Level 1:colcon.colcon_core.package_identification:_identify(src) by extension 'ignore_ament_install'
[2.982s] Level 1:colcon.colcon_core.package_identification:_identify(src) by extensions ['colcon_pkg']
[2.982s] Level 1:colcon.colcon_core.package_identification:_identify(src) by extension 'colcon_pkg'
[2.983s] Level 1:colcon.colcon_core.package_identification:_identify(src) by extensions ['colcon_meta']
[2.983s] Level 1:colcon.colcon_core.package_identification:_identify(src) by extension 'colcon_meta'
[2.983s] Level 1:colcon.colcon_core.package_identification:_identify(src) by extensions ['ros']
[2.984s] Level 1:colcon.colcon_core.package_identification:_identify(src) by extension 'ros'
[2.984s] Level 1:colcon.colcon_core.package_identification:_identify(src) by extensions ['cmake', 'python']
[2.985s] Level 1:colcon.colcon_core.package_identification:_identify(src) by extension 'cmake'
[2.985s] Level 1:colcon.colcon_core.package_identification:_identify(src) by extension 'python'
[2.985s] Level 1:colcon.colcon_core.package_identification:_identify(src) by extensions ['python_setup_py']
[2.986s] Level 1:colcon.colcon_core.package_identification:_identify(src) by extension 'python_setup_py'
[2.987s] Level 1:colcon.colcon_core.package_identification:_identify(src/soft_robot_control) by extensions ['ignore', 'ignore_ament_install']
[2.987s] Level 1:colcon.colcon_core.package_identification:_identify(src/soft_robot_control) by extension 'ignore'
[2.988s] Level 1:colcon.colcon_core.package_identification:_identify(src/soft_robot_control) by extension 'ignore_ament_install'
[2.988s] Level 1:colcon.colcon_core.package_identification:_identify(src/soft_robot_control) by extensions ['colcon_pkg']
[2.989s] Level 1:colcon.colcon_core.package_identification:_identify(src/soft_robot_control) by extension 'colcon_pkg'
[2.989s] Level 1:colcon.colcon_core.package_identification:_identify(src/soft_robot_control) by extensions ['colcon_meta']
[2.989s] Level 1:colcon.colcon_core.package_identification:_identify(src/soft_robot_control) by extension 'colcon_meta'
[2.990s] Level 1:colcon.colcon_core.package_identification:_identify(src/soft_robot_control) by extensions ['ros']
[2.990s] Level 1:colcon.colcon_core.package_identification:_identify(src/soft_robot_control) by extension 'ros'
[3.007s] DEBUG:colcon.colcon_core.package_identification:Package 'src/soft_robot_control' with type 'ros.ament_cmake' and name 'soft_robot_control'
[3.007s] Level 1:colcon.colcon_core.package_discovery:discover_packages(recursive) using defaults
[3.008s] Level 1:colcon.colcon_core.package_discovery:discover_packages(ignore) discover
[3.008s] Level 1:colcon.colcon_core.package_discovery:discover_packages(ignore) using defaults
[3.008s] Level 1:colcon.colcon_core.package_discovery:discover_packages(path) discover
[3.008s] Level 1:colcon.colcon_core.package_discovery:discover_packages(path) using defaults
[3.219s] Level 1:colcon.colcon_core.package_discovery:discover_packages(prefix_path) check parameters
[3.219s] Level 1:colcon.colcon_core.package_discovery:discover_packages(prefix_path) discover
[3.236s] DEBUG:colcon.colcon_installed_package_information.package_discovery:Found 2 installed packages in /home/kwasi/soft_robotics_ws/install
[3.240s] DEBUG:colcon.colcon_installed_package_information.package_discovery:Found 1 installed packages in /home/kwasi/mower_sim_ws/install
[3.244s] DEBUG:colcon.colcon_installed_package_information.package_discovery:Found 1 installed packages in /home/kwasi/depth_camera_ws/install
[3.258s] DEBUG:colcon.colcon_installed_package_information.package_discovery:Found 334 installed packages in /opt/ros/humble
[3.278s] Level 1:colcon.colcon_core.package_discovery:discover_packages(prefix_path) using defaults
[3.713s] Level 5:colcon.colcon_core.verb:set package 'force-sensor-data-reader' build argument 'cmake_args' from command line to 'None'
[3.713s] Level 5:colcon.colcon_core.verb:set package 'force-sensor-data-reader' build argument 'cmake_target' from command line to 'None'
[3.713s] Level 5:colcon.colcon_core.verb:set package 'force-sensor-data-reader' build argument 'cmake_target_skip_unavailable' from command line to 'False'
[3.714s] Level 5:colcon.colcon_core.verb:set package 'force-sensor-data-reader' build argument 'cmake_clean_cache' from command line to 'False'
[3.714s] Level 5:colcon.colcon_core.verb:set package 'force-sensor-data-reader' build argument 'cmake_clean_first' from command line to 'False'
[3.714s] Level 5:colcon.colcon_core.verb:set package 'force-sensor-data-reader' build argument 'cmake_force_configure' from command line to 'False'
[3.714s] Level 5:colcon.colcon_core.verb:set package 'force-sensor-data-reader' build argument 'ament_cmake_args' from command line to 'None'
[3.714s] Level 5:colcon.colcon_core.verb:set package 'force-sensor-data-reader' build argument 'catkin_cmake_args' from command line to 'None'
[3.715s] Level 5:colcon.colcon_core.verb:set package 'force-sensor-data-reader' build argument 'catkin_skip_building_tests' from command line to 'False'
[3.715s] DEBUG:colcon.colcon_core.verb:Building package 'force-sensor-data-reader' with the following arguments: {'ament_cmake_args': None, 'build_base': '/home/kwasi/soft_robotics_ws/build/force-sensor-data-reader', 'catkin_cmake_args': None, 'catkin_skip_building_tests': False, 'cmake_args': None, 'cmake_clean_cache': False, 'cmake_clean_first': False, 'cmake_force_configure': False, 'cmake_target': None, 'cmake_target_skip_unavailable': False, 'install_base': '/home/kwasi/soft_robotics_ws/install/force-sensor-data-reader', 'merge_install': False, 'path': '/home/kwasi/soft_robotics_ws/force_sensor_code', 'symlink_install': False, 'test_result_base': None}
[3.718s] Level 5:colcon.colcon_core.verb:set package 'soft_robot_control' build argument 'cmake_args' from command line to 'None'
[3.718s] Level 5:colcon.colcon_core.verb:set package 'soft_robot_control' build argument 'cmake_target' from command line to 'None'
[3.719s] Level 5:colcon.colcon_core.verb:set package 'soft_robot_control' build argument 'cmake_target_skip_unavailable' from command line to 'False'
[3.719s] Level 5:colcon.colcon_core.verb:set package 'soft_robot_control' build argument 'cmake_clean_cache' from command line to 'False'
[3.719s] Level 5:colcon.colcon_core.verb:set package 'soft_robot_control' build argument 'cmake_clean_first' from command line to 'False'
[3.719s] Level 5:colcon.colcon_core.verb:set package 'soft_robot_control' build argument 'cmake_force_configure' from command line to 'False'
[3.720s] Level 5:colcon.colcon_core.verb:set package 'soft_robot_control' build argument 'ament_cmake_args' from command line to 'None'
[3.720s] Level 5:colcon.colcon_core.verb:set package 'soft_robot_control' build argument 'catkin_cmake_args' from command line to 'None'
[3.720s] Level 5:colcon.colcon_core.verb:set package 'soft_robot_control' build argument 'catkin_skip_building_tests' from command line to 'False'
[3.720s] DEBUG:colcon.colcon_core.verb:Building package 'soft_robot_control' with the following arguments: {'ament_cmake_args': None, 'build_base': '/home/kwasi/soft_robotics_ws/build/soft_robot_control', 'catkin_cmake_args': None, 'catkin_skip_building_tests': False, 'cmake_args': None, 'cmake_clean_cache': False, 'cmake_clean_first': False, 'cmake_force_configure': False, 'cmake_target': None, 'cmake_target_skip_unavailable': False, 'install_base': '/home/kwasi/soft_robotics_ws/install/soft_robot_control', 'merge_install': False, 'path': '/home/kwasi/soft_robotics_ws/src/soft_robot_control', 'symlink_install': False, 'test_result_base': None}
[3.721s] INFO:colcon.colcon_core.executor:Executing jobs using 'parallel' executor
[3.728s] DEBUG:colcon.colcon_parallel_executor.executor.parallel:run_until_complete
[3.729s] INFO:colcon.colcon_cmake.task.cmake.build:Building CMake package in '/home/kwasi/soft_robotics_ws/force_sensor_code'
[3.750s] INFO:colcon.colcon_core.plugin_system:Skipping extension 'colcon_core.shell.bat': Not used on non-Windows systems
[3.752s] INFO:colcon.colcon_core.shell:Skip shell extension 'powershell' for command environment: Not usable outside of PowerShell
[3.752s] DEBUG:colcon.colcon_core.shell:Skip shell extension 'dsv' for command environment
[3.797s] INFO:colcon.colcon_ros.task.ament_cmake.build:Building ROS package in '/home/kwasi/soft_robotics_ws/src/soft_robot_control' with build type 'ament_cmake'
[3.800s] INFO:colcon.colcon_cmake.task.cmake.build:Building CMake package in '/home/kwasi/soft_robotics_ws/src/soft_robot_control'
[3.802s] INFO:colcon.colcon_core.shell:Skip shell extension 'powershell' for command environment: Not usable outside of PowerShell
[3.803s] DEBUG:colcon.colcon_core.shell:Skip shell extension 'dsv' for command environment
[3.886s] DEBUG:colcon.colcon_core.event_handler.log_command:Invoking command in '/home/kwasi/soft_robotics_ws/build/force-sensor-data-reader': /usr/bin/cmake --build /home/kwasi/soft_robotics_ws/build/force-sensor-data-reader -- -j2 -l2
[3.922s] DEBUG:colcon.colcon_core.event_handler.log_command:Invoking command in '/home/kwasi/soft_robotics_ws/build/soft_robot_control': CMAKE_PREFIX_PATH=${CMAKE_PREFIX_PATH}:/home/kwasi/mower_sim_ws/install/mower_sim:/home/kwasi/depth_camera_ws/install/depth_camera:/opt/ros/humble /usr/bin/cmake --build /home/kwasi/soft_robotics_ws/build/soft_robot_control -- -j2 -l2
[4.334s] DEBUG:colcon.colcon_core.event_handler.log_command:Invoked command in '/home/kwasi/soft_robotics_ws/build/force-sensor-data-reader' returned '0': /usr/bin/cmake --build /home/kwasi/soft_robotics_ws/build/force-sensor-data-reader -- -j2 -l2
[4.484s] WARNING:colcon.colcon_cmake.task.cmake.build:Could not run installation step for package 'force-sensor-data-reader' because it has no 'install' target
[4.485s] Level 1:colcon.colcon_core.environment:create_environment_scripts_only(force-sensor-data-reader)
[4.518s] Level 1:colcon.colcon_core.environment:checking '/home/kwasi/soft_robotics_ws/install/force-sensor-data-reader' for CMake module files
[4.522s] Level 1:colcon.colcon_core.environment:checking '/home/kwasi/soft_robotics_ws/install/force-sensor-data-reader' for CMake config files
[4.525s] Level 1:colcon.colcon_core.environment:checking '/home/kwasi/soft_robotics_ws/install/force-sensor-data-reader/bin'
[4.526s] Level 1:colcon.colcon_core.environment:checking '/home/kwasi/soft_robotics_ws/install/force-sensor-data-reader/lib/pkgconfig/force-sensor-data-reader.pc'
[4.529s] Level 1:colcon.colcon_core.environment:checking '/home/kwasi/soft_robotics_ws/install/force-sensor-data-reader/lib/python3.10/site-packages'
[4.531s] Level 1:colcon.colcon_core.environment:checking '/home/kwasi/soft_robotics_ws/install/force-sensor-data-reader/bin'
[4.534s] INFO:colcon.colcon_core.shell:Creating package script '/home/kwasi/soft_robotics_ws/install/force-sensor-data-reader/share/force-sensor-data-reader/package.ps1'
[4.550s] INFO:colcon.colcon_core.shell:Creating package descriptor '/home/kwasi/soft_robotics_ws/install/force-sensor-data-reader/share/force-sensor-data-reader/package.dsv'
[4.555s] INFO:colcon.colcon_core.shell:Creating package script '/home/kwasi/soft_robotics_ws/install/force-sensor-data-reader/share/force-sensor-data-reader/package.sh'
[4.561s] INFO:colcon.colcon_core.shell:Creating package script '/home/kwasi/soft_robotics_ws/install/force-sensor-data-reader/share/force-sensor-data-reader/package.bash'
[4.568s] INFO:colcon.colcon_core.shell:Creating package script '/home/kwasi/soft_robotics_ws/install/force-sensor-data-reader/share/force-sensor-data-reader/package.zsh'
[4.575s] Level 1:colcon.colcon_core.environment:create_file_with_runtime_dependencies(/home/kwasi/soft_robotics_ws/install/force-sensor-data-reader/share/colcon-core/packages/force-sensor-data-reader)
[29.244s] DEBUG:colcon.colcon_core.event_handler.log_command:Invoked command in '/home/kwasi/soft_robotics_ws/build/soft_robot_control' returned '2': CMAKE_PREFIX_PATH=${CMAKE_PREFIX_PATH}:/home/kwasi/mower_sim_ws/install/mower_sim:/home/kwasi/depth_camera_ws/install/depth_camera:/opt/ros/humble /usr/bin/cmake --build /home/kwasi/soft_robotics_ws/build/soft_robot_control -- -j2 -l2
[29.420s] Level 1:colcon.colcon_core.environment:create_environment_scripts_only(soft_robot_control)
[29.423s] Level 1:colcon.colcon_core.environment:checking '/home/kwasi/soft_robotics_ws/install/soft_robot_control' for CMake module files
[29.428s] Level 1:colcon.colcon_core.environment:checking '/home/kwasi/soft_robotics_ws/install/soft_robot_control' for CMake config files
[29.430s] Level 1:colcon.colcon_core.shell:create_environment_hook('soft_robot_control', 'cmake_prefix_path')
[29.432s] INFO:colcon.colcon_core.shell:Creating environment hook '/home/kwasi/soft_robotics_ws/install/soft_robot_control/share/soft_robot_control/hook/cmake_prefix_path.ps1'
[29.438s] INFO:colcon.colcon_core.shell:Creating environment descriptor '/home/kwasi/soft_robotics_ws/install/soft_robot_control/share/soft_robot_control/hook/cmake_prefix_path.dsv'
[29.442s] INFO:colcon.colcon_core.shell:Creating environment hook '/home/kwasi/soft_robotics_ws/install/soft_robot_control/share/soft_robot_control/hook/cmake_prefix_path.sh'
[29.449s] Level 1:colcon.colcon_core.environment:checking '/home/kwasi/soft_robotics_ws/install/soft_robot_control/lib'
[29.451s] Level 1:colcon.colcon_core.environment:checking '/home/kwasi/soft_robotics_ws/install/soft_robot_control/bin'
[29.452s] Level 1:colcon.colcon_core.environment:checking '/home/kwasi/soft_robotics_ws/install/soft_robot_control/lib/pkgconfig/soft_robot_control.pc'
[29.454s] Level 1:colcon.colcon_core.environment:checking '/home/kwasi/soft_robotics_ws/install/soft_robot_control/lib/python3.10/site-packages'
[29.455s] Level 1:colcon.colcon_core.shell:create_environment_hook('soft_robot_control', 'pythonpath')
[29.457s] INFO:colcon.colcon_core.shell:Creating environment hook '/home/kwasi/soft_robotics_ws/install/soft_robot_control/share/soft_robot_control/hook/pythonpath.ps1'
[29.461s] INFO:colcon.colcon_core.shell:Creating environment descriptor '/home/kwasi/soft_robotics_ws/install/soft_robot_control/share/soft_robot_control/hook/pythonpath.dsv'
[29.464s] INFO:colcon.colcon_core.shell:Creating environment hook '/home/kwasi/soft_robotics_ws/install/soft_robot_control/share/soft_robot_control/hook/pythonpath.sh'
[29.469s] Level 1:colcon.colcon_core.environment:checking '/home/kwasi/soft_robotics_ws/install/soft_robot_control/bin'
[29.473s] INFO:colcon.colcon_core.shell:Creating package script '/home/kwasi/soft_robotics_ws/install/soft_robot_control/share/soft_robot_control/package.ps1'
[29.479s] INFO:colcon.colcon_core.shell:Creating package descriptor '/home/kwasi/soft_robotics_ws/install/soft_robot_control/share/soft_robot_control/package.dsv'
[29.483s] INFO:colcon.colcon_core.shell:Creating package script '/home/kwasi/soft_robotics_ws/install/soft_robot_control/share/soft_robot_control/package.sh'
[29.488s] INFO:colcon.colcon_core.shell:Creating package script '/home/kwasi/soft_robotics_ws/install/soft_robot_control/share/soft_robot_control/package.bash'
[29.491s] INFO:colcon.colcon_core.shell:Creating package script '/home/kwasi/soft_robotics_ws/install/soft_robot_control/share/soft_robot_control/package.zsh'
[29.495s] Level 1:colcon.colcon_core.environment:create_file_with_runtime_dependencies(/home/kwasi/soft_robotics_ws/install/soft_robot_control/share/colcon-core/packages/soft_robot_control)
[29.507s] DEBUG:colcon.colcon_parallel_executor.executor.parallel:closing loop
[29.509s] DEBUG:colcon.colcon_parallel_executor.executor.parallel:loop closed
[29.511s] DEBUG:colcon.colcon_parallel_executor.executor.parallel:run_until_complete finished with '2'
[29.512s] DEBUG:colcon.colcon_core.event_reactor:joining thread
[29.563s] INFO:colcon.colcon_core.plugin_system:Skipping extension 'colcon_notification.desktop_notification.terminal_notifier': Not used on non-Darwin systems
[29.564s] INFO:colcon.colcon_core.plugin_system:Skipping extension 'colcon_notification.desktop_notification.win32': Not used on non-Windows systems
[29.565s] INFO:colcon.colcon_notification.desktop_notification:Sending desktop notification using 'notify2'
[29.663s] DEBUG:colcon.colcon_core.event_reactor:joined thread
[29.665s] INFO:colcon.colcon_core.shell:Creating prefix script '/home/kwasi/soft_robotics_ws/install/local_setup.ps1'
[29.674s] INFO:colcon.colcon_core.shell:Creating prefix util module '/home/kwasi/soft_robotics_ws/install/_local_setup_util_ps1.py'
[29.688s] INFO:colcon.colcon_core.shell:Creating prefix chain script '/home/kwasi/soft_robotics_ws/install/setup.ps1'
[29.702s] INFO:colcon.colcon_core.shell:Creating prefix script '/home/kwasi/soft_robotics_ws/install/local_setup.sh'
[29.709s] INFO:colcon.colcon_core.shell:Creating prefix util module '/home/kwasi/soft_robotics_ws/install/_local_setup_util_sh.py'
[29.714s] INFO:colcon.colcon_core.shell:Creating prefix chain script '/home/kwasi/soft_robotics_ws/install/setup.sh'
[29.724s] INFO:colcon.colcon_core.shell:Creating prefix script '/home/kwasi/soft_robotics_ws/install/local_setup.bash'
[29.729s] INFO:colcon.colcon_core.shell:Creating prefix chain script '/home/kwasi/soft_robotics_ws/install/setup.bash'
[29.739s] INFO:colcon.colcon_core.shell:Creating prefix script '/home/kwasi/soft_robotics_ws/install/local_setup.zsh'
[29.744s] INFO:colcon.colcon_core.shell:Creating prefix chain script '/home/kwasi/soft_robotics_ws/install/setup.zsh'
