[3.142s] DEBUG:colcon:Command line arguments: ['/usr/bin/colcon', 'build']
[3.143s] DEBUG:colcon:Parsed command line arguments: Namespace(log_base=None, log_level=None, verb_name='build', build_base='build', install_base='install', merge_install=False, symlink_install=False, test_result_base=None, continue_on_error=False, executor='parallel', parallel_workers=2, event_handlers=None, ignore_user_meta=False, metas=['./colcon.meta'], base_paths=['.'], packages_ignore=None, packages_ignore_regex=None, paths=None, packages_up_to=None, packages_up_to_regex=None, packages_above=None, packages_above_and_dependencies=None, packages_above_depth=None, packages_select_by_dep=None, packages_skip_by_dep=None, packages_skip_up_to=None, packages_select_build_failed=False, packages_skip_build_finished=False, packages_select_test_failures=False, packages_skip_test_passed=False, packages_select=None, packages_skip=None, packages_select_regex=None, packages_skip_regex=None, packages_start=None, packages_end=None, allow_overriding=[], cmake_args=None, cmake_target=None, cmake_target_skip_unavailable=False, cmake_clean_cache=False, cmake_clean_first=False, cmake_force_configure=False, ament_cmake_args=None, catkin_cmake_args=None, catkin_skip_building_tests=False, verb_parser=<colcon_defaults.argument_parser.defaults.DefaultArgumentsDecorator object at 0x7ce740ca58a0>, verb_extension=<colcon_core.verb.build.BuildVerb object at 0x7ce7416b2500>, main=<bound method BuildVerb.main of <colcon_core.verb.build.BuildVerb object at 0x7ce7416b2500>>)
[3.348s] Level 1:colcon.colcon_core.package_discovery:discover_packages(colcon_meta) check parameters
[3.349s] Level 1:colcon.colcon_core.package_discovery:discover_packages(recursive) check parameters
[3.349s] Level 1:colcon.colcon_core.package_discovery:discover_packages(ignore) check parameters
[3.350s] Level 1:colcon.colcon_core.package_discovery:discover_packages(path) check parameters
[3.350s] Level 1:colcon.colcon_core.package_discovery:discover_packages(colcon_meta) discover
[3.350s] Level 1:colcon.colcon_core.package_discovery:discover_packages(recursive) discover
[3.351s] INFO:colcon.colcon_core.package_discovery:Crawling recursively for packages in '/home/kwasi/soft_robotics_ws'
[3.351s] Level 1:colcon.colcon_core.package_identification:_identify(.) by extensions ['ignore', 'ignore_ament_install']
[3.352s] Level 1:colcon.colcon_core.package_identification:_identify(.) by extension 'ignore'
[3.353s] Level 1:colcon.colcon_core.package_identification:_identify(.) by extension 'ignore_ament_install'
[3.353s] Level 1:colcon.colcon_core.package_identification:_identify(.) by extensions ['colcon_pkg']
[3.353s] Level 1:colcon.colcon_core.package_identification:_identify(.) by extension 'colcon_pkg'
[3.354s] Level 1:colcon.colcon_core.package_identification:_identify(.) by extensions ['colcon_meta']
[3.354s] Level 1:colcon.colcon_core.package_identification:_identify(.) by extension 'colcon_meta'
[3.354s] Level 1:colcon.colcon_core.package_identification:_identify(.) by extensions ['ros']
[3.355s] Level 1:colcon.colcon_core.package_identification:_identify(.) by extension 'ros'
[3.445s] Level 1:colcon.colcon_core.package_identification:_identify(.) by extensions ['cmake', 'python']
[3.446s] Level 1:colcon.colcon_core.package_identification:_identify(.) by extension 'cmake'
[3.446s] Level 1:colcon.colcon_core.package_identification:_identify(.) by extension 'python'
[3.447s] Level 1:colcon.colcon_core.package_identification:_identify(.) by extensions ['python_setup_py']
[3.447s] Level 1:colcon.colcon_core.package_identification:_identify(.) by extension 'python_setup_py'
[3.448s] Level 1:colcon.colcon_core.package_identification:_identify(build) by extensions ['ignore', 'ignore_ament_install']
[3.449s] Level 1:colcon.colcon_core.package_identification:_identify(build) by extension 'ignore'
[3.449s] Level 1:colcon.colcon_core.package_identification:_identify(build) ignored
[3.450s] Level 1:colcon.colcon_core.package_identification:_identify(install) by extensions ['ignore', 'ignore_ament_install']
[3.451s] Level 1:colcon.colcon_core.package_identification:_identify(install) by extension 'ignore'
[3.452s] Level 1:colcon.colcon_core.package_identification:_identify(install) ignored
[3.452s] Level 1:colcon.colcon_core.package_identification:_identify(log) by extensions ['ignore', 'ignore_ament_install']
[3.453s] Level 1:colcon.colcon_core.package_identification:_identify(log) by extension 'ignore'
[3.453s] Level 1:colcon.colcon_core.package_identification:_identify(log) ignored
[3.454s] Level 1:colcon.colcon_core.package_identification:_identify(src) by extensions ['ignore', 'ignore_ament_install']
[3.455s] Level 1:colcon.colcon_core.package_identification:_identify(src) by extension 'ignore'
[3.455s] Level 1:colcon.colcon_core.package_identification:_identify(src) by extension 'ignore_ament_install'
[3.456s] Level 1:colcon.colcon_core.package_identification:_identify(src) by extensions ['colcon_pkg']
[3.456s] Level 1:colcon.colcon_core.package_identification:_identify(src) by extension 'colcon_pkg'
[3.456s] Level 1:colcon.colcon_core.package_identification:_identify(src) by extensions ['colcon_meta']
[3.457s] Level 1:colcon.colcon_core.package_identification:_identify(src) by extension 'colcon_meta'
[3.457s] Level 1:colcon.colcon_core.package_identification:_identify(src) by extensions ['ros']
[3.457s] Level 1:colcon.colcon_core.package_identification:_identify(src) by extension 'ros'
[3.458s] Level 1:colcon.colcon_core.package_identification:_identify(src) by extensions ['cmake', 'python']
[3.458s] Level 1:colcon.colcon_core.package_identification:_identify(src) by extension 'cmake'
[3.459s] Level 1:colcon.colcon_core.package_identification:_identify(src) by extension 'python'
[3.459s] Level 1:colcon.colcon_core.package_identification:_identify(src) by extensions ['python_setup_py']
[3.459s] Level 1:colcon.colcon_core.package_identification:_identify(src) by extension 'python_setup_py'
[3.460s] Level 1:colcon.colcon_core.package_identification:_identify(src/soft_robot_control) by extensions ['ignore', 'ignore_ament_install']
[3.461s] Level 1:colcon.colcon_core.package_identification:_identify(src/soft_robot_control) by extension 'ignore'
[3.462s] Level 1:colcon.colcon_core.package_identification:_identify(src/soft_robot_control) by extension 'ignore_ament_install'
[3.462s] Level 1:colcon.colcon_core.package_identification:_identify(src/soft_robot_control) by extensions ['colcon_pkg']
[3.463s] Level 1:colcon.colcon_core.package_identification:_identify(src/soft_robot_control) by extension 'colcon_pkg'
[3.463s] Level 1:colcon.colcon_core.package_identification:_identify(src/soft_robot_control) by extensions ['colcon_meta']
[3.463s] Level 1:colcon.colcon_core.package_identification:_identify(src/soft_robot_control) by extension 'colcon_meta'
[3.464s] Level 1:colcon.colcon_core.package_identification:_identify(src/soft_robot_control) by extensions ['ros']
[3.464s] Level 1:colcon.colcon_core.package_identification:_identify(src/soft_robot_control) by extension 'ros'
[3.481s] DEBUG:colcon.colcon_core.package_identification:Package 'src/soft_robot_control' with type 'ros.ament_cmake' and name 'soft_robot_control'
[3.481s] Level 1:colcon.colcon_core.package_discovery:discover_packages(recursive) using defaults
[3.482s] Level 1:colcon.colcon_core.package_discovery:discover_packages(ignore) discover
[3.482s] Level 1:colcon.colcon_core.package_discovery:discover_packages(ignore) using defaults
[3.482s] Level 1:colcon.colcon_core.package_discovery:discover_packages(path) discover
[3.482s] Level 1:colcon.colcon_core.package_discovery:discover_packages(path) using defaults
[3.647s] Level 1:colcon.colcon_core.package_discovery:discover_packages(prefix_path) check parameters
[3.648s] Level 1:colcon.colcon_core.package_discovery:discover_packages(prefix_path) discover
[3.669s] DEBUG:colcon.colcon_installed_package_information.package_discovery:Found 1 installed packages in /home/kwasi/mower_sim_ws/install
[3.676s] DEBUG:colcon.colcon_installed_package_information.package_discovery:Found 1 installed packages in /home/kwasi/depth_camera_ws/install
[3.693s] DEBUG:colcon.colcon_installed_package_information.package_discovery:Found 332 installed packages in /opt/ros/humble
[3.708s] Level 1:colcon.colcon_core.package_discovery:discover_packages(prefix_path) using defaults
[4.344s] Level 5:colcon.colcon_core.verb:set package 'soft_robot_control' build argument 'cmake_args' from command line to 'None'
[4.344s] Level 5:colcon.colcon_core.verb:set package 'soft_robot_control' build argument 'cmake_target' from command line to 'None'
[4.345s] Level 5:colcon.colcon_core.verb:set package 'soft_robot_control' build argument 'cmake_target_skip_unavailable' from command line to 'False'
[4.345s] Level 5:colcon.colcon_core.verb:set package 'soft_robot_control' build argument 'cmake_clean_cache' from command line to 'False'
[4.345s] Level 5:colcon.colcon_core.verb:set package 'soft_robot_control' build argument 'cmake_clean_first' from command line to 'False'
[4.345s] Level 5:colcon.colcon_core.verb:set package 'soft_robot_control' build argument 'cmake_force_configure' from command line to 'False'
[4.346s] Level 5:colcon.colcon_core.verb:set package 'soft_robot_control' build argument 'ament_cmake_args' from command line to 'None'
[4.346s] Level 5:colcon.colcon_core.verb:set package 'soft_robot_control' build argument 'catkin_cmake_args' from command line to 'None'
[4.346s] Level 5:colcon.colcon_core.verb:set package 'soft_robot_control' build argument 'catkin_skip_building_tests' from command line to 'False'
[4.347s] DEBUG:colcon.colcon_core.verb:Building package 'soft_robot_control' with the following arguments: {'ament_cmake_args': None, 'build_base': '/home/kwasi/soft_robotics_ws/build/soft_robot_control', 'catkin_cmake_args': None, 'catkin_skip_building_tests': False, 'cmake_args': None, 'cmake_clean_cache': False, 'cmake_clean_first': False, 'cmake_force_configure': False, 'cmake_target': None, 'cmake_target_skip_unavailable': False, 'install_base': '/home/kwasi/soft_robotics_ws/install/soft_robot_control', 'merge_install': False, 'path': '/home/kwasi/soft_robotics_ws/src/soft_robot_control', 'symlink_install': False, 'test_result_base': None}
[4.354s] INFO:colcon.colcon_core.executor:Executing jobs using 'parallel' executor
[4.384s] DEBUG:colcon.colcon_parallel_executor.executor.parallel:run_until_complete
[4.385s] INFO:colcon.colcon_ros.task.ament_cmake.build:Building ROS package in '/home/kwasi/soft_robotics_ws/src/soft_robot_control' with build type 'ament_cmake'
[4.386s] INFO:colcon.colcon_cmake.task.cmake.build:Building CMake package in '/home/kwasi/soft_robotics_ws/src/soft_robot_control'
[4.427s] INFO:colcon.colcon_core.plugin_system:Skipping extension 'colcon_core.shell.bat': Not used on non-Windows systems
[4.430s] INFO:colcon.colcon_core.shell:Skip shell extension 'powershell' for command environment: Not usable outside of PowerShell
[4.430s] DEBUG:colcon.colcon_core.shell:Skip shell extension 'dsv' for command environment
[4.521s] DEBUG:colcon.colcon_core.event_handler.log_command:Invoking command in '/home/kwasi/soft_robotics_ws/build/soft_robot_control': CMAKE_PREFIX_PATH=/home/kwasi/mower_sim_ws/install/mower_sim:/home/kwasi/depth_camera_ws/install/depth_camera:/opt/ros/humble /usr/bin/cmake /home/kwasi/soft_robotics_ws/src/soft_robot_control -DCMAKE_INSTALL_PREFIX=/home/kwasi/soft_robotics_ws/install/soft_robot_control
[8.603s] DEBUG:colcon.colcon_core.event_handler.log_command:Invoked command in '/home/kwasi/soft_robotics_ws/build/soft_robot_control' returned '0': CMAKE_PREFIX_PATH=/home/kwasi/mower_sim_ws/install/mower_sim:/home/kwasi/depth_camera_ws/install/depth_camera:/opt/ros/humble /usr/bin/cmake /home/kwasi/soft_robotics_ws/src/soft_robot_control -DCMAKE_INSTALL_PREFIX=/home/kwasi/soft_robotics_ws/install/soft_robot_control
[8.616s] DEBUG:colcon.colcon_core.event_handler.log_command:Invoking command in '/home/kwasi/soft_robotics_ws/build/soft_robot_control': CMAKE_PREFIX_PATH=/home/kwasi/mower_sim_ws/install/mower_sim:/home/kwasi/depth_camera_ws/install/depth_camera:/opt/ros/humble /usr/bin/cmake --build /home/kwasi/soft_robotics_ws/build/soft_robot_control -- -j2 -l2
[8.869s] DEBUG:colcon.colcon_core.event_handler.log_command:Invoked command in '/home/kwasi/soft_robotics_ws/build/soft_robot_control' returned '0': CMAKE_PREFIX_PATH=/home/kwasi/mower_sim_ws/install/mower_sim:/home/kwasi/depth_camera_ws/install/depth_camera:/opt/ros/humble /usr/bin/cmake --build /home/kwasi/soft_robotics_ws/build/soft_robot_control -- -j2 -l2
[9.088s] DEBUG:colcon.colcon_core.event_handler.log_command:Invoking command in '/home/kwasi/soft_robotics_ws/build/soft_robot_control': CMAKE_PREFIX_PATH=/home/kwasi/mower_sim_ws/install/mower_sim:/home/kwasi/depth_camera_ws/install/depth_camera:/opt/ros/humble /usr/bin/cmake --install /home/kwasi/soft_robotics_ws/build/soft_robot_control
[9.173s] Level 1:colcon.colcon_core.environment:create_environment_scripts_only(soft_robot_control)
[9.180s] DEBUG:colcon.colcon_core.event_handler.log_command:Invoked command in '/home/kwasi/soft_robotics_ws/build/soft_robot_control' returned '0': CMAKE_PREFIX_PATH=/home/kwasi/mower_sim_ws/install/mower_sim:/home/kwasi/depth_camera_ws/install/depth_camera:/opt/ros/humble /usr/bin/cmake --install /home/kwasi/soft_robotics_ws/build/soft_robot_control
[9.219s] Level 1:colcon.colcon_core.environment:checking '/home/kwasi/soft_robotics_ws/install/soft_robot_control' for CMake module files
[9.223s] Level 1:colcon.colcon_core.environment:checking '/home/kwasi/soft_robotics_ws/install/soft_robot_control' for CMake config files
[9.226s] Level 1:colcon.colcon_core.shell:create_environment_hook('soft_robot_control', 'cmake_prefix_path')
[9.238s] INFO:colcon.colcon_core.shell:Creating environment hook '/home/kwasi/soft_robotics_ws/install/soft_robot_control/share/soft_robot_control/hook/cmake_prefix_path.ps1'
[9.245s] INFO:colcon.colcon_core.shell:Creating environment descriptor '/home/kwasi/soft_robotics_ws/install/soft_robot_control/share/soft_robot_control/hook/cmake_prefix_path.dsv'
[9.251s] INFO:colcon.colcon_core.shell:Creating environment hook '/home/kwasi/soft_robotics_ws/install/soft_robot_control/share/soft_robot_control/hook/cmake_prefix_path.sh'
[9.258s] Level 1:colcon.colcon_core.environment:checking '/home/kwasi/soft_robotics_ws/install/soft_robot_control/bin'
[9.259s] Level 1:colcon.colcon_core.environment:checking '/home/kwasi/soft_robotics_ws/install/soft_robot_control/lib/pkgconfig/soft_robot_control.pc'
[9.261s] Level 1:colcon.colcon_core.environment:checking '/home/kwasi/soft_robotics_ws/install/soft_robot_control/lib/python3.10/site-packages'
[9.264s] Level 1:colcon.colcon_core.environment:checking '/home/kwasi/soft_robotics_ws/install/soft_robot_control/bin'
[9.277s] INFO:colcon.colcon_core.shell:Creating package script '/home/kwasi/soft_robotics_ws/install/soft_robot_control/share/soft_robot_control/package.ps1'
[9.283s] INFO:colcon.colcon_core.shell:Creating package descriptor '/home/kwasi/soft_robotics_ws/install/soft_robot_control/share/soft_robot_control/package.dsv'
[9.288s] INFO:colcon.colcon_core.shell:Creating package script '/home/kwasi/soft_robotics_ws/install/soft_robot_control/share/soft_robot_control/package.sh'
[9.295s] INFO:colcon.colcon_core.shell:Creating package script '/home/kwasi/soft_robotics_ws/install/soft_robot_control/share/soft_robot_control/package.bash'
[9.301s] INFO:colcon.colcon_core.shell:Creating package script '/home/kwasi/soft_robotics_ws/install/soft_robot_control/share/soft_robot_control/package.zsh'
[9.307s] Level 1:colcon.colcon_core.environment:create_file_with_runtime_dependencies(/home/kwasi/soft_robotics_ws/install/soft_robot_control/share/colcon-core/packages/soft_robot_control)
[9.465s] Level 1:colcon.colcon_core.environment:create_environment_scripts_only(soft_robot_control)
[9.483s] Level 1:colcon.colcon_core.environment:checking '/home/kwasi/soft_robotics_ws/install/soft_robot_control' for CMake module files
[9.488s] Level 1:colcon.colcon_core.environment:checking '/home/kwasi/soft_robotics_ws/install/soft_robot_control' for CMake config files
[9.490s] Level 1:colcon.colcon_core.shell:create_environment_hook('soft_robot_control', 'cmake_prefix_path')
[9.504s] INFO:colcon.colcon_core.shell:Creating environment hook '/home/kwasi/soft_robotics_ws/install/soft_robot_control/share/soft_robot_control/hook/cmake_prefix_path.ps1'
[9.507s] INFO:colcon.colcon_core.shell:Creating environment descriptor '/home/kwasi/soft_robotics_ws/install/soft_robot_control/share/soft_robot_control/hook/cmake_prefix_path.dsv'
[9.510s] INFO:colcon.colcon_core.shell:Creating environment hook '/home/kwasi/soft_robotics_ws/install/soft_robot_control/share/soft_robot_control/hook/cmake_prefix_path.sh'
[9.515s] Level 1:colcon.colcon_core.environment:checking '/home/kwasi/soft_robotics_ws/install/soft_robot_control/bin'
[9.516s] Level 1:colcon.colcon_core.environment:checking '/home/kwasi/soft_robotics_ws/install/soft_robot_control/lib/pkgconfig/soft_robot_control.pc'
[9.518s] Level 1:colcon.colcon_core.environment:checking '/home/kwasi/soft_robotics_ws/install/soft_robot_control/lib/python3.10/site-packages'
[9.520s] Level 1:colcon.colcon_core.environment:checking '/home/kwasi/soft_robotics_ws/install/soft_robot_control/bin'
[9.533s] INFO:colcon.colcon_core.shell:Creating package script '/home/kwasi/soft_robotics_ws/install/soft_robot_control/share/soft_robot_control/package.ps1'
[9.537s] INFO:colcon.colcon_core.shell:Creating package descriptor '/home/kwasi/soft_robotics_ws/install/soft_robot_control/share/soft_robot_control/package.dsv'
[9.542s] INFO:colcon.colcon_core.shell:Creating package script '/home/kwasi/soft_robotics_ws/install/soft_robot_control/share/soft_robot_control/package.sh'
[9.545s] INFO:colcon.colcon_core.shell:Creating package script '/home/kwasi/soft_robotics_ws/install/soft_robot_control/share/soft_robot_control/package.bash'
[9.549s] INFO:colcon.colcon_core.shell:Creating package script '/home/kwasi/soft_robotics_ws/install/soft_robot_control/share/soft_robot_control/package.zsh'
[9.554s] Level 1:colcon.colcon_core.environment:create_file_with_runtime_dependencies(/home/kwasi/soft_robotics_ws/install/soft_robot_control/share/colcon-core/packages/soft_robot_control)
[9.555s] DEBUG:colcon.colcon_parallel_executor.executor.parallel:closing loop
[9.559s] DEBUG:colcon.colcon_parallel_executor.executor.parallel:loop closed
[9.559s] DEBUG:colcon.colcon_parallel_executor.executor.parallel:run_until_complete finished with '0'
[9.560s] DEBUG:colcon.colcon_core.event_reactor:joining thread
[9.608s] INFO:colcon.colcon_core.plugin_system:Skipping extension 'colcon_notification.desktop_notification.terminal_notifier': Not used on non-Darwin systems
[9.609s] INFO:colcon.colcon_core.plugin_system:Skipping extension 'colcon_notification.desktop_notification.win32': Not used on non-Windows systems
[9.609s] INFO:colcon.colcon_notification.desktop_notification:Sending desktop notification using 'notify2'
[9.711s] DEBUG:colcon.colcon_core.event_reactor:joined thread
[9.724s] INFO:colcon.colcon_core.shell:Creating prefix script '/home/kwasi/soft_robotics_ws/install/local_setup.ps1'
[9.732s] INFO:colcon.colcon_core.shell:Creating prefix util module '/home/kwasi/soft_robotics_ws/install/_local_setup_util_ps1.py'
[9.748s] INFO:colcon.colcon_core.shell:Creating prefix chain script '/home/kwasi/soft_robotics_ws/install/setup.ps1'
[9.761s] INFO:colcon.colcon_core.shell:Creating prefix script '/home/kwasi/soft_robotics_ws/install/local_setup.sh'
[9.766s] INFO:colcon.colcon_core.shell:Creating prefix util module '/home/kwasi/soft_robotics_ws/install/_local_setup_util_sh.py'
[9.773s] INFO:colcon.colcon_core.shell:Creating prefix chain script '/home/kwasi/soft_robotics_ws/install/setup.sh'
[9.786s] INFO:colcon.colcon_core.shell:Creating prefix script '/home/kwasi/soft_robotics_ws/install/local_setup.bash'
[9.792s] INFO:colcon.colcon_core.shell:Creating prefix chain script '/home/kwasi/soft_robotics_ws/install/setup.bash'
[9.805s] INFO:colcon.colcon_core.shell:Creating prefix script '/home/kwasi/soft_robotics_ws/install/local_setup.zsh'
[9.810s] INFO:colcon.colcon_core.shell:Creating prefix chain script '/home/kwasi/soft_robotics_ws/install/setup.zsh'
