[5.140s] DEBUG:colcon:Command line arguments: ['/usr/bin/colcon', 'build']
[5.141s] DEBUG:colcon:Parsed command line arguments: Namespace(log_base=None, log_level=None, verb_name='build', build_base='build', install_base='install', merge_install=False, symlink_install=False, test_result_base=None, continue_on_error=False, executor='parallel', parallel_workers=2, event_handlers=None, ignore_user_meta=False, metas=['./colcon.meta'], base_paths=['.'], packages_ignore=None, packages_ignore_regex=None, paths=None, packages_up_to=None, packages_up_to_regex=None, packages_above=None, packages_above_and_dependencies=None, packages_above_depth=None, packages_select_by_dep=None, packages_skip_by_dep=None, packages_skip_up_to=None, packages_select_build_failed=False, packages_skip_build_finished=False, packages_select_test_failures=False, packages_skip_test_passed=False, packages_select=None, packages_skip=None, packages_select_regex=None, packages_skip_regex=None, packages_start=None, packages_end=None, allow_overriding=[], cmake_args=None, cmake_target=None, cmake_target_skip_unavailable=False, cmake_clean_cache=False, cmake_clean_first=False, cmake_force_configure=False, ament_cmake_args=None, catkin_cmake_args=None, catkin_skip_building_tests=False, verb_parser=<colcon_defaults.argument_parser.defaults.DefaultArgumentsDecorator object at 0x71876e4017e0>, verb_extension=<colcon_core.verb.build.BuildVerb object at 0x71876e50bbb0>, main=<bound method BuildVerb.main of <colcon_core.verb.build.BuildVerb object at 0x71876e50bbb0>>)
[5.484s] Level 1:colcon.colcon_core.package_discovery:discover_packages(colcon_meta) check parameters
[5.485s] Level 1:colcon.colcon_core.package_discovery:discover_packages(recursive) check parameters
[5.485s] Level 1:colcon.colcon_core.package_discovery:discover_packages(ignore) check parameters
[5.485s] Level 1:colcon.colcon_core.package_discovery:discover_packages(path) check parameters
[5.485s] Level 1:colcon.colcon_core.package_discovery:discover_packages(colcon_meta) discover
[5.486s] Level 1:colcon.colcon_core.package_discovery:discover_packages(recursive) discover
[5.486s] INFO:colcon.colcon_core.package_discovery:Crawling recursively for packages in '/home/kwasi/soft_robotics_ws'
[5.487s] Level 1:colcon.colcon_core.package_identification:_identify(.) by extensions ['ignore', 'ignore_ament_install']
[5.487s] Level 1:colcon.colcon_core.package_identification:_identify(.) by extension 'ignore'
[5.488s] Level 1:colcon.colcon_core.package_identification:_identify(.) by extension 'ignore_ament_install'
[5.489s] Level 1:colcon.colcon_core.package_identification:_identify(.) by extensions ['colcon_pkg']
[5.489s] Level 1:colcon.colcon_core.package_identification:_identify(.) by extension 'colcon_pkg'
[5.489s] Level 1:colcon.colcon_core.package_identification:_identify(.) by extensions ['colcon_meta']
[5.489s] Level 1:colcon.colcon_core.package_identification:_identify(.) by extension 'colcon_meta'
[5.490s] Level 1:colcon.colcon_core.package_identification:_identify(.) by extensions ['ros']
[5.490s] Level 1:colcon.colcon_core.package_identification:_identify(.) by extension 'ros'
[5.586s] Level 1:colcon.colcon_core.package_identification:_identify(.) by extensions ['cmake', 'python']
[5.587s] Level 1:colcon.colcon_core.package_identification:_identify(.) by extension 'cmake'
[5.587s] Level 1:colcon.colcon_core.package_identification:_identify(.) by extension 'python'
[5.588s] Level 1:colcon.colcon_core.package_identification:_identify(.) by extensions ['python_setup_py']
[5.588s] Level 1:colcon.colcon_core.package_identification:_identify(.) by extension 'python_setup_py'
[5.589s] Level 1:colcon.colcon_core.package_identification:_identify(build) by extensions ['ignore', 'ignore_ament_install']
[5.590s] Level 1:colcon.colcon_core.package_identification:_identify(build) by extension 'ignore'
[5.591s] Level 1:colcon.colcon_core.package_identification:_identify(build) ignored
[5.592s] Level 1:colcon.colcon_core.package_identification:_identify(install) by extensions ['ignore', 'ignore_ament_install']
[5.593s] Level 1:colcon.colcon_core.package_identification:_identify(install) by extension 'ignore'
[5.593s] Level 1:colcon.colcon_core.package_identification:_identify(install) ignored
[5.594s] Level 1:colcon.colcon_core.package_identification:_identify(log) by extensions ['ignore', 'ignore_ament_install']
[5.595s] Level 1:colcon.colcon_core.package_identification:_identify(log) by extension 'ignore'
[5.595s] Level 1:colcon.colcon_core.package_identification:_identify(log) ignored
[5.596s] Level 1:colcon.colcon_core.package_identification:_identify(src) by extensions ['ignore', 'ignore_ament_install']
[5.597s] Level 1:colcon.colcon_core.package_identification:_identify(src) by extension 'ignore'
[5.598s] Level 1:colcon.colcon_core.package_identification:_identify(src) by extension 'ignore_ament_install'
[5.598s] Level 1:colcon.colcon_core.package_identification:_identify(src) by extensions ['colcon_pkg']
[5.598s] Level 1:colcon.colcon_core.package_identification:_identify(src) by extension 'colcon_pkg'
[5.599s] Level 1:colcon.colcon_core.package_identification:_identify(src) by extensions ['colcon_meta']
[5.599s] Level 1:colcon.colcon_core.package_identification:_identify(src) by extension 'colcon_meta'
[5.600s] Level 1:colcon.colcon_core.package_identification:_identify(src) by extensions ['ros']
[5.600s] Level 1:colcon.colcon_core.package_identification:_identify(src) by extension 'ros'
[5.601s] Level 1:colcon.colcon_core.package_identification:_identify(src) by extensions ['cmake', 'python']
[5.601s] Level 1:colcon.colcon_core.package_identification:_identify(src) by extension 'cmake'
[5.602s] Level 1:colcon.colcon_core.package_identification:_identify(src) by extension 'python'
[5.602s] Level 1:colcon.colcon_core.package_identification:_identify(src) by extensions ['python_setup_py']
[5.603s] Level 1:colcon.colcon_core.package_identification:_identify(src) by extension 'python_setup_py'
[5.603s] Level 1:colcon.colcon_core.package_discovery:discover_packages(recursive) using defaults
[5.604s] Level 1:colcon.colcon_core.package_discovery:discover_packages(ignore) discover
[5.604s] Level 1:colcon.colcon_core.package_discovery:discover_packages(ignore) using defaults
[5.604s] Level 1:colcon.colcon_core.package_discovery:discover_packages(path) discover
[5.604s] Level 1:colcon.colcon_core.package_discovery:discover_packages(path) using defaults
[5.831s] Level 1:colcon.colcon_core.package_discovery:discover_packages(prefix_path) check parameters
[5.831s] Level 1:colcon.colcon_core.package_discovery:discover_packages(prefix_path) discover
[5.867s] DEBUG:colcon.colcon_installed_package_information.package_discovery:Found 1 installed packages in /home/kwasi/mower_sim_ws/install
[5.876s] DEBUG:colcon.colcon_installed_package_information.package_discovery:Found 1 installed packages in /home/kwasi/depth_camera_ws/install
[5.896s] DEBUG:colcon.colcon_installed_package_information.package_discovery:Found 332 installed packages in /opt/ros/humble
[5.913s] Level 1:colcon.colcon_core.package_discovery:discover_packages(prefix_path) using defaults
[6.535s] INFO:colcon.colcon_core.executor:Executing jobs using 'parallel' executor
[6.561s] DEBUG:colcon.colcon_parallel_executor.executor.parallel:run_until_complete
[6.562s] DEBUG:colcon.colcon_parallel_executor.executor.parallel:closing loop
[6.564s] DEBUG:colcon.colcon_parallel_executor.executor.parallel:loop closed
[6.564s] DEBUG:colcon.colcon_parallel_executor.executor.parallel:run_until_complete finished with '0'
[6.564s] DEBUG:colcon.colcon_core.event_reactor:joining thread
[6.623s] INFO:colcon.colcon_core.plugin_system:Skipping extension 'colcon_notification.desktop_notification.terminal_notifier': Not used on non-Darwin systems
[6.624s] INFO:colcon.colcon_core.plugin_system:Skipping extension 'colcon_notification.desktop_notification.win32': Not used on non-Windows systems
[6.624s] INFO:colcon.colcon_notification.desktop_notification:Sending desktop notification using 'notify2'
[6.783s] DEBUG:colcon.colcon_core.event_reactor:joined thread
[6.848s] INFO:colcon.colcon_core.plugin_system:Skipping extension 'colcon_core.shell.bat': Not used on non-Windows systems
[6.851s] INFO:colcon.colcon_core.shell:Creating prefix script '/home/kwasi/soft_robotics_ws/install/local_setup.ps1'
[6.861s] INFO:colcon.colcon_core.shell:Creating prefix util module '/home/kwasi/soft_robotics_ws/install/_local_setup_util_ps1.py'
[6.873s] INFO:colcon.colcon_core.shell:Creating prefix chain script '/home/kwasi/soft_robotics_ws/install/setup.ps1'
[6.887s] INFO:colcon.colcon_core.shell:Creating prefix script '/home/kwasi/soft_robotics_ws/install/local_setup.sh'
[6.893s] INFO:colcon.colcon_core.shell:Creating prefix util module '/home/kwasi/soft_robotics_ws/install/_local_setup_util_sh.py'
[6.897s] INFO:colcon.colcon_core.shell:Creating prefix chain script '/home/kwasi/soft_robotics_ws/install/setup.sh'
[6.911s] INFO:colcon.colcon_core.shell:Creating prefix script '/home/kwasi/soft_robotics_ws/install/local_setup.bash'
[6.918s] INFO:colcon.colcon_core.shell:Creating prefix chain script '/home/kwasi/soft_robotics_ws/install/setup.bash'
[6.931s] INFO:colcon.colcon_core.shell:Creating prefix script '/home/kwasi/soft_robotics_ws/install/local_setup.zsh'
[6.937s] INFO:colcon.colcon_core.shell:Creating prefix chain script '/home/kwasi/soft_robotics_ws/install/setup.zsh'
