[0.112s] Invoking command in '/home/kwasi/soft_robotics_ws/build/soft_robot_control': CMAKE_PREFIX_PATH=/home/kwasi/mower_sim_ws/install/mower_sim:/home/kwasi/depth_camera_ws/install/depth_camera:/opt/ros/humble /usr/bin/cmake --build /home/kwasi/soft_robotics_ws/build/soft_robot_control -- -j2 -l2
[0.598s] [31mCMake Error at CMakeLists.txt:4 (find_package):
[0.599s]   By not providing "Findcatkin.cmake" in CMAKE_MODULE_PATH this project has
[0.600s]   asked CMake to find a package configuration file provided by "catkin", but
[0.601s]   CMake did not find one.
[0.601s] 
[0.602s]   Could not find a package configuration file provided by "catkin" with any
[0.602s]   of the following names:
[0.603s] 
[0.604s]     catkinConfig.cmake
[0.605s]     catkin-config.cmake
[0.605s] 
[0.612s]   Add the installation prefix of "catkin" to CMAKE_PREFIX_PATH or set
[0.613s]   "catkin_DIR" to a directory containing one of the above files.  If "catkin"
[0.614s]   provides a separate development package or SDK, be sure it has been
[0.614s]   installed.
[0.615s] 
[0.616s] [0m
[0.617s] -- Configuring incomplete, errors occurred!
[0.632s] See also "/home/kwasi/soft_robotics_ws/build/soft_robot_control/CMakeFiles/CMakeOutput.log".
[0.633s] gmake: *** [Makefile:226: cmake_check_build_system] Error 1
[0.634s] Invoked command in '/home/kwasi/soft_robotics_ws/build/soft_robot_control' returned '2': CMAKE_PREFIX_PATH=/home/kwasi/mower_sim_ws/install/mower_sim:/home/kwasi/depth_camera_ws/install/depth_camera:/opt/ros/humble /usr/bin/cmake --build /home/kwasi/soft_robotics_ws/build/soft_robot_control -- -j2 -l2
