-- Found ament_cmake: 1.3.10 (/opt/ros/humble/share/ament_cmake/cmake)
-- Found Python3: /home/kwasi/.pyenv/shims/python3 (found version "3.10.12") found components: Interpreter 
-- Found ament_lint_auto: 0.12.11 (/opt/ros/humble/share/ament_lint_auto/cmake)
-- Added test 'flake8' to check Python code syntax and style conventions
-- Added test 'lint_cmake' to check CMake code style
-- Added test 'pep257' to check Python code against some of the docstring style conventions in PEP 257
-- Added test 'xmllint' to check XML markup files
-- Configuring done
-- Generating done
-- Build files have been written to: /home/kwasi/soft_robotics_ws/build/soft_robot_control
-- Install configuration: ""
-- Up-to-date: /home/kwasi/soft_robotics_ws/install/soft_robot_control/share/ament_index/resource_index/package_run_dependencies/soft_robot_control
-- Up-to-date: /home/kwasi/soft_robotics_ws/install/soft_robot_control/share/ament_index/resource_index/parent_prefix_path/soft_robot_control
-- Installing: /home/kwasi/soft_robotics_ws/install/soft_robot_control/share/soft_robot_control/environment/ament_prefix_path.sh
-- Installing: /home/kwasi/soft_robotics_ws/install/soft_robot_control/share/soft_robot_control/environment/ament_prefix_path.dsv
-- Installing: /home/kwasi/soft_robotics_ws/install/soft_robot_control/share/soft_robot_control/environment/path.sh
-- Installing: /home/kwasi/soft_robotics_ws/install/soft_robot_control/share/soft_robot_control/environment/path.dsv
-- Up-to-date: /home/kwasi/soft_robotics_ws/install/soft_robot_control/share/soft_robot_control/local_setup.bash
-- Up-to-date: /home/kwasi/soft_robotics_ws/install/soft_robot_control/share/soft_robot_control/local_setup.sh
-- Up-to-date: /home/kwasi/soft_robotics_ws/install/soft_robot_control/share/soft_robot_control/local_setup.zsh
-- Installing: /home/kwasi/soft_robotics_ws/install/soft_robot_control/share/soft_robot_control/local_setup.dsv
-- Installing: /home/kwasi/soft_robotics_ws/install/soft_robot_control/share/soft_robot_control/package.dsv
-- Up-to-date: /home/kwasi/soft_robotics_ws/install/soft_robot_control/share/ament_index/resource_index/packages/soft_robot_control
-- Up-to-date: /home/kwasi/soft_robotics_ws/install/soft_robot_control/share/soft_robot_control/cmake/soft_robot_controlConfig.cmake
-- Up-to-date: /home/kwasi/soft_robotics_ws/install/soft_robot_control/share/soft_robot_control/cmake/soft_robot_controlConfig-version.cmake
-- Up-to-date: /home/kwasi/soft_robotics_ws/install/soft_robot_control/share/soft_robot_control/package.xml
