[0.128s] Invoking command in '/home/kwasi/soft_robotics_ws/build/soft_robot_control': CMAKE_PREFIX_PATH=/home/kwasi/mower_sim_ws/install/mower_sim:/home/kwasi/depth_camera_ws/install/depth_camera:/opt/ros/humble /usr/bin/cmake --build /home/kwasi/soft_robotics_ws/build/soft_robot_control -- -j2 -l2
[0.496s] -- Found ament_cmake: 1.3.10 (/opt/ros/humble/share/ament_cmake/cmake)
[9.844s] -- Found Python3: /home/kwasi/.pyenv/shims/python3 (found version "3.10.12") found components: Interpreter 
[11.052s] -- Found ament_lint_auto: 0.12.11 (/opt/ros/humble/share/ament_lint_auto/cmake)
[12.477s] -- Added test 'flake8' to check Python code syntax and style conventions
[12.484s] -- Added test 'lint_cmake' to check CMake code style
[12.488s] -- Added test 'pep257' to check Python code against some of the docstring style conventions in PEP 257
[12.499s] -- Added test 'xmllint' to check XML markup files
[12.510s] -- Configuring done
[12.557s] -- Generating done
[12.565s] -- Build files have been written to: /home/kwasi/soft_robotics_ws/build/soft_robot_control
[12.707s] Invoked command in '/home/kwasi/soft_robotics_ws/build/soft_robot_control' returned '0': CMAKE_PREFIX_PATH=/home/kwasi/mower_sim_ws/install/mower_sim:/home/kwasi/depth_camera_ws/install/depth_camera:/opt/ros/humble /usr/bin/cmake --build /home/kwasi/soft_robotics_ws/build/soft_robot_control -- -j2 -l2
[12.919s] Invoking command in '/home/kwasi/soft_robotics_ws/build/soft_robot_control': CMAKE_PREFIX_PATH=/home/kwasi/mower_sim_ws/install/mower_sim:/home/kwasi/depth_camera_ws/install/depth_camera:/opt/ros/humble /usr/bin/cmake --install /home/kwasi/soft_robotics_ws/build/soft_robot_control
[12.971s] -- Install configuration: ""
[12.977s] -- Up-to-date: /home/kwasi/soft_robotics_ws/install/soft_robot_control/share/ament_index/resource_index/package_run_dependencies/soft_robot_control
[12.978s] -- Up-to-date: /home/kwasi/soft_robotics_ws/install/soft_robot_control/share/ament_index/resource_index/parent_prefix_path/soft_robot_control
[12.984s] -- Installing: /home/kwasi/soft_robotics_ws/install/soft_robot_control/share/soft_robot_control/environment/ament_prefix_path.sh
[12.986s] -- Installing: /home/kwasi/soft_robotics_ws/install/soft_robot_control/share/soft_robot_control/environment/ament_prefix_path.dsv
[12.988s] -- Installing: /home/kwasi/soft_robotics_ws/install/soft_robot_control/share/soft_robot_control/environment/path.sh
[12.989s] -- Installing: /home/kwasi/soft_robotics_ws/install/soft_robot_control/share/soft_robot_control/environment/path.dsv
[12.990s] -- Up-to-date: /home/kwasi/soft_robotics_ws/install/soft_robot_control/share/soft_robot_control/local_setup.bash
[12.991s] -- Up-to-date: /home/kwasi/soft_robotics_ws/install/soft_robot_control/share/soft_robot_control/local_setup.sh
[12.992s] -- Up-to-date: /home/kwasi/soft_robotics_ws/install/soft_robot_control/share/soft_robot_control/local_setup.zsh
[12.993s] -- Installing: /home/kwasi/soft_robotics_ws/install/soft_robot_control/share/soft_robot_control/local_setup.dsv
[12.994s] -- Installing: /home/kwasi/soft_robotics_ws/install/soft_robot_control/share/soft_robot_control/package.dsv
[12.995s] -- Up-to-date: /home/kwasi/soft_robotics_ws/install/soft_robot_control/share/ament_index/resource_index/packages/soft_robot_control
[12.996s] -- Up-to-date: /home/kwasi/soft_robotics_ws/install/soft_robot_control/share/soft_robot_control/cmake/soft_robot_controlConfig.cmake
[12.997s] -- Up-to-date: /home/kwasi/soft_robotics_ws/install/soft_robot_control/share/soft_robot_control/cmake/soft_robot_controlConfig-version.cmake
[13.001s] -- Up-to-date: /home/kwasi/soft_robotics_ws/install/soft_robot_control/share/soft_robot_control/package.xml
[13.010s] Invoked command in '/home/kwasi/soft_robotics_ws/build/soft_robot_control' returned '0': CMAKE_PREFIX_PATH=/home/kwasi/mower_sim_ws/install/mower_sim:/home/kwasi/depth_camera_ws/install/depth_camera:/opt/ros/humble /usr/bin/cmake --install /home/kwasi/soft_robotics_ws/build/soft_robot_control
