running egg_info
creating ../../build/soft_robot_control/soft_robot_control.egg-info
writing ../../build/soft_robot_control/soft_robot_control.egg-info/PKG-INFO
writing dependency_links to ../../build/soft_robot_control/soft_robot_control.egg-info/dependency_links.txt
writing entry points to ../../build/soft_robot_control/soft_robot_control.egg-info/entry_points.txt
writing requirements to ../../build/soft_robot_control/soft_robot_control.egg-info/requires.txt
writing top-level names to ../../build/soft_robot_control/soft_robot_control.egg-info/top_level.txt
writing manifest file '../../build/soft_robot_control/soft_robot_control.egg-info/SOURCES.txt'
reading manifest file '../../build/soft_robot_control/soft_robot_control.egg-info/SOURCES.txt'
writing manifest file '../../build/soft_robot_control/soft_robot_control.egg-info/SOURCES.txt'
running build
running build_py
creating /home/kwasi/soft_robotics_ws/build/soft_robot_control/build
creating /home/kwasi/soft_robotics_ws/build/soft_robot_control/build/lib
creating /home/kwasi/soft_robotics_ws/build/soft_robot_control/build/lib/soft_robot_control
copying soft_robot_control/sensor_reader.py -> /home/kwasi/soft_robotics_ws/build/soft_robot_control/build/lib/soft_robot_control
copying soft_robot_control/motor_control.py -> /home/kwasi/soft_robotics_ws/build/soft_robot_control/build/lib/soft_robot_control
copying soft_robot_control/__init__.py -> /home/kwasi/soft_robotics_ws/build/soft_robot_control/build/lib/soft_robot_control
running install
running install_lib
creating /home/kwasi/soft_robotics_ws/install/soft_robot_control/lib/python3.10/site-packages/soft_robot_control
copying /home/kwasi/soft_robotics_ws/build/soft_robot_control/build/lib/soft_robot_control/sensor_reader.py -> /home/kwasi/soft_robotics_ws/install/soft_robot_control/lib/python3.10/site-packages/soft_robot_control
copying /home/kwasi/soft_robotics_ws/build/soft_robot_control/build/lib/soft_robot_control/motor_control.py -> /home/kwasi/soft_robotics_ws/install/soft_robot_control/lib/python3.10/site-packages/soft_robot_control
copying /home/kwasi/soft_robotics_ws/build/soft_robot_control/build/lib/soft_robot_control/__init__.py -> /home/kwasi/soft_robotics_ws/install/soft_robot_control/lib/python3.10/site-packages/soft_robot_control
byte-compiling /home/kwasi/soft_robotics_ws/install/soft_robot_control/lib/python3.10/site-packages/soft_robot_control/sensor_reader.py to sensor_reader.cpython-310.pyc
byte-compiling /home/kwasi/soft_robotics_ws/install/soft_robot_control/lib/python3.10/site-packages/soft_robot_control/motor_control.py to motor_control.cpython-310.pyc
byte-compiling /home/kwasi/soft_robotics_ws/install/soft_robot_control/lib/python3.10/site-packages/soft_robot_control/__init__.py to __init__.cpython-310.pyc
running install_data
copying resource/soft_robot_control -> /home/kwasi/soft_robotics_ws/install/soft_robot_control/share/ament_index/resource_index/packages
copying package.xml -> /home/kwasi/soft_robotics_ws/install/soft_robot_control/share/soft_robot_control
running install_egg_info
Copying ../../build/soft_robot_control/soft_robot_control.egg-info to /home/kwasi/soft_robotics_ws/install/soft_robot_control/lib/python3.10/site-packages/soft_robot_control-0.0.0-py3.10.egg-info
running install_scripts
writing list of installed files to '/home/kwasi/soft_robotics_ws/build/soft_robot_control/install.log'
