[8.342s] Invoking command in '/home/kwasi/soft_robotics_ws/src/soft_robot_control': PYTHONPATH=/home/kwasi/soft_robotics_ws/build/soft_robot_control/prefix_override:/usr/lib/python3/dist-packages/colcon_core/task/python/colcon_distutils_commands:/home/kwasi/soft_robotics_ws/install/soft_robot_control/lib/python3.10/site-packages:${PYTHONPATH} /usr/bin/python3 -W ignore:setup.py install is deprecated setup.py egg_info --egg-base ../../build/soft_robot_control build --build-base /home/kwasi/soft_robotics_ws/build/soft_robot_control/build install --record /home/kwasi/soft_robotics_ws/build/soft_robot_control/install.log --single-version-externally-managed install_data
[11.315s] running egg_info
[11.320s] creating ../../build/soft_robot_control/soft_robot_control.egg-info
[11.324s] writing ../../build/soft_robot_control/soft_robot_control.egg-info/PKG-INFO
[11.325s] writing dependency_links to ../../build/soft_robot_control/soft_robot_control.egg-info/dependency_links.txt
[11.327s] writing entry points to ../../build/soft_robot_control/soft_robot_control.egg-info/entry_points.txt
[11.327s] writing requirements to ../../build/soft_robot_control/soft_robot_control.egg-info/requires.txt
[11.329s] writing top-level names to ../../build/soft_robot_control/soft_robot_control.egg-info/top_level.txt
[11.329s] writing manifest file '../../build/soft_robot_control/soft_robot_control.egg-info/SOURCES.txt'
[11.345s] reading manifest file '../../build/soft_robot_control/soft_robot_control.egg-info/SOURCES.txt'
[11.350s] writing manifest file '../../build/soft_robot_control/soft_robot_control.egg-info/SOURCES.txt'
[11.352s] running build
[11.353s] running build_py
[11.354s] creating /home/kwasi/soft_robotics_ws/build/soft_robot_control/build
[11.356s] creating /home/kwasi/soft_robotics_ws/build/soft_robot_control/build/lib
[11.356s] creating /home/kwasi/soft_robotics_ws/build/soft_robot_control/build/lib/soft_robot_control
[11.357s] copying soft_robot_control/sensor_reader.py -> /home/kwasi/soft_robotics_ws/build/soft_robot_control/build/lib/soft_robot_control
[11.358s] copying soft_robot_control/motor_control.py -> /home/kwasi/soft_robotics_ws/build/soft_robot_control/build/lib/soft_robot_control
[11.359s] copying soft_robot_control/__init__.py -> /home/kwasi/soft_robotics_ws/build/soft_robot_control/build/lib/soft_robot_control
[11.360s] running install
[11.362s] running install_lib
[11.366s] creating /home/kwasi/soft_robotics_ws/install/soft_robot_control/lib/python3.10/site-packages/soft_robot_control
[11.367s] copying /home/kwasi/soft_robotics_ws/build/soft_robot_control/build/lib/soft_robot_control/sensor_reader.py -> /home/kwasi/soft_robotics_ws/install/soft_robot_control/lib/python3.10/site-packages/soft_robot_control
[11.369s] copying /home/kwasi/soft_robotics_ws/build/soft_robot_control/build/lib/soft_robot_control/motor_control.py -> /home/kwasi/soft_robotics_ws/install/soft_robot_control/lib/python3.10/site-packages/soft_robot_control
[11.369s] copying /home/kwasi/soft_robotics_ws/build/soft_robot_control/build/lib/soft_robot_control/__init__.py -> /home/kwasi/soft_robotics_ws/install/soft_robot_control/lib/python3.10/site-packages/soft_robot_control
[11.374s] byte-compiling /home/kwasi/soft_robotics_ws/install/soft_robot_control/lib/python3.10/site-packages/soft_robot_control/sensor_reader.py to sensor_reader.cpython-310.pyc
[11.375s] Sorry: TabError: inconsistent use of tabs and spaces in indentation (sensor_reader.py, line 14)
[11.376s] byte-compiling /home/kwasi/soft_robotics_ws/install/soft_robot_control/lib/python3.10/site-packages/soft_robot_control/motor_control.py to motor_control.cpython-310.pyc
[11.378s] Sorry: TabError: inconsistent use of tabs and spaces in indentation (motor_control.py, line 15)
[11.379s] byte-compiling /home/kwasi/soft_robotics_ws/install/soft_robot_control/lib/python3.10/site-packages/soft_robot_control/__init__.py to __init__.cpython-310.pyc
[11.380s] running install_data
[11.381s] copying resource/soft_robot_control -> /home/kwasi/soft_robotics_ws/install/soft_robot_control/share/ament_index/resource_index/packages
[11.381s] copying package.xml -> /home/kwasi/soft_robotics_ws/install/soft_robot_control/share/soft_robot_control
[11.382s] running install_egg_info
[11.518s] Copying ../../build/soft_robot_control/soft_robot_control.egg-info to /home/kwasi/soft_robotics_ws/install/soft_robot_control/lib/python3.10/site-packages/soft_robot_control-0.0.0-py3.10.egg-info
[11.526s] running install_scripts
[11.777s] writing list of installed files to '/home/kwasi/soft_robotics_ws/build/soft_robot_control/install.log'
[11.974s] Invoked command in '/home/kwasi/soft_robotics_ws/src/soft_robot_control' returned '0': PYTHONPATH=/home/kwasi/soft_robotics_ws/build/soft_robot_control/prefix_override:/usr/lib/python3/dist-packages/colcon_core/task/python/colcon_distutils_commands:/home/kwasi/soft_robotics_ws/install/soft_robot_control/lib/python3.10/site-packages:${PYTHONPATH} /usr/bin/python3 -W ignore:setup.py install is deprecated setup.py egg_info --egg-base ../../build/soft_robot_control build --build-base /home/kwasi/soft_robotics_ws/build/soft_robot_control/build install --record /home/kwasi/soft_robotics_ws/build/soft_robot_control/install.log --single-version-externally-managed install_data
