[2.296s] DEBUG:colcon:Command line arguments: ['/usr/bin/colcon', 'build']
[2.298s] DEBUG:colcon:Parsed command line arguments: Namespace(log_base=None, log_level=None, verb_name='build', build_base='build', install_base='install', merge_install=False, symlink_install=False, test_result_base=None, continue_on_error=False, executor='parallel', parallel_workers=2, event_handlers=None, ignore_user_meta=False, metas=['./colcon.meta'], base_paths=['.'], packages_ignore=None, packages_ignore_regex=None, paths=None, packages_up_to=None, packages_up_to_regex=None, packages_above=None, packages_above_and_dependencies=None, packages_above_depth=None, packages_select_by_dep=None, packages_skip_by_dep=None, packages_skip_up_to=None, packages_select_build_failed=False, packages_skip_build_finished=False, packages_select_test_failures=False, packages_skip_test_passed=False, packages_select=None, packages_skip=None, packages_select_regex=None, packages_skip_regex=None, packages_start=None, packages_end=None, allow_overriding=[], cmake_args=None, cmake_target=None, cmake_target_skip_unavailable=False, cmake_clean_cache=False, cmake_clean_first=False, cmake_force_configure=False, ament_cmake_args=None, catkin_cmake_args=None, catkin_skip_building_tests=False, mixin_files=None, mixin=None, verb_parser=<colcon_mixin.mixin.mixin_argument.MixinArgumentDecorator object at 0x799bab0cffd0>, verb_extension=<colcon_core.verb.build.BuildVerb object at 0x799bab0cd5d0>, main=<bound method BuildVerb.main of <colcon_core.verb.build.BuildVerb object at 0x799bab0cd5d0>>, mixin_verb=('build',))
[5.143s] Level 1:colcon.colcon_core.package_discovery:discover_packages(colcon_meta) check parameters
[5.144s] Level 1:colcon.colcon_core.package_discovery:discover_packages(recursive) check parameters
[5.144s] Level 1:colcon.colcon_core.package_discovery:discover_packages(ignore) check parameters
[5.144s] Level 1:colcon.colcon_core.package_discovery:discover_packages(path) check parameters
[5.145s] Level 1:colcon.colcon_core.package_discovery:discover_packages(colcon_meta) discover
[5.145s] Level 1:colcon.colcon_core.package_discovery:discover_packages(recursive) discover
[5.146s] INFO:colcon.colcon_core.package_discovery:Crawling recursively for packages in '/home/kwasi/soft_robotics_ws'
[5.146s] Level 1:colcon.colcon_core.package_identification:_identify(.) by extensions ['ignore', 'ignore_ament_install']
[5.147s] Level 1:colcon.colcon_core.package_identification:_identify(.) by extension 'ignore'
[5.148s] Level 1:colcon.colcon_core.package_identification:_identify(.) by extension 'ignore_ament_install'
[5.149s] Level 1:colcon.colcon_core.package_identification:_identify(.) by extensions ['colcon_pkg']
[5.149s] Level 1:colcon.colcon_core.package_identification:_identify(.) by extension 'colcon_pkg'
[5.149s] Level 1:colcon.colcon_core.package_identification:_identify(.) by extensions ['colcon_meta']
[5.150s] Level 1:colcon.colcon_core.package_identification:_identify(.) by extension 'colcon_meta'
[5.150s] Level 1:colcon.colcon_core.package_identification:_identify(.) by extensions ['ros']
[5.150s] Level 1:colcon.colcon_core.package_identification:_identify(.) by extension 'ros'
[5.427s] Level 1:colcon.colcon_core.package_identification:_identify(.) by extensions ['cmake', 'python']
[5.428s] Level 1:colcon.colcon_core.package_identification:_identify(.) by extension 'cmake'
[5.428s] Level 1:colcon.colcon_core.package_identification:_identify(.) by extension 'python'
[5.429s] Level 1:colcon.colcon_core.package_identification:_identify(.) by extensions ['python_setup_py']
[5.429s] Level 1:colcon.colcon_core.package_identification:_identify(.) by extension 'python_setup_py'
[5.430s] Level 1:colcon.colcon_core.package_identification:_identify(build) by extensions ['ignore', 'ignore_ament_install']
[5.431s] Level 1:colcon.colcon_core.package_identification:_identify(build) by extension 'ignore'
[5.434s] Level 1:colcon.colcon_core.package_identification:_identify(build) ignored
[5.435s] Level 1:colcon.colcon_core.package_identification:_identify(install) by extensions ['ignore', 'ignore_ament_install']
[5.436s] Level 1:colcon.colcon_core.package_identification:_identify(install) by extension 'ignore'
[5.437s] Level 1:colcon.colcon_core.package_identification:_identify(install) ignored
[5.438s] Level 1:colcon.colcon_core.package_identification:_identify(log) by extensions ['ignore', 'ignore_ament_install']
[5.438s] Level 1:colcon.colcon_core.package_identification:_identify(log) by extension 'ignore'
[5.439s] Level 1:colcon.colcon_core.package_identification:_identify(log) ignored
[5.440s] Level 1:colcon.colcon_core.package_identification:_identify(src) by extensions ['ignore', 'ignore_ament_install']
[5.441s] Level 1:colcon.colcon_core.package_identification:_identify(src) by extension 'ignore'
[5.441s] Level 1:colcon.colcon_core.package_identification:_identify(src) by extension 'ignore_ament_install'
[5.442s] Level 1:colcon.colcon_core.package_identification:_identify(src) by extensions ['colcon_pkg']
[5.442s] Level 1:colcon.colcon_core.package_identification:_identify(src) by extension 'colcon_pkg'
[5.448s] Level 1:colcon.colcon_core.package_identification:_identify(src) by extensions ['colcon_meta']
[5.449s] Level 1:colcon.colcon_core.package_identification:_identify(src) by extension 'colcon_meta'
[5.449s] Level 1:colcon.colcon_core.package_identification:_identify(src) by extensions ['ros']
[5.449s] Level 1:colcon.colcon_core.package_identification:_identify(src) by extension 'ros'
[5.450s] Level 1:colcon.colcon_core.package_identification:_identify(src) by extensions ['cmake', 'python']
[5.451s] Level 1:colcon.colcon_core.package_identification:_identify(src) by extension 'cmake'
[5.451s] Level 1:colcon.colcon_core.package_identification:_identify(src) by extension 'python'
[5.452s] Level 1:colcon.colcon_core.package_identification:_identify(src) by extensions ['python_setup_py']
[5.452s] Level 1:colcon.colcon_core.package_identification:_identify(src) by extension 'python_setup_py'
[5.453s] Level 1:colcon.colcon_core.package_identification:_identify(src/soft_robot_control) by extensions ['ignore', 'ignore_ament_install']
[5.454s] Level 1:colcon.colcon_core.package_identification:_identify(src/soft_robot_control) by extension 'ignore'
[5.454s] Level 1:colcon.colcon_core.package_identification:_identify(src/soft_robot_control) by extension 'ignore_ament_install'
[5.455s] Level 1:colcon.colcon_core.package_identification:_identify(src/soft_robot_control) by extensions ['colcon_pkg']
[5.455s] Level 1:colcon.colcon_core.package_identification:_identify(src/soft_robot_control) by extension 'colcon_pkg'
[5.456s] Level 1:colcon.colcon_core.package_identification:_identify(src/soft_robot_control) by extensions ['colcon_meta']
[5.456s] Level 1:colcon.colcon_core.package_identification:_identify(src/soft_robot_control) by extension 'colcon_meta'
[5.457s] Level 1:colcon.colcon_core.package_identification:_identify(src/soft_robot_control) by extensions ['ros']
[5.457s] Level 1:colcon.colcon_core.package_identification:_identify(src/soft_robot_control) by extension 'ros'
[5.594s] DEBUG:colcon.colcon_core.package_identification:Package 'src/soft_robot_control' with type 'ros.ament_python' and name 'soft_robot_control'
[5.595s] Level 1:colcon.colcon_core.package_discovery:discover_packages(recursive) using defaults
[5.595s] Level 1:colcon.colcon_core.package_discovery:discover_packages(ignore) discover
[5.596s] Level 1:colcon.colcon_core.package_discovery:discover_packages(ignore) using defaults
[5.596s] Level 1:colcon.colcon_core.package_discovery:discover_packages(path) discover
[5.596s] Level 1:colcon.colcon_core.package_discovery:discover_packages(path) using defaults
[6.164s] Level 1:colcon.colcon_core.package_discovery:discover_packages(prefix_path) check parameters
[6.164s] Level 1:colcon.colcon_core.package_discovery:discover_packages(prefix_path) discover
[6.194s] DEBUG:colcon.colcon_installed_package_information.package_discovery:Found 1 installed packages in /home/kwasi/soft_robotics_ws/install
[6.198s] DEBUG:colcon.colcon_installed_package_information.package_discovery:Found 1 installed packages in /home/kwasi/mower_sim_ws/install
[6.202s] DEBUG:colcon.colcon_installed_package_information.package_discovery:Found 1 installed packages in /home/kwasi/depth_camera_ws/install
[6.218s] DEBUG:colcon.colcon_installed_package_information.package_discovery:Found 334 installed packages in /opt/ros/humble
[6.244s] Level 1:colcon.colcon_core.package_discovery:discover_packages(prefix_path) using defaults
[6.878s] Level 5:colcon.colcon_core.verb:set package 'soft_robot_control' build argument 'cmake_args' from command line to 'None'
[6.879s] Level 5:colcon.colcon_core.verb:set package 'soft_robot_control' build argument 'cmake_target' from command line to 'None'
[6.879s] Level 5:colcon.colcon_core.verb:set package 'soft_robot_control' build argument 'cmake_target_skip_unavailable' from command line to 'False'
[6.879s] Level 5:colcon.colcon_core.verb:set package 'soft_robot_control' build argument 'cmake_clean_cache' from command line to 'False'
[6.882s] Level 5:colcon.colcon_core.verb:set package 'soft_robot_control' build argument 'cmake_clean_first' from command line to 'False'
[6.883s] Level 5:colcon.colcon_core.verb:set package 'soft_robot_control' build argument 'cmake_force_configure' from command line to 'False'
[6.883s] Level 5:colcon.colcon_core.verb:set package 'soft_robot_control' build argument 'ament_cmake_args' from command line to 'None'
[6.883s] Level 5:colcon.colcon_core.verb:set package 'soft_robot_control' build argument 'catkin_cmake_args' from command line to 'None'
[6.883s] Level 5:colcon.colcon_core.verb:set package 'soft_robot_control' build argument 'catkin_skip_building_tests' from command line to 'False'
[6.884s] DEBUG:colcon.colcon_core.verb:Building package 'soft_robot_control' with the following arguments: {'ament_cmake_args': None, 'build_base': '/home/kwasi/soft_robotics_ws/build/soft_robot_control', 'catkin_cmake_args': None, 'catkin_skip_building_tests': False, 'cmake_args': None, 'cmake_clean_cache': False, 'cmake_clean_first': False, 'cmake_force_configure': False, 'cmake_target': None, 'cmake_target_skip_unavailable': False, 'install_base': '/home/kwasi/soft_robotics_ws/install/soft_robot_control', 'merge_install': False, 'path': '/home/kwasi/soft_robotics_ws/src/soft_robot_control', 'symlink_install': False, 'test_result_base': None}
[6.885s] INFO:colcon.colcon_core.executor:Executing jobs using 'parallel' executor
[6.894s] DEBUG:colcon.colcon_parallel_executor.executor.parallel:run_until_complete
[6.895s] INFO:colcon.colcon_ros.task.ament_python.build:Building ROS package in '/home/kwasi/soft_robotics_ws/src/soft_robot_control' with build type 'ament_python'
[6.898s] Level 1:colcon.colcon_core.shell:create_environment_hook('soft_robot_control', 'ament_prefix_path')
[6.979s] INFO:colcon.colcon_core.plugin_system:Skipping extension 'colcon_core.shell.bat': Not used on non-Windows systems
[6.981s] INFO:colcon.colcon_core.shell:Creating environment hook '/home/kwasi/soft_robotics_ws/install/soft_robot_control/share/soft_robot_control/hook/ament_prefix_path.ps1'
[6.986s] INFO:colcon.colcon_core.shell:Creating environment descriptor '/home/kwasi/soft_robotics_ws/install/soft_robot_control/share/soft_robot_control/hook/ament_prefix_path.dsv'
[6.990s] INFO:colcon.colcon_core.shell:Creating environment hook '/home/kwasi/soft_robotics_ws/install/soft_robot_control/share/soft_robot_control/hook/ament_prefix_path.sh'
[6.999s] INFO:colcon.colcon_core.shell:Skip shell extension 'powershell' for command environment: Not usable outside of PowerShell
[7.000s] DEBUG:colcon.colcon_core.shell:Skip shell extension 'dsv' for command environment
[12.331s] INFO:colcon.colcon_core.task.python.build:Building Python package in '/home/kwasi/soft_robotics_ws/src/soft_robot_control'
[12.333s] INFO:colcon.colcon_core.shell:Skip shell extension 'powershell' for command environment: Not usable outside of PowerShell
[12.334s] DEBUG:colcon.colcon_core.shell:Skip shell extension 'dsv' for command environment
[18.436s] DEBUG:colcon.colcon_core.event_handler.log_command:Invoking command in '/home/kwasi/soft_robotics_ws/src/soft_robot_control': PYTHONPATH=/home/kwasi/soft_robotics_ws/build/soft_robot_control/prefix_override:/usr/lib/python3/dist-packages/colcon_core/task/python/colcon_distutils_commands:/home/kwasi/soft_robotics_ws/install/soft_robot_control/lib/python3.10/site-packages:${PYTHONPATH} /usr/bin/python3 -W ignore:setup.py install is deprecated setup.py egg_info --egg-base ../../build/soft_robot_control build --build-base /home/kwasi/soft_robotics_ws/build/soft_robot_control/build install --record /home/kwasi/soft_robotics_ws/build/soft_robot_control/install.log --single-version-externally-managed install_data
[22.727s] DEBUG:colcon.colcon_core.event_handler.log_command:Invoked command in '/home/kwasi/soft_robotics_ws/src/soft_robot_control' returned '0': PYTHONPATH=/home/kwasi/soft_robotics_ws/build/soft_robot_control/prefix_override:/usr/lib/python3/dist-packages/colcon_core/task/python/colcon_distutils_commands:/home/kwasi/soft_robotics_ws/install/soft_robot_control/lib/python3.10/site-packages:${PYTHONPATH} /usr/bin/python3 -W ignore:setup.py install is deprecated setup.py egg_info --egg-base ../../build/soft_robot_control build --build-base /home/kwasi/soft_robotics_ws/build/soft_robot_control/build install --record /home/kwasi/soft_robotics_ws/build/soft_robot_control/install.log --single-version-externally-managed install_data
[22.759s] Level 1:colcon.colcon_core.environment:checking '/home/kwasi/soft_robotics_ws/install/soft_robot_control' for CMake module files
[22.765s] Level 1:colcon.colcon_core.environment:checking '/home/kwasi/soft_robotics_ws/install/soft_robot_control' for CMake config files
[22.768s] Level 1:colcon.colcon_core.shell:create_environment_hook('soft_robot_control', 'cmake_prefix_path')
[22.770s] INFO:colcon.colcon_core.shell:Creating environment hook '/home/kwasi/soft_robotics_ws/install/soft_robot_control/share/soft_robot_control/hook/cmake_prefix_path.ps1'
[22.773s] INFO:colcon.colcon_core.shell:Creating environment descriptor '/home/kwasi/soft_robotics_ws/install/soft_robot_control/share/soft_robot_control/hook/cmake_prefix_path.dsv'
[22.776s] INFO:colcon.colcon_core.shell:Creating environment hook '/home/kwasi/soft_robotics_ws/install/soft_robot_control/share/soft_robot_control/hook/cmake_prefix_path.sh'
[22.781s] Level 1:colcon.colcon_core.environment:checking '/home/kwasi/soft_robotics_ws/install/soft_robot_control/lib'
[22.783s] Level 1:colcon.colcon_core.environment:checking '/home/kwasi/soft_robotics_ws/install/soft_robot_control/bin'
[22.784s] Level 1:colcon.colcon_core.environment:checking '/home/kwasi/soft_robotics_ws/install/soft_robot_control/lib/pkgconfig/soft_robot_control.pc'
[22.786s] Level 1:colcon.colcon_core.environment:checking '/home/kwasi/soft_robotics_ws/install/soft_robot_control/lib/python3.10/site-packages'
[22.787s] Level 1:colcon.colcon_core.shell:create_environment_hook('soft_robot_control', 'pythonpath')
[22.789s] INFO:colcon.colcon_core.shell:Creating environment hook '/home/kwasi/soft_robotics_ws/install/soft_robot_control/share/soft_robot_control/hook/pythonpath.ps1'
[22.793s] INFO:colcon.colcon_core.shell:Creating environment descriptor '/home/kwasi/soft_robotics_ws/install/soft_robot_control/share/soft_robot_control/hook/pythonpath.dsv'
[22.796s] INFO:colcon.colcon_core.shell:Creating environment hook '/home/kwasi/soft_robotics_ws/install/soft_robot_control/share/soft_robot_control/hook/pythonpath.sh'
[22.801s] Level 1:colcon.colcon_core.environment:checking '/home/kwasi/soft_robotics_ws/install/soft_robot_control/bin'
[22.802s] Level 1:colcon.colcon_core.environment:create_environment_scripts_only(soft_robot_control)
[22.806s] INFO:colcon.colcon_core.shell:Creating package script '/home/kwasi/soft_robotics_ws/install/soft_robot_control/share/soft_robot_control/package.ps1'
[22.813s] INFO:colcon.colcon_core.shell:Creating package descriptor '/home/kwasi/soft_robotics_ws/install/soft_robot_control/share/soft_robot_control/package.dsv'
[22.819s] INFO:colcon.colcon_core.shell:Creating package script '/home/kwasi/soft_robotics_ws/install/soft_robot_control/share/soft_robot_control/package.sh'
[22.827s] INFO:colcon.colcon_core.shell:Creating package script '/home/kwasi/soft_robotics_ws/install/soft_robot_control/share/soft_robot_control/package.bash'
[22.834s] INFO:colcon.colcon_core.shell:Creating package script '/home/kwasi/soft_robotics_ws/install/soft_robot_control/share/soft_robot_control/package.zsh'
[22.839s] Level 1:colcon.colcon_core.environment:create_file_with_runtime_dependencies(/home/kwasi/soft_robotics_ws/install/soft_robot_control/share/colcon-core/packages/soft_robot_control)
[22.842s] DEBUG:colcon.colcon_parallel_executor.executor.parallel:closing loop
[22.845s] DEBUG:colcon.colcon_parallel_executor.executor.parallel:loop closed
[22.846s] DEBUG:colcon.colcon_parallel_executor.executor.parallel:run_until_complete finished with '0'
[22.847s] DEBUG:colcon.colcon_core.event_reactor:joining thread
[22.906s] INFO:colcon.colcon_core.plugin_system:Skipping extension 'colcon_notification.desktop_notification.terminal_notifier': Not used on non-Darwin systems
[22.906s] INFO:colcon.colcon_core.plugin_system:Skipping extension 'colcon_notification.desktop_notification.win32': Not used on non-Windows systems
[22.907s] INFO:colcon.colcon_notification.desktop_notification:Sending desktop notification using 'notify2'
[22.963s] DEBUG:colcon.colcon_core.event_reactor:joined thread
[22.965s] INFO:colcon.colcon_core.shell:Creating prefix script '/home/kwasi/soft_robotics_ws/install/local_setup.ps1'
[22.973s] INFO:colcon.colcon_core.shell:Creating prefix util module '/home/kwasi/soft_robotics_ws/install/_local_setup_util_ps1.py'
[22.986s] INFO:colcon.colcon_core.shell:Creating prefix chain script '/home/kwasi/soft_robotics_ws/install/setup.ps1'
[22.995s] INFO:colcon.colcon_core.shell:Creating prefix script '/home/kwasi/soft_robotics_ws/install/local_setup.sh'
[23.000s] INFO:colcon.colcon_core.shell:Creating prefix util module '/home/kwasi/soft_robotics_ws/install/_local_setup_util_sh.py'
[23.004s] INFO:colcon.colcon_core.shell:Creating prefix chain script '/home/kwasi/soft_robotics_ws/install/setup.sh'
[23.015s] INFO:colcon.colcon_core.shell:Creating prefix script '/home/kwasi/soft_robotics_ws/install/local_setup.bash'
[23.019s] INFO:colcon.colcon_core.shell:Creating prefix chain script '/home/kwasi/soft_robotics_ws/install/setup.bash'
[23.029s] INFO:colcon.colcon_core.shell:Creating prefix script '/home/kwasi/soft_robotics_ws/install/local_setup.zsh'
[23.033s] INFO:colcon.colcon_core.shell:Creating prefix chain script '/home/kwasi/soft_robotics_ws/install/setup.zsh'
