[0.123s] Invoking command in '/home/kwasi/soft_robotics_ws/build/soft_robot_control': CMAKE_PREFIX_PATH=/home/kwasi/mower_sim_ws/install/mower_sim:/home/kwasi/depth_camera_ws/install/depth_camera:/opt/ros/humble /usr/bin/cmake /home/kwasi/soft_robotics_ws/src/soft_robot_control -DCMAKE_INSTALL_PREFIX=/home/kwasi/soft_robotics_ws/install/soft_robot_control
[0.230s] -- Found ament_cmake: 1.3.3 (/opt/ros/humble/share/ament_cmake/cmake)
[2.692s] -- Found ament_lint_auto: 0.12.6 (/opt/ros/humble/share/ament_lint_auto/cmake)
[4.122s] -- Added test 'lint_cmake' to check CMake code style
[4.133s] -- Added test 'xmllint' to check XML markup files
[4.149s] -- Configuring done
[4.184s] -- Generating done
[4.194s] -- Build files have been written to: /home/kwasi/soft_robotics_ws/build/soft_robot_control
[4.205s] Invoked command in '/home/kwasi/soft_robotics_ws/build/soft_robot_control' returned '0': CMAKE_PREFIX_PATH=/home/kwasi/mower_sim_ws/install/mower_sim:/home/kwasi/depth_camera_ws/install/depth_camera:/opt/ros/humble /usr/bin/cmake /home/kwasi/soft_robotics_ws/src/soft_robot_control -DCMAKE_INSTALL_PREFIX=/home/kwasi/soft_robotics_ws/install/soft_robot_control
[4.218s] Invoking command in '/home/kwasi/soft_robotics_ws/build/soft_robot_control': CMAKE_PREFIX_PATH=/home/kwasi/mower_sim_ws/install/mower_sim:/home/kwasi/depth_camera_ws/install/depth_camera:/opt/ros/humble /usr/bin/cmake --build /home/kwasi/soft_robotics_ws/build/soft_robot_control -- -j2 -l2
[4.471s] Invoked command in '/home/kwasi/soft_robotics_ws/build/soft_robot_control' returned '0': CMAKE_PREFIX_PATH=/home/kwasi/mower_sim_ws/install/mower_sim:/home/kwasi/depth_camera_ws/install/depth_camera:/opt/ros/humble /usr/bin/cmake --build /home/kwasi/soft_robotics_ws/build/soft_robot_control -- -j2 -l2
[4.690s] Invoking command in '/home/kwasi/soft_robotics_ws/build/soft_robot_control': CMAKE_PREFIX_PATH=/home/kwasi/mower_sim_ws/install/mower_sim:/home/kwasi/depth_camera_ws/install/depth_camera:/opt/ros/humble /usr/bin/cmake --install /home/kwasi/soft_robotics_ws/build/soft_robot_control
[4.749s] -- Install configuration: ""
[4.750s] -- Installing: /home/kwasi/soft_robotics_ws/install/soft_robot_control/share/ament_index/resource_index/package_run_dependencies/soft_robot_control
[4.750s] -- Installing: /home/kwasi/soft_robotics_ws/install/soft_robot_control/share/ament_index/resource_index/parent_prefix_path/soft_robot_control
[4.751s] -- Installing: /home/kwasi/soft_robotics_ws/install/soft_robot_control/share/soft_robot_control/environment/ament_prefix_path.sh
[4.754s] -- Installing: /home/kwasi/soft_robotics_ws/install/soft_robot_control/share/soft_robot_control/environment/ament_prefix_path.dsv
[4.755s] -- Installing: /home/kwasi/soft_robotics_ws/install/soft_robot_control/share/soft_robot_control/environment/path.sh
[4.756s] -- Installing: /home/kwasi/soft_robotics_ws/install/soft_robot_control/share/soft_robot_control/environment/path.dsv
[4.757s] -- Installing: /home/kwasi/soft_robotics_ws/install/soft_robot_control/share/soft_robot_control/local_setup.bash
[4.758s] -- Installing: /home/kwasi/soft_robotics_ws/install/soft_robot_control/share/soft_robot_control/local_setup.sh
[4.759s] -- Installing: /home/kwasi/soft_robotics_ws/install/soft_robot_control/share/soft_robot_control/local_setup.zsh
[4.759s] -- Installing: /home/kwasi/soft_robotics_ws/install/soft_robot_control/share/soft_robot_control/local_setup.dsv
[4.762s] -- Installing: /home/kwasi/soft_robotics_ws/install/soft_robot_control/share/soft_robot_control/package.dsv
[4.763s] -- Installing: /home/kwasi/soft_robotics_ws/install/soft_robot_control/share/ament_index/resource_index/packages/soft_robot_control
[4.764s] -- Installing: /home/kwasi/soft_robotics_ws/install/soft_robot_control/share/soft_robot_control/cmake/soft_robot_controlConfig.cmake
[4.766s] -- Installing: /home/kwasi/soft_robotics_ws/install/soft_robot_control/share/soft_robot_control/cmake/soft_robot_controlConfig-version.cmake
[4.767s] -- Installing: /home/kwasi/soft_robotics_ws/install/soft_robot_control/share/soft_robot_control/package.xml
[4.782s] Invoked command in '/home/kwasi/soft_robotics_ws/build/soft_robot_control' returned '0': CMAKE_PREFIX_PATH=/home/kwasi/mower_sim_ws/install/mower_sim:/home/kwasi/depth_camera_ws/install/depth_camera:/opt/ros/humble /usr/bin/cmake --install /home/kwasi/soft_robotics_ws/build/soft_robot_control
