[2.023s] DEBUG:colcon:Command line arguments: ['/usr/bin/colcon', 'build']
[2.024s] DEBUG:colcon:Parsed command line arguments: Namespace(log_base=None, log_level=None, verb_name='build', build_base='build', install_base='install', merge_install=False, symlink_install=False, test_result_base=None, continue_on_error=False, executor='parallel', parallel_workers=2, event_handlers=None, ignore_user_meta=False, metas=['./colcon.meta'], base_paths=['.'], packages_ignore=None, packages_ignore_regex=None, paths=None, packages_up_to=None, packages_up_to_regex=None, packages_above=None, packages_above_and_dependencies=None, packages_above_depth=None, packages_select_by_dep=None, packages_skip_by_dep=None, packages_skip_up_to=None, packages_select_build_failed=False, packages_skip_build_finished=False, packages_select_test_failures=False, packages_skip_test_passed=False, packages_select=None, packages_skip=None, packages_select_regex=None, packages_skip_regex=None, packages_start=None, packages_end=None, allow_overriding=[], cmake_args=None, cmake_target=None, cmake_target_skip_unavailable=False, cmake_clean_cache=False, cmake_clean_first=False, cmake_force_configure=False, ament_cmake_args=None, catkin_cmake_args=None, catkin_skip_building_tests=False, mixin_files=None, mixin=None, verb_parser=<colcon_mixin.mixin.mixin_argument.MixinArgumentDecorator object at 0x7734ec6cffd0>, verb_extension=<colcon_core.verb.build.BuildVerb object at 0x7734ec6cd5d0>, main=<bound method BuildVerb.main of <colcon_core.verb.build.BuildVerb object at 0x7734ec6cd5d0>>, mixin_verb=('build',))
[4.416s] Level 1:colcon.colcon_core.package_discovery:discover_packages(colcon_meta) check parameters
[4.417s] Level 1:colcon.colcon_core.package_discovery:discover_packages(recursive) check parameters
[4.417s] Level 1:colcon.colcon_core.package_discovery:discover_packages(ignore) check parameters
[4.417s] Level 1:colcon.colcon_core.package_discovery:discover_packages(path) check parameters
[4.418s] Level 1:colcon.colcon_core.package_discovery:discover_packages(colcon_meta) discover
[4.418s] Level 1:colcon.colcon_core.package_discovery:discover_packages(recursive) discover
[4.418s] INFO:colcon.colcon_core.package_discovery:Crawling recursively for packages in '/home/kwasi/soft_robotics_ws'
[4.419s] Level 1:colcon.colcon_core.package_identification:_identify(.) by extensions ['ignore', 'ignore_ament_install']
[4.420s] Level 1:colcon.colcon_core.package_identification:_identify(.) by extension 'ignore'
[4.421s] Level 1:colcon.colcon_core.package_identification:_identify(.) by extension 'ignore_ament_install'
[4.421s] Level 1:colcon.colcon_core.package_identification:_identify(.) by extensions ['colcon_pkg']
[4.422s] Level 1:colcon.colcon_core.package_identification:_identify(.) by extension 'colcon_pkg'
[4.422s] Level 1:colcon.colcon_core.package_identification:_identify(.) by extensions ['colcon_meta']
[4.422s] Level 1:colcon.colcon_core.package_identification:_identify(.) by extension 'colcon_meta'
[4.423s] Level 1:colcon.colcon_core.package_identification:_identify(.) by extensions ['ros']
[4.423s] Level 1:colcon.colcon_core.package_identification:_identify(.) by extension 'ros'
[4.679s] Level 1:colcon.colcon_core.package_identification:_identify(.) by extensions ['cmake', 'python']
[4.679s] Level 1:colcon.colcon_core.package_identification:_identify(.) by extension 'cmake'
[4.680s] Level 1:colcon.colcon_core.package_identification:_identify(.) by extension 'python'
[4.680s] Level 1:colcon.colcon_core.package_identification:_identify(.) by extensions ['python_setup_py']
[4.680s] Level 1:colcon.colcon_core.package_identification:_identify(.) by extension 'python_setup_py'
[4.681s] Level 1:colcon.colcon_core.package_identification:_identify(build) by extensions ['ignore', 'ignore_ament_install']
[4.682s] Level 1:colcon.colcon_core.package_identification:_identify(build) by extension 'ignore'
[4.683s] Level 1:colcon.colcon_core.package_identification:_identify(build) ignored
[4.684s] Level 1:colcon.colcon_core.package_identification:_identify(install) by extensions ['ignore', 'ignore_ament_install']
[4.685s] Level 1:colcon.colcon_core.package_identification:_identify(install) by extension 'ignore'
[4.685s] Level 1:colcon.colcon_core.package_identification:_identify(install) ignored
[4.687s] Level 1:colcon.colcon_core.package_identification:_identify(log) by extensions ['ignore', 'ignore_ament_install']
[4.688s] Level 1:colcon.colcon_core.package_identification:_identify(log) by extension 'ignore'
[4.689s] Level 1:colcon.colcon_core.package_identification:_identify(log) ignored
[4.689s] Level 1:colcon.colcon_core.package_identification:_identify(src) by extensions ['ignore', 'ignore_ament_install']
[4.690s] Level 1:colcon.colcon_core.package_identification:_identify(src) by extension 'ignore'
[4.691s] Level 1:colcon.colcon_core.package_identification:_identify(src) by extension 'ignore_ament_install'
[4.692s] Level 1:colcon.colcon_core.package_identification:_identify(src) by extensions ['colcon_pkg']
[4.692s] Level 1:colcon.colcon_core.package_identification:_identify(src) by extension 'colcon_pkg'
[4.692s] Level 1:colcon.colcon_core.package_identification:_identify(src) by extensions ['colcon_meta']
[4.693s] Level 1:colcon.colcon_core.package_identification:_identify(src) by extension 'colcon_meta'
[4.693s] Level 1:colcon.colcon_core.package_identification:_identify(src) by extensions ['ros']
[4.694s] Level 1:colcon.colcon_core.package_identification:_identify(src) by extension 'ros'
[4.694s] Level 1:colcon.colcon_core.package_identification:_identify(src) by extensions ['cmake', 'python']
[4.695s] Level 1:colcon.colcon_core.package_identification:_identify(src) by extension 'cmake'
[4.695s] Level 1:colcon.colcon_core.package_identification:_identify(src) by extension 'python'
[4.696s] Level 1:colcon.colcon_core.package_identification:_identify(src) by extensions ['python_setup_py']
[4.696s] Level 1:colcon.colcon_core.package_identification:_identify(src) by extension 'python_setup_py'
[4.697s] Level 1:colcon.colcon_core.package_identification:_identify(src/soft_robot_control) by extensions ['ignore', 'ignore_ament_install']
[4.698s] Level 1:colcon.colcon_core.package_identification:_identify(src/soft_robot_control) by extension 'ignore'
[4.699s] Level 1:colcon.colcon_core.package_identification:_identify(src/soft_robot_control) by extension 'ignore_ament_install'
[4.699s] Level 1:colcon.colcon_core.package_identification:_identify(src/soft_robot_control) by extensions ['colcon_pkg']
[4.700s] Level 1:colcon.colcon_core.package_identification:_identify(src/soft_robot_control) by extension 'colcon_pkg'
[4.700s] Level 1:colcon.colcon_core.package_identification:_identify(src/soft_robot_control) by extensions ['colcon_meta']
[4.700s] Level 1:colcon.colcon_core.package_identification:_identify(src/soft_robot_control) by extension 'colcon_meta'
[4.701s] Level 1:colcon.colcon_core.package_identification:_identify(src/soft_robot_control) by extensions ['ros']
[4.701s] Level 1:colcon.colcon_core.package_identification:_identify(src/soft_robot_control) by extension 'ros'
[4.825s] DEBUG:colcon.colcon_core.package_identification:Package 'src/soft_robot_control' with type 'ros.ament_python' and name 'soft_robot_control'
[4.826s] Level 1:colcon.colcon_core.package_discovery:discover_packages(recursive) using defaults
[4.826s] Level 1:colcon.colcon_core.package_discovery:discover_packages(ignore) discover
[4.826s] Level 1:colcon.colcon_core.package_discovery:discover_packages(ignore) using defaults
[4.827s] Level 1:colcon.colcon_core.package_discovery:discover_packages(path) discover
[4.827s] Level 1:colcon.colcon_core.package_discovery:discover_packages(path) using defaults
[5.324s] Level 1:colcon.colcon_core.package_discovery:discover_packages(prefix_path) check parameters
[5.324s] Level 1:colcon.colcon_core.package_discovery:discover_packages(prefix_path) discover
[5.354s] DEBUG:colcon.colcon_installed_package_information.package_discovery:Found 1 installed packages in /home/kwasi/soft_robotics_ws/install
[5.358s] DEBUG:colcon.colcon_installed_package_information.package_discovery:Found 1 installed packages in /home/kwasi/mower_sim_ws/install
[5.362s] DEBUG:colcon.colcon_installed_package_information.package_discovery:Found 1 installed packages in /home/kwasi/depth_camera_ws/install
[5.376s] DEBUG:colcon.colcon_installed_package_information.package_discovery:Found 334 installed packages in /opt/ros/humble
[5.396s] Level 1:colcon.colcon_core.package_discovery:discover_packages(prefix_path) using defaults
[5.939s] Level 5:colcon.colcon_core.verb:set package 'soft_robot_control' build argument 'cmake_args' from command line to 'None'
[5.939s] Level 5:colcon.colcon_core.verb:set package 'soft_robot_control' build argument 'cmake_target' from command line to 'None'
[5.940s] Level 5:colcon.colcon_core.verb:set package 'soft_robot_control' build argument 'cmake_target_skip_unavailable' from command line to 'False'
[5.940s] Level 5:colcon.colcon_core.verb:set package 'soft_robot_control' build argument 'cmake_clean_cache' from command line to 'False'
[5.940s] Level 5:colcon.colcon_core.verb:set package 'soft_robot_control' build argument 'cmake_clean_first' from command line to 'False'
[5.940s] Level 5:colcon.colcon_core.verb:set package 'soft_robot_control' build argument 'cmake_force_configure' from command line to 'False'
[5.941s] Level 5:colcon.colcon_core.verb:set package 'soft_robot_control' build argument 'ament_cmake_args' from command line to 'None'
[5.941s] Level 5:colcon.colcon_core.verb:set package 'soft_robot_control' build argument 'catkin_cmake_args' from command line to 'None'
[5.941s] Level 5:colcon.colcon_core.verb:set package 'soft_robot_control' build argument 'catkin_skip_building_tests' from command line to 'False'
[5.941s] DEBUG:colcon.colcon_core.verb:Building package 'soft_robot_control' with the following arguments: {'ament_cmake_args': None, 'build_base': '/home/kwasi/soft_robotics_ws/build/soft_robot_control', 'catkin_cmake_args': None, 'catkin_skip_building_tests': False, 'cmake_args': None, 'cmake_clean_cache': False, 'cmake_clean_first': False, 'cmake_force_configure': False, 'cmake_target': None, 'cmake_target_skip_unavailable': False, 'install_base': '/home/kwasi/soft_robotics_ws/install/soft_robot_control', 'merge_install': False, 'path': '/home/kwasi/soft_robotics_ws/src/soft_robot_control', 'symlink_install': False, 'test_result_base': None}
[5.943s] INFO:colcon.colcon_core.executor:Executing jobs using 'parallel' executor
[5.950s] DEBUG:colcon.colcon_parallel_executor.executor.parallel:run_until_complete
[5.951s] INFO:colcon.colcon_ros.task.ament_python.build:Building ROS package in '/home/kwasi/soft_robotics_ws/src/soft_robot_control' with build type 'ament_python'
[5.952s] Level 1:colcon.colcon_core.shell:create_environment_hook('soft_robot_control', 'ament_prefix_path')
[6.025s] INFO:colcon.colcon_core.plugin_system:Skipping extension 'colcon_core.shell.bat': Not used on non-Windows systems
[6.026s] INFO:colcon.colcon_core.shell:Creating environment hook '/home/kwasi/soft_robotics_ws/install/soft_robot_control/share/soft_robot_control/hook/ament_prefix_path.ps1'
[6.042s] INFO:colcon.colcon_core.shell:Creating environment descriptor '/home/kwasi/soft_robotics_ws/install/soft_robot_control/share/soft_robot_control/hook/ament_prefix_path.dsv'
[6.046s] INFO:colcon.colcon_core.shell:Creating environment hook '/home/kwasi/soft_robotics_ws/install/soft_robot_control/share/soft_robot_control/hook/ament_prefix_path.sh'
[6.066s] INFO:colcon.colcon_core.shell:Skip shell extension 'powershell' for command environment: Not usable outside of PowerShell
[6.067s] DEBUG:colcon.colcon_core.shell:Skip shell extension 'dsv' for command environment
[9.967s] INFO:colcon.colcon_core.task.python.build:Building Python package in '/home/kwasi/soft_robotics_ws/src/soft_robot_control'
[9.970s] INFO:colcon.colcon_core.shell:Skip shell extension 'powershell' for command environment: Not usable outside of PowerShell
[9.970s] DEBUG:colcon.colcon_core.shell:Skip shell extension 'dsv' for command environment
[15.434s] DEBUG:colcon.colcon_core.event_handler.log_command:Invoking command in '/home/kwasi/soft_robotics_ws/src/soft_robot_control': PYTHONPATH=/home/kwasi/soft_robotics_ws/build/soft_robot_control/prefix_override:/usr/lib/python3/dist-packages/colcon_core/task/python/colcon_distutils_commands:/home/kwasi/soft_robotics_ws/install/soft_robot_control/lib/python3.10/site-packages:${PYTHONPATH} /usr/bin/python3 -W ignore:setup.py install is deprecated setup.py egg_info --egg-base ../../build/soft_robot_control build --build-base /home/kwasi/soft_robotics_ws/build/soft_robot_control/build install --record /home/kwasi/soft_robotics_ws/build/soft_robot_control/install.log --single-version-externally-managed install_data
[20.037s] DEBUG:colcon.colcon_core.event_handler.log_command:Invoked command in '/home/kwasi/soft_robotics_ws/src/soft_robot_control' returned '0': PYTHONPATH=/home/kwasi/soft_robotics_ws/build/soft_robot_control/prefix_override:/usr/lib/python3/dist-packages/colcon_core/task/python/colcon_distutils_commands:/home/kwasi/soft_robotics_ws/install/soft_robot_control/lib/python3.10/site-packages:${PYTHONPATH} /usr/bin/python3 -W ignore:setup.py install is deprecated setup.py egg_info --egg-base ../../build/soft_robot_control build --build-base /home/kwasi/soft_robotics_ws/build/soft_robot_control/build install --record /home/kwasi/soft_robotics_ws/build/soft_robot_control/install.log --single-version-externally-managed install_data
[20.067s] Level 1:colcon.colcon_core.environment:checking '/home/kwasi/soft_robotics_ws/install/soft_robot_control' for CMake module files
[20.074s] Level 1:colcon.colcon_core.environment:checking '/home/kwasi/soft_robotics_ws/install/soft_robot_control' for CMake config files
[20.077s] Level 1:colcon.colcon_core.shell:create_environment_hook('soft_robot_control', 'cmake_prefix_path')
[20.079s] INFO:colcon.colcon_core.shell:Creating environment hook '/home/kwasi/soft_robotics_ws/install/soft_robot_control/share/soft_robot_control/hook/cmake_prefix_path.ps1'
[20.083s] INFO:colcon.colcon_core.shell:Creating environment descriptor '/home/kwasi/soft_robotics_ws/install/soft_robot_control/share/soft_robot_control/hook/cmake_prefix_path.dsv'
[20.087s] INFO:colcon.colcon_core.shell:Creating environment hook '/home/kwasi/soft_robotics_ws/install/soft_robot_control/share/soft_robot_control/hook/cmake_prefix_path.sh'
[20.102s] Level 1:colcon.colcon_core.environment:checking '/home/kwasi/soft_robotics_ws/install/soft_robot_control/lib'
[20.104s] Level 1:colcon.colcon_core.environment:checking '/home/kwasi/soft_robotics_ws/install/soft_robot_control/bin'
[20.105s] Level 1:colcon.colcon_core.environment:checking '/home/kwasi/soft_robotics_ws/install/soft_robot_control/lib/pkgconfig/soft_robot_control.pc'
[20.109s] Level 1:colcon.colcon_core.environment:checking '/home/kwasi/soft_robotics_ws/install/soft_robot_control/lib/python3.10/site-packages'
[20.109s] Level 1:colcon.colcon_core.shell:create_environment_hook('soft_robot_control', 'pythonpath')
[20.111s] INFO:colcon.colcon_core.shell:Creating environment hook '/home/kwasi/soft_robotics_ws/install/soft_robot_control/share/soft_robot_control/hook/pythonpath.ps1'
[20.115s] INFO:colcon.colcon_core.shell:Creating environment descriptor '/home/kwasi/soft_robotics_ws/install/soft_robot_control/share/soft_robot_control/hook/pythonpath.dsv'
[20.119s] INFO:colcon.colcon_core.shell:Creating environment hook '/home/kwasi/soft_robotics_ws/install/soft_robot_control/share/soft_robot_control/hook/pythonpath.sh'
[20.124s] Level 1:colcon.colcon_core.environment:checking '/home/kwasi/soft_robotics_ws/install/soft_robot_control/bin'
[20.125s] Level 1:colcon.colcon_core.environment:create_environment_scripts_only(soft_robot_control)
[20.129s] INFO:colcon.colcon_core.shell:Creating package script '/home/kwasi/soft_robotics_ws/install/soft_robot_control/share/soft_robot_control/package.ps1'
[20.137s] INFO:colcon.colcon_core.shell:Creating package descriptor '/home/kwasi/soft_robotics_ws/install/soft_robot_control/share/soft_robot_control/package.dsv'
[20.143s] INFO:colcon.colcon_core.shell:Creating package script '/home/kwasi/soft_robotics_ws/install/soft_robot_control/share/soft_robot_control/package.sh'
[20.151s] INFO:colcon.colcon_core.shell:Creating package script '/home/kwasi/soft_robotics_ws/install/soft_robot_control/share/soft_robot_control/package.bash'
[20.158s] INFO:colcon.colcon_core.shell:Creating package script '/home/kwasi/soft_robotics_ws/install/soft_robot_control/share/soft_robot_control/package.zsh'
[20.165s] Level 1:colcon.colcon_core.environment:create_file_with_runtime_dependencies(/home/kwasi/soft_robotics_ws/install/soft_robot_control/share/colcon-core/packages/soft_robot_control)
[20.172s] DEBUG:colcon.colcon_parallel_executor.executor.parallel:closing loop
[20.173s] DEBUG:colcon.colcon_parallel_executor.executor.parallel:loop closed
[20.173s] DEBUG:colcon.colcon_parallel_executor.executor.parallel:run_until_complete finished with '0'
[20.174s] DEBUG:colcon.colcon_core.event_reactor:joining thread
[20.267s] INFO:colcon.colcon_core.plugin_system:Skipping extension 'colcon_notification.desktop_notification.terminal_notifier': Not used on non-Darwin systems
[20.268s] INFO:colcon.colcon_core.plugin_system:Skipping extension 'colcon_notification.desktop_notification.win32': Not used on non-Windows systems
[20.268s] INFO:colcon.colcon_notification.desktop_notification:Sending desktop notification using 'notify2'
[20.368s] DEBUG:colcon.colcon_core.event_reactor:joined thread
[20.371s] INFO:colcon.colcon_core.shell:Creating prefix script '/home/kwasi/soft_robotics_ws/install/local_setup.ps1'
[20.388s] INFO:colcon.colcon_core.shell:Creating prefix util module '/home/kwasi/soft_robotics_ws/install/_local_setup_util_ps1.py'
[20.409s] INFO:colcon.colcon_core.shell:Creating prefix chain script '/home/kwasi/soft_robotics_ws/install/setup.ps1'
[20.425s] INFO:colcon.colcon_core.shell:Creating prefix script '/home/kwasi/soft_robotics_ws/install/local_setup.sh'
[20.436s] INFO:colcon.colcon_core.shell:Creating prefix util module '/home/kwasi/soft_robotics_ws/install/_local_setup_util_sh.py'
[20.440s] INFO:colcon.colcon_core.shell:Creating prefix chain script '/home/kwasi/soft_robotics_ws/install/setup.sh'
[20.452s] INFO:colcon.colcon_core.shell:Creating prefix script '/home/kwasi/soft_robotics_ws/install/local_setup.bash'
[20.458s] INFO:colcon.colcon_core.shell:Creating prefix chain script '/home/kwasi/soft_robotics_ws/install/setup.bash'
[20.468s] INFO:colcon.colcon_core.shell:Creating prefix script '/home/kwasi/soft_robotics_ws/install/local_setup.zsh'
[20.474s] INFO:colcon.colcon_core.shell:Creating prefix chain script '/home/kwasi/soft_robotics_ws/install/setup.zsh'
