[1.850s] DEBUG:colcon:Command line arguments: ['/usr/bin/colcon', 'build']
[1.850s] DEBUG:colcon:Parsed command line arguments: Namespace(log_base=None, log_level=None, verb_name='build', build_base='build', install_base='install', merge_install=False, symlink_install=False, test_result_base=None, continue_on_error=False, executor='parallel', parallel_workers=2, event_handlers=None, ignore_user_meta=False, metas=['./colcon.meta'], base_paths=['.'], packages_ignore=None, packages_ignore_regex=None, paths=None, packages_up_to=None, packages_up_to_regex=None, packages_above=None, packages_above_and_dependencies=None, packages_above_depth=None, packages_select_by_dep=None, packages_skip_by_dep=None, packages_skip_up_to=None, packages_select_build_failed=False, packages_skip_build_finished=False, packages_select_test_failures=False, packages_skip_test_passed=False, packages_select=None, packages_skip=None, packages_select_regex=None, packages_skip_regex=None, packages_start=None, packages_end=None, allow_overriding=[], cmake_args=None, cmake_target=None, cmake_target_skip_unavailable=False, cmake_clean_cache=False, cmake_clean_first=False, cmake_force_configure=False, ament_cmake_args=None, catkin_cmake_args=None, catkin_skip_building_tests=False, mixin_files=None, mixin=None, verb_parser=<colcon_mixin.mixin.mixin_argument.MixinArgumentDecorator object at 0x711f8b373fd0>, verb_extension=<colcon_core.verb.build.BuildVerb object at 0x711f8b3715d0>, main=<bound method BuildVerb.main of <colcon_core.verb.build.BuildVerb object at 0x711f8b3715d0>>, mixin_verb=('build',))
[3.954s] Level 1:colcon.colcon_core.package_discovery:discover_packages(colcon_meta) check parameters
[3.955s] Level 1:colcon.colcon_core.package_discovery:discover_packages(recursive) check parameters
[3.955s] Level 1:colcon.colcon_core.package_discovery:discover_packages(ignore) check parameters
[3.955s] Level 1:colcon.colcon_core.package_discovery:discover_packages(path) check parameters
[3.956s] Level 1:colcon.colcon_core.package_discovery:discover_packages(colcon_meta) discover
[3.956s] Level 1:colcon.colcon_core.package_discovery:discover_packages(recursive) discover
[3.957s] INFO:colcon.colcon_core.package_discovery:Crawling recursively for packages in '/home/kwasi/soft_robotics_ws'
[3.957s] Level 1:colcon.colcon_core.package_identification:_identify(.) by extensions ['ignore', 'ignore_ament_install']
[3.958s] Level 1:colcon.colcon_core.package_identification:_identify(.) by extension 'ignore'
[3.959s] Level 1:colcon.colcon_core.package_identification:_identify(.) by extension 'ignore_ament_install'
[3.959s] Level 1:colcon.colcon_core.package_identification:_identify(.) by extensions ['colcon_pkg']
[3.960s] Level 1:colcon.colcon_core.package_identification:_identify(.) by extension 'colcon_pkg'
[3.960s] Level 1:colcon.colcon_core.package_identification:_identify(.) by extensions ['colcon_meta']
[3.961s] Level 1:colcon.colcon_core.package_identification:_identify(.) by extension 'colcon_meta'
[3.961s] Level 1:colcon.colcon_core.package_identification:_identify(.) by extensions ['ros']
[3.961s] Level 1:colcon.colcon_core.package_identification:_identify(.) by extension 'ros'
[4.155s] Level 1:colcon.colcon_core.package_identification:_identify(.) by extensions ['cmake', 'python']
[4.155s] Level 1:colcon.colcon_core.package_identification:_identify(.) by extension 'cmake'
[4.156s] Level 1:colcon.colcon_core.package_identification:_identify(.) by extension 'python'
[4.156s] Level 1:colcon.colcon_core.package_identification:_identify(.) by extensions ['python_setup_py']
[4.156s] Level 1:colcon.colcon_core.package_identification:_identify(.) by extension 'python_setup_py'
[4.157s] Level 1:colcon.colcon_core.package_identification:_identify(build) by extensions ['ignore', 'ignore_ament_install']
[4.158s] Level 1:colcon.colcon_core.package_identification:_identify(build) by extension 'ignore'
[4.158s] Level 1:colcon.colcon_core.package_identification:_identify(build) ignored
[4.159s] Level 1:colcon.colcon_core.package_identification:_identify(install) by extensions ['ignore', 'ignore_ament_install']
[4.160s] Level 1:colcon.colcon_core.package_identification:_identify(install) by extension 'ignore'
[4.160s] Level 1:colcon.colcon_core.package_identification:_identify(install) ignored
[4.161s] Level 1:colcon.colcon_core.package_identification:_identify(log) by extensions ['ignore', 'ignore_ament_install']
[4.162s] Level 1:colcon.colcon_core.package_identification:_identify(log) by extension 'ignore'
[4.162s] Level 1:colcon.colcon_core.package_identification:_identify(log) ignored
[4.163s] Level 1:colcon.colcon_core.package_identification:_identify(src) by extensions ['ignore', 'ignore_ament_install']
[4.164s] Level 1:colcon.colcon_core.package_identification:_identify(src) by extension 'ignore'
[4.164s] Level 1:colcon.colcon_core.package_identification:_identify(src) by extension 'ignore_ament_install'
[4.165s] Level 1:colcon.colcon_core.package_identification:_identify(src) by extensions ['colcon_pkg']
[4.165s] Level 1:colcon.colcon_core.package_identification:_identify(src) by extension 'colcon_pkg'
[4.165s] Level 1:colcon.colcon_core.package_identification:_identify(src) by extensions ['colcon_meta']
[4.166s] Level 1:colcon.colcon_core.package_identification:_identify(src) by extension 'colcon_meta'
[4.166s] Level 1:colcon.colcon_core.package_identification:_identify(src) by extensions ['ros']
[4.166s] Level 1:colcon.colcon_core.package_identification:_identify(src) by extension 'ros'
[4.167s] Level 1:colcon.colcon_core.package_identification:_identify(src) by extensions ['cmake', 'python']
[4.167s] Level 1:colcon.colcon_core.package_identification:_identify(src) by extension 'cmake'
[4.168s] Level 1:colcon.colcon_core.package_identification:_identify(src) by extension 'python'
[4.168s] Level 1:colcon.colcon_core.package_identification:_identify(src) by extensions ['python_setup_py']
[4.168s] Level 1:colcon.colcon_core.package_identification:_identify(src) by extension 'python_setup_py'
[4.169s] Level 1:colcon.colcon_core.package_identification:_identify(src/soft_robot_control) by extensions ['ignore', 'ignore_ament_install']
[4.170s] Level 1:colcon.colcon_core.package_identification:_identify(src/soft_robot_control) by extension 'ignore'
[4.170s] Level 1:colcon.colcon_core.package_identification:_identify(src/soft_robot_control) by extension 'ignore_ament_install'
[4.171s] Level 1:colcon.colcon_core.package_identification:_identify(src/soft_robot_control) by extensions ['colcon_pkg']
[4.171s] Level 1:colcon.colcon_core.package_identification:_identify(src/soft_robot_control) by extension 'colcon_pkg'
[4.171s] Level 1:colcon.colcon_core.package_identification:_identify(src/soft_robot_control) by extensions ['colcon_meta']
[4.172s] Level 1:colcon.colcon_core.package_identification:_identify(src/soft_robot_control) by extension 'colcon_meta'
[4.172s] Level 1:colcon.colcon_core.package_identification:_identify(src/soft_robot_control) by extensions ['ros']
[4.172s] Level 1:colcon.colcon_core.package_identification:_identify(src/soft_robot_control) by extension 'ros'
[4.283s] DEBUG:colcon.colcon_core.package_identification:Package 'src/soft_robot_control' with type 'ros.ament_python' and name 'soft_robot_control'
[4.283s] Level 1:colcon.colcon_core.package_discovery:discover_packages(recursive) using defaults
[4.284s] Level 1:colcon.colcon_core.package_discovery:discover_packages(ignore) discover
[4.284s] Level 1:colcon.colcon_core.package_discovery:discover_packages(ignore) using defaults
[4.284s] Level 1:colcon.colcon_core.package_discovery:discover_packages(path) discover
[4.285s] Level 1:colcon.colcon_core.package_discovery:discover_packages(path) using defaults
[4.762s] Level 1:colcon.colcon_core.package_discovery:discover_packages(prefix_path) check parameters
[4.762s] Level 1:colcon.colcon_core.package_discovery:discover_packages(prefix_path) discover
[4.792s] DEBUG:colcon.colcon_installed_package_information.package_discovery:Found 1 installed packages in /home/kwasi/soft_robotics_ws/install
[4.796s] DEBUG:colcon.colcon_installed_package_information.package_discovery:Found 1 installed packages in /home/kwasi/mower_sim_ws/install
[4.800s] DEBUG:colcon.colcon_installed_package_information.package_discovery:Found 1 installed packages in /home/kwasi/depth_camera_ws/install
[4.814s] DEBUG:colcon.colcon_installed_package_information.package_discovery:Found 334 installed packages in /opt/ros/humble
[4.833s] Level 1:colcon.colcon_core.package_discovery:discover_packages(prefix_path) using defaults
[5.331s] Level 5:colcon.colcon_core.verb:set package 'soft_robot_control' build argument 'cmake_args' from command line to 'None'
[5.332s] Level 5:colcon.colcon_core.verb:set package 'soft_robot_control' build argument 'cmake_target' from command line to 'None'
[5.332s] Level 5:colcon.colcon_core.verb:set package 'soft_robot_control' build argument 'cmake_target_skip_unavailable' from command line to 'False'
[5.333s] Level 5:colcon.colcon_core.verb:set package 'soft_robot_control' build argument 'cmake_clean_cache' from command line to 'False'
[5.333s] Level 5:colcon.colcon_core.verb:set package 'soft_robot_control' build argument 'cmake_clean_first' from command line to 'False'
[5.333s] Level 5:colcon.colcon_core.verb:set package 'soft_robot_control' build argument 'cmake_force_configure' from command line to 'False'
[5.333s] Level 5:colcon.colcon_core.verb:set package 'soft_robot_control' build argument 'ament_cmake_args' from command line to 'None'
[5.334s] Level 5:colcon.colcon_core.verb:set package 'soft_robot_control' build argument 'catkin_cmake_args' from command line to 'None'
[5.334s] Level 5:colcon.colcon_core.verb:set package 'soft_robot_control' build argument 'catkin_skip_building_tests' from command line to 'False'
[5.334s] DEBUG:colcon.colcon_core.verb:Building package 'soft_robot_control' with the following arguments: {'ament_cmake_args': None, 'build_base': '/home/kwasi/soft_robotics_ws/build/soft_robot_control', 'catkin_cmake_args': None, 'catkin_skip_building_tests': False, 'cmake_args': None, 'cmake_clean_cache': False, 'cmake_clean_first': False, 'cmake_force_configure': False, 'cmake_target': None, 'cmake_target_skip_unavailable': False, 'install_base': '/home/kwasi/soft_robotics_ws/install/soft_robot_control', 'merge_install': False, 'path': '/home/kwasi/soft_robotics_ws/src/soft_robot_control', 'symlink_install': False, 'test_result_base': None}
[5.336s] INFO:colcon.colcon_core.executor:Executing jobs using 'parallel' executor
[5.343s] DEBUG:colcon.colcon_parallel_executor.executor.parallel:run_until_complete
[5.344s] INFO:colcon.colcon_ros.task.ament_python.build:Building ROS package in '/home/kwasi/soft_robotics_ws/src/soft_robot_control' with build type 'ament_python'
[5.346s] Level 1:colcon.colcon_core.shell:create_environment_hook('soft_robot_control', 'ament_prefix_path')
[5.392s] INFO:colcon.colcon_core.plugin_system:Skipping extension 'colcon_core.shell.bat': Not used on non-Windows systems
[5.393s] INFO:colcon.colcon_core.shell:Creating environment hook '/home/kwasi/soft_robotics_ws/install/soft_robot_control/share/soft_robot_control/hook/ament_prefix_path.ps1'
[5.398s] INFO:colcon.colcon_core.shell:Creating environment descriptor '/home/kwasi/soft_robotics_ws/install/soft_robot_control/share/soft_robot_control/hook/ament_prefix_path.dsv'
[5.402s] INFO:colcon.colcon_core.shell:Creating environment hook '/home/kwasi/soft_robotics_ws/install/soft_robot_control/share/soft_robot_control/hook/ament_prefix_path.sh'
[5.409s] INFO:colcon.colcon_core.shell:Skip shell extension 'powershell' for command environment: Not usable outside of PowerShell
[5.410s] DEBUG:colcon.colcon_core.shell:Skip shell extension 'dsv' for command environment
[8.545s] INFO:colcon.colcon_core.task.python.build:Building Python package in '/home/kwasi/soft_robotics_ws/src/soft_robot_control'
[8.548s] INFO:colcon.colcon_core.shell:Skip shell extension 'powershell' for command environment: Not usable outside of PowerShell
[8.548s] DEBUG:colcon.colcon_core.shell:Skip shell extension 'dsv' for command environment
[12.970s] DEBUG:colcon.colcon_core.event_handler.log_command:Invoking command in '/home/kwasi/soft_robotics_ws/src/soft_robot_control': PYTHONPATH=/home/kwasi/soft_robotics_ws/build/soft_robot_control/prefix_override:/usr/lib/python3/dist-packages/colcon_core/task/python/colcon_distutils_commands:/home/kwasi/soft_robotics_ws/install/soft_robot_control/lib/python3.10/site-packages:${PYTHONPATH} /usr/bin/python3 -W ignore:setup.py install is deprecated setup.py egg_info --egg-base ../../build/soft_robot_control build --build-base /home/kwasi/soft_robotics_ws/build/soft_robot_control/build install --record /home/kwasi/soft_robotics_ws/build/soft_robot_control/install.log --single-version-externally-managed install_data
[16.639s] DEBUG:colcon.colcon_core.event_handler.log_command:Invoked command in '/home/kwasi/soft_robotics_ws/src/soft_robot_control' returned '0': PYTHONPATH=/home/kwasi/soft_robotics_ws/build/soft_robot_control/prefix_override:/usr/lib/python3/dist-packages/colcon_core/task/python/colcon_distutils_commands:/home/kwasi/soft_robotics_ws/install/soft_robot_control/lib/python3.10/site-packages:${PYTHONPATH} /usr/bin/python3 -W ignore:setup.py install is deprecated setup.py egg_info --egg-base ../../build/soft_robot_control build --build-base /home/kwasi/soft_robotics_ws/build/soft_robot_control/build install --record /home/kwasi/soft_robotics_ws/build/soft_robot_control/install.log --single-version-externally-managed install_data
[16.680s] Level 1:colcon.colcon_core.environment:checking '/home/kwasi/soft_robotics_ws/install/soft_robot_control' for CMake module files
[16.685s] Level 1:colcon.colcon_core.environment:checking '/home/kwasi/soft_robotics_ws/install/soft_robot_control' for CMake config files
[16.687s] Level 1:colcon.colcon_core.shell:create_environment_hook('soft_robot_control', 'cmake_prefix_path')
[16.690s] INFO:colcon.colcon_core.shell:Creating environment hook '/home/kwasi/soft_robotics_ws/install/soft_robot_control/share/soft_robot_control/hook/cmake_prefix_path.ps1'
[16.693s] INFO:colcon.colcon_core.shell:Creating environment descriptor '/home/kwasi/soft_robotics_ws/install/soft_robot_control/share/soft_robot_control/hook/cmake_prefix_path.dsv'
[16.696s] INFO:colcon.colcon_core.shell:Creating environment hook '/home/kwasi/soft_robotics_ws/install/soft_robot_control/share/soft_robot_control/hook/cmake_prefix_path.sh'
[16.702s] Level 1:colcon.colcon_core.environment:checking '/home/kwasi/soft_robotics_ws/install/soft_robot_control/lib'
[16.703s] Level 1:colcon.colcon_core.environment:checking '/home/kwasi/soft_robotics_ws/install/soft_robot_control/bin'
[16.704s] Level 1:colcon.colcon_core.environment:checking '/home/kwasi/soft_robotics_ws/install/soft_robot_control/lib/pkgconfig/soft_robot_control.pc'
[16.706s] Level 1:colcon.colcon_core.environment:checking '/home/kwasi/soft_robotics_ws/install/soft_robot_control/lib/python3.10/site-packages'
[16.707s] Level 1:colcon.colcon_core.shell:create_environment_hook('soft_robot_control', 'pythonpath')
[16.709s] INFO:colcon.colcon_core.shell:Creating environment hook '/home/kwasi/soft_robotics_ws/install/soft_robot_control/share/soft_robot_control/hook/pythonpath.ps1'
[16.712s] INFO:colcon.colcon_core.shell:Creating environment descriptor '/home/kwasi/soft_robotics_ws/install/soft_robot_control/share/soft_robot_control/hook/pythonpath.dsv'
[16.715s] INFO:colcon.colcon_core.shell:Creating environment hook '/home/kwasi/soft_robotics_ws/install/soft_robot_control/share/soft_robot_control/hook/pythonpath.sh'
[16.720s] Level 1:colcon.colcon_core.environment:checking '/home/kwasi/soft_robotics_ws/install/soft_robot_control/bin'
[16.721s] Level 1:colcon.colcon_core.environment:create_environment_scripts_only(soft_robot_control)
[16.724s] INFO:colcon.colcon_core.shell:Creating package script '/home/kwasi/soft_robotics_ws/install/soft_robot_control/share/soft_robot_control/package.ps1'
[16.734s] INFO:colcon.colcon_core.shell:Creating package descriptor '/home/kwasi/soft_robotics_ws/install/soft_robot_control/share/soft_robot_control/package.dsv'
[16.739s] INFO:colcon.colcon_core.shell:Creating package script '/home/kwasi/soft_robotics_ws/install/soft_robot_control/share/soft_robot_control/package.sh'
[16.747s] INFO:colcon.colcon_core.shell:Creating package script '/home/kwasi/soft_robotics_ws/install/soft_robot_control/share/soft_robot_control/package.bash'
[16.754s] INFO:colcon.colcon_core.shell:Creating package script '/home/kwasi/soft_robotics_ws/install/soft_robot_control/share/soft_robot_control/package.zsh'
[16.759s] Level 1:colcon.colcon_core.environment:create_file_with_runtime_dependencies(/home/kwasi/soft_robotics_ws/install/soft_robot_control/share/colcon-core/packages/soft_robot_control)
[16.762s] DEBUG:colcon.colcon_parallel_executor.executor.parallel:closing loop
[16.763s] DEBUG:colcon.colcon_parallel_executor.executor.parallel:loop closed
[16.764s] DEBUG:colcon.colcon_parallel_executor.executor.parallel:run_until_complete finished with '0'
[16.765s] DEBUG:colcon.colcon_core.event_reactor:joining thread
[16.826s] INFO:colcon.colcon_core.plugin_system:Skipping extension 'colcon_notification.desktop_notification.terminal_notifier': Not used on non-Darwin systems
[16.827s] INFO:colcon.colcon_core.plugin_system:Skipping extension 'colcon_notification.desktop_notification.win32': Not used on non-Windows systems
[16.827s] INFO:colcon.colcon_notification.desktop_notification:Sending desktop notification using 'notify2'
[16.930s] DEBUG:colcon.colcon_core.event_reactor:joined thread
[16.933s] INFO:colcon.colcon_core.shell:Creating prefix script '/home/kwasi/soft_robotics_ws/install/local_setup.ps1'
[16.943s] INFO:colcon.colcon_core.shell:Creating prefix util module '/home/kwasi/soft_robotics_ws/install/_local_setup_util_ps1.py'
[16.956s] INFO:colcon.colcon_core.shell:Creating prefix chain script '/home/kwasi/soft_robotics_ws/install/setup.ps1'
[16.966s] INFO:colcon.colcon_core.shell:Creating prefix script '/home/kwasi/soft_robotics_ws/install/local_setup.sh'
[16.971s] INFO:colcon.colcon_core.shell:Creating prefix util module '/home/kwasi/soft_robotics_ws/install/_local_setup_util_sh.py'
[16.976s] INFO:colcon.colcon_core.shell:Creating prefix chain script '/home/kwasi/soft_robotics_ws/install/setup.sh'
[16.987s] INFO:colcon.colcon_core.shell:Creating prefix script '/home/kwasi/soft_robotics_ws/install/local_setup.bash'
[16.991s] INFO:colcon.colcon_core.shell:Creating prefix chain script '/home/kwasi/soft_robotics_ws/install/setup.bash'
[17.001s] INFO:colcon.colcon_core.shell:Creating prefix script '/home/kwasi/soft_robotics_ws/install/local_setup.zsh'
[17.006s] INFO:colcon.colcon_core.shell:Creating prefix chain script '/home/kwasi/soft_robotics_ws/install/setup.zsh'
