[0.125s] Invoking command in '/home/kwasi/soft_robotics_ws/build/soft_robot_control': CMAKE_PREFIX_PATH=${CMAKE_PREFIX_PATH}:/home/kwasi/mower_sim_ws/install/mower_sim:/home/kwasi/depth_camera_ws/install/depth_camera:/opt/ros/humble /usr/bin/cmake --build /home/kwasi/soft_robotics_ws/build/soft_robot_control -- -j2 -l2
[0.326s] -- Found ament_cmake: 1.3.10 (/opt/ros/humble/share/ament_cmake/cmake)
[2.840s] -- Found rclcpp: 16.0.10 (/opt/ros/humble/share/rclcpp/cmake)
[3.296s] -- Found rosidl_generator_c: 3.1.5 (/opt/ros/humble/share/rosidl_generator_c/cmake)
[3.351s] -- Found rosidl_adapter: 3.1.5 (/opt/ros/humble/share/rosidl_adapter/cmake)
[3.440s] -- Found rosidl_generator_cpp: 3.1.5 (/opt/ros/humble/share/rosidl_generator_cpp/cmake)
[3.595s] -- Using all available rosidl_typesupport_c: rosidl_typesupport_fastrtps_c;rosidl_typesupport_introspection_c
[3.771s] -- Using all available rosidl_typesupport_cpp: rosidl_typesupport_fastrtps_cpp;rosidl_typesupport_introspection_cpp
[4.259s] -- Found rmw_implementation_cmake: 6.1.2 (/opt/ros/humble/share/rmw_implementation_cmake/cmake)
[4.287s] -- Found rmw_fastrtps_cpp: 6.2.7 (/opt/ros/humble/share/rmw_fastrtps_cpp/cmake)
[5.010s] -- Found OpenSSL: /usr/lib/x86_64-linux-gnu/libcrypto.so (found version "3.0.2")  
[5.228s] -- Found FastRTPS: /opt/ros/humble/include  
[5.523s] -- Using RMW implementation 'rmw_fastrtps_cpp' as default
[5.620s] -- Looking for pthread.h
[6.325s] -- Looking for pthread.h - found
[6.328s] -- Performing Test CMAKE_HAVE_LIBC_PTHREAD
[7.020s] -- Performing Test CMAKE_HAVE_LIBC_PTHREAD - Success
[7.029s] -- Found Threads: TRUE  
[9.033s] -- Configuring done
[9.047s] [31mCMake Error at CMakeLists.txt:13 (add_executable):
[9.048s]   Cannot find source file:
[9.048s] 
[9.049s]     src/force_sensor_data_reader.cpp
[9.050s] 
[9.050s]   Tried extensions .c .C .c++ .cc .cpp .cxx .cu .mpp .m .M .mm .ixx .cppm .h
[9.051s]   .hh .h++ .hm .hpp .hxx .in .txx .f .F .for .f77 .f90 .f95 .f03 .hip .ispc
[9.051s] 
[9.052s] [0m
[9.055s] [31mCMake Error at CMakeLists.txt:13 (add_executable):
[9.056s]   No SOURCES given to target: force_sensor_data_reader
[9.057s] 
[9.057s] [0m
[9.058s] [0mCMake Generate step failed.  Build files cannot be regenerated correctly.[0m
[9.105s] gmake: *** [Makefile:226: cmake_check_build_system] Error 1
[9.117s] Invoked command in '/home/kwasi/soft_robotics_ws/build/soft_robot_control' returned '2': CMAKE_PREFIX_PATH=${CMAKE_PREFIX_PATH}:/home/kwasi/mower_sim_ws/install/mower_sim:/home/kwasi/depth_camera_ws/install/depth_camera:/opt/ros/humble /usr/bin/cmake --build /home/kwasi/soft_robotics_ws/build/soft_robot_control -- -j2 -l2
